#
# There is insufficient memory for the Java Runtime Environment to continue.
# Native memory allocation (malloc) failed to allocate 118992 bytes for Chunk::new
# Possible reasons:
#   The system is out of physical RAM or swap space
#   The process is running with CompressedOops enabled, and the Java Heap may be blocking the growth of the native heap
# Possible solutions:
#   Reduce memory load on the system
#   Increase physical memory or swap space
#   Check if swap backing store is full
#   Decrease Java heap size (-Xmx/-Xms)
#   Decrease number of Java threads
#   Decrease Java thread stack sizes (-Xss)
#   Set larger code cache with -XX:ReservedCodeCacheSize=
#   JVM is running with Unscaled Compressed Oops mode in which the Java heap is
#     placed in the first 4GB address space. The Java Heap base address is the
#     maximum limit for the native heap growth. Please use -XX:HeapBaseMinAddress
#     to set the Java Heap base and to place the Java Heap above 4GB virtual address.
# This output file may be truncated or incomplete.
#
#  Out of Memory Error (allocation.cpp:389), pid=33144, tid=0x0000000000006b68
#
# JRE version: Java(TM) SE Runtime Environment (8.0_251-b08) (build 1.8.0_251-b08)
# Java VM: Java HotSpot(TM) 64-Bit Server VM (25.251-b08 mixed mode windows-amd64 compressed oops)
# Failed to write core dump. Minidumps are not enabled by default on client versions of Windows
#

---------------  T H R E A D  ---------------

Current thread (0x00000000150d8800):  JavaThread "C2 CompilerThread1" daemon [_thread_in_native, id=27496, stack(0x0000000016840000,0x0000000016940000)]

Stack: [0x0000000016840000,0x0000000016940000]
[error occurred during error reporting (printing stack bounds), id 0xc0000005]

Native frames: (J=compiled Java code, j=interpreted, Vv=VM code, C=native code)


Current CompileTask:
C2:  10982 1713       4       java.io.DataOutputStream::writeShort (35 bytes)


---------------  P R O C E S S  ---------------

Java Threads: ( => current thread )
  0x0000000017783800 JavaThread "Okio Watchdog" daemon [_thread_blocked, id=35644, stack(0x0000000018b90000,0x0000000018c90000)]
  0x000000001778c800 JavaThread "OkHttp ConnectionPool" daemon [_thread_blocked, id=32304, stack(0x0000000018a90000,0x0000000018b90000)]
  0x00000000176f3800 JavaThread "Exec Stream Pumper" daemon [_thread_in_native, id=37560, stack(0x0000000018790000,0x0000000018890000)]
  0x00000000175b5000 JavaThread "Exec Stream Pumper" daemon [_thread_in_native, id=27380, stack(0x0000000018690000,0x0000000018790000)]
  0x00000000175b4000 JavaThread "UrlChecker-2" daemon [_thread_blocked, id=34712, stack(0x0000000018590000,0x0000000018690000)]
  0x0000000017701000 JavaThread "Exec Default Executor" daemon [_thread_in_native, id=18476, stack(0x0000000018480000,0x0000000018580000)]
  0x0000000016d78800 JavaThread "ReaderThread" [_thread_in_native, id=32656, stack(0x0000000017c80000,0x0000000017d80000)]
  0x0000000016a64800 JavaThread "Service Thread" daemon [_thread_blocked, id=37260, stack(0x0000000016e40000,0x0000000016f40000)]
  0x00000000150df000 JavaThread "C1 CompilerThread2" daemon [_thread_blocked, id=27136, stack(0x0000000016940000,0x0000000016a40000)]
=>0x00000000150d8800 JavaThread "C2 CompilerThread1" daemon [_thread_in_native, id=27496, stack(0x0000000016840000,0x0000000016940000)]
  0x00000000150d1000 JavaThread "C2 CompilerThread0" daemon [_thread_in_native, id=38500, stack(0x0000000016740000,0x0000000016840000)]
  0x00000000150cd000 JavaThread "Attach Listener" daemon [_thread_blocked, id=32108, stack(0x0000000016640000,0x0000000016740000)]
  0x00000000150cb800 JavaThread "Signal Dispatcher" daemon [_thread_blocked, id=2872, stack(0x0000000016540000,0x0000000016640000)]
  0x00000000150ba800 JavaThread "Finalizer" daemon [_thread_blocked, id=38568, stack(0x0000000016330000,0x0000000016430000)]
  0x0000000002aa1800 JavaThread "Reference Handler" daemon [_thread_blocked, id=36600, stack(0x0000000016230000,0x0000000016330000)]
  0x00000000029b2800 JavaThread "main" [_thread_in_vm, id=35096, stack(0x00000000010c0000,0x00000000011c0000)]

Other Threads:
  0x0000000015098800 VMThread [stack: 0x0000000016130000,0x0000000016230000] [id=32936]
  0x0000000016a86800 WatcherThread [stack: 0x0000000016f40000,0x0000000017040000] [id=21776]

VM state:not at safepoint (normal execution)

VM Mutex/Monitor currently owned by a thread: None

heap address: 0x00000000c1600000, size: 1002 MB, Compressed Oops mode: 32-bit
Narrow klass base: 0x0000000000000000, Narrow klass shift: 3
Compressed class space size: 1073741824 Address: 0x0000000100000000

Heap:
 PSYoungGen      total 18944K, used 15891K [0x00000000eb200000, 0x00000000ec700000, 0x0000000100000000)
  eden space 16384K, 81% used [0x00000000eb200000,0x00000000ebf0c9b8,0x00000000ec200000)
  from space 2560K, 98% used [0x00000000ec200000,0x00000000ec478250,0x00000000ec480000)
  to   space 2560K, 0% used [0x00000000ec480000,0x00000000ec480000,0x00000000ec700000)
 ParOldGen       total 44032K, used 6822K [0x00000000c1600000, 0x00000000c4100000, 0x00000000eb200000)
  object space 44032K, 15% used [0x00000000c1600000,0x00000000c1ca99f8,0x00000000c4100000)
 Metaspace       used 18250K, capacity 18960K, committed 19072K, reserved 1067008K
  class space    used 2275K, capacity 2430K, committed 2432K, reserved 1048576K

Card table byte_map: [0x0000000011e70000,0x0000000012070000] byte_map_base: 0x0000000011865000

Marking Bits: (ParMarkBitMap*) 0x000000007252af90
 Begin Bits: [0x00000000125c0000, 0x0000000013568000)
 End Bits:   [0x0000000013568000, 0x0000000014510000)

Polling page: 0x0000000000ca0000

CodeCache: size=245760Kb used=5792Kb max_used=5792Kb free=239967Kb
 bounds [0x0000000002ab0000, 0x0000000003060000, 0x0000000011ab0000]
 total_blobs=2183 nmethods=1730 adapters=365
 compilation: enabled

Compilation events (10 events):
Event: 10.962 Thread 0x00000000150df000 1714       3       java.io.DataOutputStream::writeInt (65 bytes)
Event: 10.962 Thread 0x00000000150df000 nmethod 1714 0x0000000003051690 code [0x0000000003051840, 0x0000000003051d98]
Event: 10.963 Thread 0x00000000150df000 1715       3       sun.reflect.DelegatingConstructorAccessorImpl::setDelegate (6 bytes)
Event: 10.963 Thread 0x00000000150df000 nmethod 1715 0x0000000003051350 code [0x00000000030514a0, 0x0000000003051610]
Event: 10.966 Thread 0x00000000150df000 1716       3       java.lang.reflect.AccessibleObject::setAccessible (21 bytes)
Event: 10.966 Thread 0x00000000150df000 nmethod 1716 0x0000000003053510 code [0x00000000030536a0, 0x00000000030539f8]
Event: 10.969 Thread 0x00000000150df000 1717       3       sun.reflect.ReflectionFactory::copyField (10 bytes)
Event: 10.970 Thread 0x00000000150df000 nmethod 1717 0x0000000003052dd0 code [0x0000000003052f60, 0x0000000003053348]
Event: 10.970 Thread 0x00000000150df000 1718       3       java.lang.reflect.ReflectAccess::copyField (5 bytes)
Event: 10.970 Thread 0x00000000150df000 nmethod 1718 0x0000000003050f10 code [0x0000000003051080, 0x0000000003051288]

GC Heap History (6 events):
Event: 1.738 GC heap before
{Heap before GC invocations=1 (full 0):
 PSYoungGen      total 18944K, used 16384K [0x00000000eb200000, 0x00000000ec700000, 0x0000000100000000)
  eden space 16384K, 100% used [0x00000000eb200000,0x00000000ec200000,0x00000000ec200000)
  from space 2560K, 0% used [0x00000000ec480000,0x00000000ec480000,0x00000000ec700000)
  to   space 2560K, 0% used [0x00000000ec200000,0x00000000ec200000,0x00000000ec480000)
 ParOldGen       total 44032K, used 0K [0x00000000c1600000, 0x00000000c4100000, 0x00000000eb200000)
  object space 44032K, 0% used [0x00000000c1600000,0x00000000c1600000,0x00000000c4100000)
 Metaspace       used 9050K, capacity 9312K, committed 9472K, reserved 1056768K
  class space    used 1047K, capacity 1160K, committed 1280K, reserved 1048576K
Event: 1.747 GC heap after
Heap after GC invocations=1 (full 0):
 PSYoungGen      total 18944K, used 2528K [0x00000000eb200000, 0x00000000ec700000, 0x0000000100000000)
  eden space 16384K, 0% used [0x00000000eb200000,0x00000000eb200000,0x00000000ec200000)
  from space 2560K, 98% used [0x00000000ec200000,0x00000000ec478010,0x00000000ec480000)
  to   space 2560K, 0% used [0x00000000ec480000,0x00000000ec480000,0x00000000ec700000)
 ParOldGen       total 44032K, used 836K [0x00000000c1600000, 0x00000000c4100000, 0x00000000eb200000)
  object space 44032K, 1% used [0x00000000c1600000,0x00000000c16d12a0,0x00000000c4100000)
 Metaspace       used 9050K, capacity 9312K, committed 9472K, reserved 1056768K
  class space    used 1047K, capacity 1160K, committed 1280K, reserved 1048576K
}
Event: 2.752 GC heap before
{Heap before GC invocations=2 (full 0):
 PSYoungGen      total 18944K, used 18912K [0x00000000eb200000, 0x00000000ec700000, 0x0000000100000000)
  eden space 16384K, 100% used [0x00000000eb200000,0x00000000ec200000,0x00000000ec200000)
  from space 2560K, 98% used [0x00000000ec200000,0x00000000ec478010,0x00000000ec480000)
  to   space 2560K, 0% used [0x00000000ec480000,0x00000000ec480000,0x00000000ec700000)
 ParOldGen       total 44032K, used 836K [0x00000000c1600000, 0x00000000c4100000, 0x00000000eb200000)
  object space 44032K, 1% used [0x00000000c1600000,0x00000000c16d12a0,0x00000000c4100000)
 Metaspace       used 12614K, capacity 12890K, committed 13056K, reserved 1060864K
  class space    used 1437K, capacity 1517K, committed 1536K, reserved 1048576K
Event: 2.765 GC heap after
Heap after GC invocations=2 (full 0):
 PSYoungGen      total 18944K, used 2529K [0x00000000eb200000, 0x00000000ec700000, 0x0000000100000000)
  eden space 16384K, 0% used [0x00000000eb200000,0x00000000eb200000,0x00000000ec200000)
  from space 2560K, 98% used [0x00000000ec480000,0x00000000ec6f8460,0x00000000ec700000)
  to   space 2560K, 0% used [0x00000000ec200000,0x00000000ec200000,0x00000000ec480000)
 ParOldGen       total 44032K, used 4087K [0x00000000c1600000, 0x00000000c4100000, 0x00000000eb200000)
  object space 44032K, 9% used [0x00000000c1600000,0x00000000c19fddf0,0x00000000c4100000)
 Metaspace       used 12614K, capacity 12890K, committed 13056K, reserved 1060864K
  class space    used 1437K, capacity 1517K, committed 1536K, reserved 1048576K
}
Event: 3.931 GC heap before
{Heap before GC invocations=3 (full 0):
 PSYoungGen      total 18944K, used 18913K [0x00000000eb200000, 0x00000000ec700000, 0x0000000100000000)
  eden space 16384K, 100% used [0x00000000eb200000,0x00000000ec200000,0x00000000ec200000)
  from space 2560K, 98% used [0x00000000ec480000,0x00000000ec6f8460,0x00000000ec700000)
  to   space 2560K, 0% used [0x00000000ec200000,0x00000000ec200000,0x00000000ec480000)
 ParOldGen       total 44032K, used 4087K [0x00000000c1600000, 0x00000000c4100000, 0x00000000eb200000)
  object space 44032K, 9% used [0x00000000c1600000,0x00000000c19fddf0,0x00000000c4100000)
 Metaspace       used 15941K, capacity 16428K, committed 16768K, reserved 1064960K
  class space    used 1928K, capacity 2050K, committed 2176K, reserved 1048576K
Event: 3.938 GC heap after
Heap after GC invocations=3 (full 0):
 PSYoungGen      total 18944K, used 2528K [0x00000000eb200000, 0x00000000ec700000, 0x0000000100000000)
  eden space 16384K, 0% used [0x00000000eb200000,0x00000000eb200000,0x00000000ec200000)
  from space 2560K, 98% used [0x00000000ec200000,0x00000000ec478250,0x00000000ec480000)
  to   space 2560K, 0% used [0x00000000ec480000,0x00000000ec480000,0x00000000ec700000)
 ParOldGen       total 44032K, used 6822K [0x00000000c1600000, 0x00000000c4100000, 0x00000000eb200000)
  object space 44032K, 15% used [0x00000000c1600000,0x00000000c1ca99f8,0x00000000c4100000)
 Metaspace       used 15941K, capacity 16428K, committed 16768K, reserved 1064960K
  class space    used 1928K, capacity 2050K, committed 2176K, reserved 1048576K
}

Deoptimization events (10 events):
Event: 4.042 Thread 0x00000000029b2800 Uncommon trap: reason=class_check action=maybe_recompile pc=0x0000000002dde3c4 method=java.util.regex.Matcher.search(I)Z @ 86
Event: 4.043 Thread 0x00000000029b2800 Uncommon trap: reason=class_check action=maybe_recompile pc=0x0000000002dde3c4 method=java.util.regex.Matcher.search(I)Z @ 86
Event: 4.043 Thread 0x00000000029b2800 Uncommon trap: reason=class_check action=maybe_recompile pc=0x0000000002cef924 method=java.util.regex.Pattern$Curly.match(Ljava/util/regex/Matcher;ILjava/lang/CharSequence;)Z @ 19
Event: 4.059 Thread 0x00000000029b2800 Uncommon trap: reason=class_check action=maybe_recompile pc=0x0000000002cef924 method=java.util.regex.Pattern$Curly.match(Ljava/util/regex/Matcher;ILjava/lang/CharSequence;)Z @ 19
Event: 4.059 Thread 0x00000000029b2800 Uncommon trap: reason=class_check action=maybe_recompile pc=0x0000000002cef924 method=java.util.regex.Pattern$Curly.match(Ljava/util/regex/Matcher;ILjava/lang/CharSequence;)Z @ 19
Event: 4.144 Thread 0x00000000029b2800 Uncommon trap: reason=unstable_if action=reinterpret pc=0x0000000002ed8568 method=java.util.regex.Pattern$BmpCharProperty.match(Ljava/util/regex/Matcher;ILjava/lang/CharSequence;)Z @ 34
Event: 8.243 Thread 0x00000000029b2800 Uncommon trap: reason=class_check action=maybe_recompile pc=0x0000000003026744 method=org.openqa.selenium.json.Input.init()V @ 18
Event: 8.243 Thread 0x00000000029b2800 Uncommon trap: reason=class_check action=maybe_recompile pc=0x0000000003026744 method=org.openqa.selenium.json.Input.init()V @ 18
Event: 8.243 Thread 0x00000000029b2800 Uncommon trap: reason=class_check action=maybe_recompile pc=0x0000000003026744 method=org.openqa.selenium.json.Input.init()V @ 18
Event: 8.243 Thread 0x00000000029b2800 Uncommon trap: reason=class_check action=maybe_recompile pc=0x0000000003026744 method=org.openqa.selenium.json.Input.init()V @ 18

Classes redefined (0 events):
No events

Internal exceptions (10 events):
Event: 2.848 Thread 0x00000000029b2800 Implicit null exception at 0x0000000002dea995 to 0x0000000002deab81
Event: 2.866 Thread 0x00000000029b2800 Exception <a 'java/lang/ArrayIndexOutOfBoundsException': 65> (0x00000000eb43bbf0) thrown at [C:\jenkins\workspace\8-2-build-windows-amd64-cygwin\jdk8u251\737\hotspot\src\share\vm\interpreter\interpreterRuntime.cpp, line 368]
Event: 2.868 Thread 0x00000000029b2800 Exception <a 'java/lang/ArrayIndexOutOfBoundsException': 60> (0x00000000eb441640) thrown at [C:\jenkins\workspace\8-2-build-windows-amd64-cygwin\jdk8u251\737\hotspot\src\share\vm\interpreter\interpreterRuntime.cpp, line 368]
Event: 3.680 Thread 0x00000000175b4000 Exception <a 'java/net/SocketTimeoutException': connect timed out> (0x00000000ebda72e0) thrown at [C:\jenkins\workspace\8-2-build-windows-amd64-cygwin\jdk8u251\737\hotspot\src\share\vm\prims\jni.cpp, line 736]
Event: 3.763 Thread 0x00000000029b2800 Exception <a 'java/lang/IncompatibleClassChangeError': Found class java.lang.Object, but interface was expected> (0x00000000ebea5e10) thrown at [C:\jenkins\workspace\8-2-build-windows-amd64-cygwin\jdk8u251\737\hotspot\src\share\vm\interpreter\linkResolver
Event: 3.769 Thread 0x00000000029b2800 Exception <a 'java/lang/NoSuchMethodError': java.lang.Object.lambda$or$2(Ljava/util/function/Predicate;Ljava/lang/Object;)Z> (0x00000000ebeb4c40) thrown at [C:\jenkins\workspace\8-2-build-windows-amd64-cygwin\jdk8u251\737\hotspot\src\share\vm\interpreter\
Event: 3.922 Thread 0x00000000029b2800 Exception <a 'java/lang/NoSuchMethodError': java.lang.Object.lambda$chars$0()Ljava/util/Spliterator$OfInt;> (0x00000000ec1e8780) thrown at [C:\jenkins\workspace\8-2-build-windows-amd64-cygwin\jdk8u251\737\hotspot\src\share\vm\interpreter\linkResolver.cpp,
Event: 8.255 Thread 0x00000000029b2800 Exception <a 'java/lang/NoSuchMethodError': java.lang.Object.lambda$getResponseFunction$0(Lorg/openqa/selenium/remote/InitialHandshakeResponse;)Lorg/openqa/selenium/remote/ProtocolHandshake$Result;> (0x00000000ebbd31f0) thrown at [C:\jenkins\workspace\8-2
Event: 8.325 Thread 0x00000000029b2800 Exception <a 'java/net/SocketTimeoutException': Read timed out> (0x00000000ebd30898) thrown at [C:\jenkins\workspace\8-2-build-windows-amd64-cygwin\jdk8u251\737\hotspot\src\share\vm\prims\jni.cpp, line 736]
Event: 10.556 Thread 0x00000000029b2800 Exception <a 'java/net/SocketTimeoutException': Read timed out> (0x00000000ebd49a20) thrown at [C:\jenkins\workspace\8-2-build-windows-amd64-cygwin\jdk8u251\737\hotspot\src\share\vm\prims\jni.cpp, line 736]

Events (10 events):
Event: 10.963 loading class org/openqa/selenium/OutputType$1
Event: 10.963 loading class org/openqa/selenium/OutputType$1 done
Event: 10.964 loading class org/openqa/selenium/OutputType$2
Event: 10.964 loading class org/openqa/selenium/OutputType$2 done
Event: 10.965 loading class org/openqa/selenium/OutputType$3
Event: 10.965 loading class org/openqa/selenium/OutputType$3 done
Event: 10.967 loading class com/sap/timp/pageObjectModel/MDR/AcessarMDRPO
Event: 10.967 loading class com/sap/timp/pageObjectModel/MDR/AcessarMDRPO done
Event: 10.969 loading class com/sap/timp/pageObjectModel/MDR/RegistroDeExportaçao/RegistroDeExportaçaoEditarPO
Event: 10.969 loading class com/sap/timp/pageObjectModel/MDR/RegistroDeExportaçao/RegistroDeExportaçaoEditarPO done


Dynamic libraries:
0x00007ff762440000 - 0x00007ff762477000 	C:\Program Files\Java\jre1.8.0_251\bin\javaw.exe
0x00007fff0e7b0000 - 0x00007fff0e9a4000 	C:\WINDOWS\SYSTEM32\ntdll.dll
0x00007fff0de20000 - 0x00007fff0dedd000 	C:\WINDOWS\System32\KERNEL32.DLL
0x00007fff0bed0000 - 0x00007fff0c197000 	C:\WINDOWS\System32\KERNELBASE.dll
0x00007fff0db20000 - 0x00007fff0dbca000 	C:\WINDOWS\System32\ADVAPI32.dll
0x00007fff0c9d0000 - 0x00007fff0ca6e000 	C:\WINDOWS\System32\msvcrt.dll
0x00007fff0c810000 - 0x00007fff0c8ab000 	C:\WINDOWS\System32\sechost.dll
0x00007fff0d2b0000 - 0x00007fff0d3d3000 	C:\WINDOWS\System32\RPCRT4.dll
0x00007fff0dbd0000 - 0x00007fff0dd70000 	C:\WINDOWS\System32\USER32.dll
0x00007fff0c540000 - 0x00007fff0c562000 	C:\WINDOWS\System32\win32u.dll
0x00007fff0c8c0000 - 0x00007fff0c8ea000 	C:\WINDOWS\System32\GDI32.dll
0x00007fff0c430000 - 0x00007fff0c53a000 	C:\WINDOWS\System32\gdi32full.dll
0x00007fff0c700000 - 0x00007fff0c79d000 	C:\WINDOWS\System32\msvcp_win.dll
0x00007fff0c220000 - 0x00007fff0c320000 	C:\WINDOWS\System32\ucrtbase.dll
0x00007ffef9bd0000 - 0x00007ffef9e6a000 	C:\WINDOWS\WinSxS\amd64_microsoft.windows.common-controls_6595b64144ccf1df_6.0.19041.1_none_b555e41d4684ddec\COMCTL32.dll
0x00007fff0cf90000 - 0x00007fff0cfc0000 	C:\WINDOWS\System32\IMM32.DLL
0x0000000071c20000 - 0x0000000071cf2000 	C:\Program Files\Java\jre1.8.0_251\bin\msvcr100.dll
0x0000000071d00000 - 0x00000000725ab000 	C:\Program Files\Java\jre1.8.0_251\bin\server\jvm.dll
0x00007fff0dee0000 - 0x00007fff0dee8000 	C:\WINDOWS\System32\PSAPI.DLL
0x00007fff09760000 - 0x00007fff09769000 	C:\WINDOWS\SYSTEM32\WSOCK32.dll
0x00007fff0e080000 - 0x00007fff0e0eb000 	C:\WINDOWS\System32\WS2_32.dll
0x00007ffefa650000 - 0x00007ffefa677000 	C:\WINDOWS\SYSTEM32\WINMM.dll
0x00007ffefb800000 - 0x00007ffefb80a000 	C:\WINDOWS\SYSTEM32\VERSION.dll
0x00007fff09710000 - 0x00007fff0971f000 	C:\Program Files\Java\jre1.8.0_251\bin\verify.dll
0x00007fff04750000 - 0x00007fff04779000 	C:\Program Files\Java\jre1.8.0_251\bin\java.dll
0x00007fff04730000 - 0x00007fff04746000 	C:\Program Files\Java\jre1.8.0_251\bin\zip.dll
0x00007fff0d3e0000 - 0x00007fff0db15000 	C:\WINDOWS\System32\SHELL32.dll
0x00007fff0a060000 - 0x00007fff0a7ef000 	C:\WINDOWS\SYSTEM32\windows.storage.dll
0x00007fff0e290000 - 0x00007fff0e5e3000 	C:\WINDOWS\System32\combase.dll
0x00007fff0b880000 - 0x00007fff0b8ab000 	C:\WINDOWS\SYSTEM32\Wldp.dll
0x00007fff0ca70000 - 0x00007fff0cb1e000 	C:\WINDOWS\System32\SHCORE.dll
0x00007fff0e650000 - 0x00007fff0e6a5000 	C:\WINDOWS\System32\shlwapi.dll
0x00007fff0be10000 - 0x00007fff0be2f000 	C:\WINDOWS\SYSTEM32\profapi.dll
0x00007fff04710000 - 0x00007fff0472a000 	C:\Program Files\Java\jre1.8.0_251\bin\net.dll
0x00007fff0b600000 - 0x00007fff0b66a000 	C:\WINDOWS\system32\mswsock.dll
0x00007fff0b330000 - 0x00007fff0b3fa000 	C:\WINDOWS\SYSTEM32\DNSAPI.dll
0x00007fff0b2f0000 - 0x00007fff0b32b000 	C:\WINDOWS\SYSTEM32\IPHLPAPI.DLL
0x00007fff0d0f0000 - 0x00007fff0d0f9000 	C:\WINDOWS\System32\NSI.dll
0x00007ffefcfd0000 - 0x00007ffefcfda000 	C:\Windows\System32\rasadhlp.dll
0x00007ffefdaf0000 - 0x00007ffefdb6f000 	C:\WINDOWS\System32\fwpuclnt.dll
0x00007fff0c6d0000 - 0x00007fff0c6f7000 	C:\WINDOWS\System32\bcrypt.dll
0x00007ffefe720000 - 0x00007ffefe744000 	C:\Program Files\Java\jre1.8.0_251\bin\sunec.dll
0x00007ffefefb0000 - 0x00007ffefefc7000 	C:\WINDOWS\SYSTEM32\dhcpcsvc6.DLL
0x00007fff007c0000 - 0x00007fff007dd000 	C:\WINDOWS\SYSTEM32\dhcpcsvc.DLL
0x00007fff046f0000 - 0x00007fff04702000 	C:\Program Files\Java\jre1.8.0_251\bin\nio.dll
0x00007fff0b7e0000 - 0x00007fff0b7f8000 	C:\WINDOWS\SYSTEM32\CRYPTSP.dll
0x00007fff0af90000 - 0x00007fff0afc4000 	C:\WINDOWS\system32\rsaenh.dll
0x00007fff0bdd0000 - 0x00007fff0bdfe000 	C:\WINDOWS\SYSTEM32\USERENV.dll
0x00007fff0c1a0000 - 0x00007fff0c21f000 	C:\WINDOWS\System32\bcryptprimitives.dll
0x00007fff0b7d0000 - 0x00007fff0b7dc000 	C:\WINDOWS\SYSTEM32\CRYPTBASE.dll
0x00007fff07ab0000 - 0x00007fff07abc000 	C:\Program Files\Java\jre1.8.0_251\bin\sunmscapi.dll
0x00007fff0c570000 - 0x00007fff0c6cd000 	C:\WINDOWS\System32\CRYPT32.dll
0x00007fff0b8f0000 - 0x00007fff0b917000 	C:\WINDOWS\SYSTEM32\ncrypt.dll
0x00007fff0b8b0000 - 0x00007fff0b8eb000 	C:\WINDOWS\SYSTEM32\NTASN1.dll

VM Arguments:
jvm_args: -ea -Dfile.encoding=Cp1252 
java_command: org.testng.remote.RemoteTestNG -serport 50350 -protocol json -d C:\Users\Dell\eclipse-workspace\Timp Testing\TIMP_R1\test-output C:\Users\Dell\AppData\Local\Temp\testng-eclipse-133315386\testng-customsuite.xml
java_class_path (initial): C:\Users\Dell\eclipse\jee-2020-06\eclipse\configuration\org.eclipse.osgi\956\0\.cp\lib\testng-remote.jar;C:\Users\Dell\eclipse-workspace\Timp Testing\TIMP_R1\target\test-classes;C:\Users\Dell\eclipse-workspace\Timp Testing\TIMP_R1\target\classes;C:\Users\Dell\.m2\repository\org\seleniumhq\selenium\selenium-java\3.141.59\selenium-java-3.141.59.jar;C:\Users\Dell\.m2\repository\org\seleniumhq\selenium\selenium-api\3.141.59\selenium-api-3.141.59.jar;C:\Users\Dell\.m2\repository\org\seleniumhq\selenium\selenium-chrome-driver\3.141.59\selenium-chrome-driver-3.141.59.jar;C:\Users\Dell\.m2\repository\org\seleniumhq\selenium\selenium-edge-driver\3.141.59\selenium-edge-driver-3.141.59.jar;C:\Users\Dell\.m2\repository\org\seleniumhq\selenium\selenium-firefox-driver\3.141.59\selenium-firefox-driver-3.141.59.jar;C:\Users\Dell\.m2\repository\org\seleniumhq\selenium\selenium-ie-driver\3.141.59\selenium-ie-driver-3.141.59.jar;C:\Users\Dell\.m2\repository\org\seleniumhq\selenium\selenium-opera-driver\3.141.59\selenium-opera-driver-3.141.59.jar;C:\Users\Dell\.m2\repository\org\seleniumhq\selenium\selenium-remote-driver\3.141.59\selenium-remote-driver-3.141.59.jar;C:\Users\Dell\.m2\repository\org\seleniumhq\selenium\selenium-safari-driver\3.141.59\selenium-safari-driver-3.141.59.jar;C:\Users\Dell\.m2\repository\org\seleniumhq\selenium\selenium-support\3.141.59\selenium-support-3.141.59.jar;C:\Users\Dell\.m2\repository\net\bytebuddy\byte-buddy\1.8.15\byte-buddy-1.8.15.jar;C:\Users\Dell\.m2\repository\org\apache\commons\commons-exec\1.3\commons-exec-1.3.jar;C:\Users\Dell\.m2\repository\com\google\guava\guava\25.0-jre\guava-25.0-jre.jar;C:\Users\Dell\.m2\repository\com\google\code\findbugs\jsr305\1.3.9\jsr305-1.3.9.jar;C:\Users\Dell\.m2\repository\org\checkerframework\checker-compat-qual\2.0.0\checker-compat-qual-2.0.0.jar;C:\Users\Dell\.m2\repository\com\google\errorprone\error_prone_annotations\2.1.3\error_prone_annotations-2.1.3.jar;C:\Users\Dell\.m2\repos
Launcher Type: SUN_STANDARD

Environment Variables:
PATH=C:/Program Files/Java/jre1.8.0_251/bin/server;C:/Program Files/Java/jre1.8.0_251/bin;C:/Program Files/Java/jre1.8.0_251/lib/amd64;C:\Program Files (x86)\Common Files\Oracle\Java\javapath;C:\WINDOWS\system32;C:\WINDOWS;C:\WINDOWS\System32\Wbem;C:\WINDOWS\System32\WindowsPowerShell\v1.0\;C:\WINDOWS\System32\OpenSSH\;C:\Program Files\Git\cmd;C:\Users\Dell\AppData\Local\Microsoft\WindowsApps;;C:\Users\Dell\Desktop;
USERNAME=Dell
OS=Windows_NT
PROCESSOR_IDENTIFIER=Intel64 Family 6 Model 42 Stepping 7, GenuineIntel



---------------  S Y S T E M  ---------------

OS: Windows 10.0 , 64 bit Build 19041 (10.0.19041.292)

CPU:total 4 (initial active 4) (2 cores per cpu, 2 threads per core) family 6 model 42 stepping 7, cmov, cx8, fxsr, mmx, sse, sse2, sse3, ssse3, sse4.1, sse4.2, popcnt, avx, clmul, ht, tsc, tscinvbit

Memory: 4k page, physical 4099980k(250300k free), swap 16682892k(84k free)

vm_info: Java HotSpot(TM) 64-Bit Server VM (25.251-b08) for windows-amd64 JRE (1.8.0_251-b08), built on Mar 12 2020 06:31:49 by "" with MS VC++ 10.0 (VS2010)

time: Mon Aug 10 14:10:42 2020
timezone: Hora oficial do Brasil
elapsed time: 10 seconds (0d 0h 0m 10s)

