#
# There is insufficient memory for the Java Runtime Environment to continue.
# Native memory allocation (malloc) failed to allocate 248656 bytes for Chunk::new
# Possible reasons:
#   The system is out of physical RAM or swap space
#   The process is running with CompressedOops enabled, and the Java Heap may be blocking the growth of the native heap
# Possible solutions:
#   Reduce memory load on the system
#   Increase physical memory or swap space
#   Check if swap backing store is full
#   Decrease Java heap size (-Xmx/-Xms)
#   Decrease number of Java threads
#   Decrease Java thread stack sizes (-Xss)
#   Set larger code cache with -XX:ReservedCodeCacheSize=
#   JVM is running with Zero Based Compressed Oops mode in which the Java heap is
#     placed in the first 32GB address space. The Java Heap base address is the
#     maximum limit for the native heap growth. Please use -XX:HeapBaseMinAddress
#     to set the Java Heap base and to place the Java Heap above 32GB virtual address.
# This output file may be truncated or incomplete.
#
#  Out of Memory Error (./open/src/hotspot/share/memory/arena.cpp:195), pid=27340, tid=24716
#
# JRE version: OpenJDK Runtime Environment (15.0.2+7) (build 15.0.2+7-27)
# Java VM: OpenJDK 64-Bit Server VM (15.0.2+7-27, mixed mode, tiered, compressed oops, g1 gc, windows-amd64)
# No core dump will be written. Minidumps are not enabled by default on client versions of Windows
#

---------------  S U M M A R Y ------------

Command Line: -ea -Dfile.encoding=Cp1252 -XX:+ShowCodeDetailsInExceptionMessages org.testng.remote.RemoteTestNG -serport 56061 -protocol json -d C:\Agile\automatizaciones\Proyecto Agile\TIMP_R1\test-output C:\Users\Agile\AppData\Local\Temp\testng-eclipse-113278286\testng-customsuite.xml

Host: Intel(R) Core(TM) i7-8565U CPU @ 1.80GHz, 8 cores, 11G,  Windows 10 , 64 bit Build 19041 (10.0.19041.1023)
Time: Sun Jun 13 22:57:04 2021 Hora estándar, América Central elapsed time: 2.197795 seconds (0d 0h 0m 2s)

---------------  T H R E A D  ---------------

Current thread (0x000001d1b3041410):  JavaThread "C2 CompilerThread0" daemon [_thread_in_native, id=24716, stack(0x00000078d0400000,0x00000078d0500000)]


Current CompileTask:
C2:   2197 1580       4       java.util.HashMap::putVal (300 bytes)

Stack: [0x00000078d0400000,0x00000078d0500000]
Native frames: (J=compiled Java code, j=interpreted, Vv=VM code, C=native code)
V  [jvm.dll+0x62ae9a]
V  [jvm.dll+0x7817a9]
V  [jvm.dll+0x782f03]
V  [jvm.dll+0x783563]
V  [jvm.dll+0x216325]
V  [jvm.dll+0x97f3a]
V  [jvm.dll+0x9861c]
V  [jvm.dll+0x32e2a8]
V  [jvm.dll+0x2f768a]
V  [jvm.dll+0x2f6a4a]
V  [jvm.dll+0x1ea705]
V  [jvm.dll+0x1e996e]
V  [jvm.dll+0x178567]
V  [jvm.dll+0x1f9225]
V  [jvm.dll+0x1f72cc]
V  [jvm.dll+0x74495d]
V  [jvm.dll+0x73d75a]
V  [jvm.dll+0x629c56]
C  [ucrtbase.dll+0x21bb2]
C  [KERNEL32.DLL+0x17034]
C  [ntdll.dll+0x52651]


---------------  P R O C E S S  ---------------

Threads class SMR info:
_java_thread_list=0x000001d1b456cdd0, length=14, elements={
0x000001d195f2a000, 0x000001d1b3014010, 0x000001d1b3014ac0, 0x000001d1b3001020,
0x000001d1b3001ad0, 0x000001d1b3037610, 0x000001d1b3041410, 0x000001d1b304c060,
0x000001d1b305bdb0, 0x000001d1b31ca7f0, 0x000001d1b31cb780, 0x000001d1b38ef650,
0x000001d1b3c66a20, 0x000001d1b44db6c0
}

Java Threads: ( => current thread )
  0x000001d195f2a000 JavaThread "main" [_thread_in_native, id=13644, stack(0x00000078cf800000,0x00000078cf900000)]
  0x000001d1b3014010 JavaThread "Reference Handler" daemon [_thread_blocked, id=7424, stack(0x00000078cff00000,0x00000078d0000000)]
  0x000001d1b3014ac0 JavaThread "Finalizer" daemon [_thread_blocked, id=22696, stack(0x00000078d0000000,0x00000078d0100000)]
  0x000001d1b3001020 JavaThread "Signal Dispatcher" daemon [_thread_blocked, id=10376, stack(0x00000078d0100000,0x00000078d0200000)]
  0x000001d1b3001ad0 JavaThread "Attach Listener" daemon [_thread_blocked, id=18192, stack(0x00000078d0200000,0x00000078d0300000)]
  0x000001d1b3037610 JavaThread "Service Thread" daemon [_thread_blocked, id=27008, stack(0x00000078d0300000,0x00000078d0400000)]
=>0x000001d1b3041410 JavaThread "C2 CompilerThread0" daemon [_thread_in_native, id=24716, stack(0x00000078d0400000,0x00000078d0500000)]
  0x000001d1b304c060 JavaThread "C1 CompilerThread0" daemon [_thread_in_vm, id=23608, stack(0x00000078d0500000,0x00000078d0600000)]
  0x000001d1b305bdb0 JavaThread "Sweeper thread" daemon [_thread_blocked, id=16476, stack(0x00000078d0600000,0x00000078d0700000)]
  0x000001d1b31ca7f0 JavaThread "Notification Thread" daemon [_thread_blocked, id=17404, stack(0x00000078d0700000,0x00000078d0800000)]
  0x000001d1b31cb780 JavaThread "Common-Cleaner" daemon [_thread_blocked, id=2752, stack(0x00000078d0900000,0x00000078d0a00000)]
  0x000001d1b38ef650 JavaThread "ReaderThread" [_thread_in_native, id=6852, stack(0x00000078d0c00000,0x00000078d0d00000)]
  0x000001d1b3c66a20 JavaThread "C2 CompilerThread1" daemon [_thread_blocked, id=27076, stack(0x00000078d0a00000,0x00000078d0b00000)]
  0x000001d1b44db6c0 JavaThread "Keep-Alive-Timer" daemon [_thread_blocked, id=13704, stack(0x00000078d1100000,0x00000078d1200000)]

Other Threads:
  0x000001d1b2fdb110 VMThread "VM Thread" [stack: 0x00000078cfe00000,0x00000078cff00000] [id=22128]
  0x000001d1b31cacc0 WatcherThread [stack: 0x00000078d0800000,0x00000078d0900000] [id=22624]
  0x000001d195f6d9d0 GCTaskThread "GC Thread#0" [stack: 0x00000078cf900000,0x00000078cfa00000] [id=17096]
  0x000001d1b372eff0 GCTaskThread "GC Thread#1" [stack: 0x00000078d0d00000,0x00000078d0e00000] [id=8296]
  0x000001d1b372e330 GCTaskThread "GC Thread#2" [stack: 0x00000078d0e00000,0x00000078d0f00000] [id=20012]
  0x000001d1b3730310 GCTaskThread "GC Thread#3" [stack: 0x00000078d0f00000,0x00000078d1000000] [id=23724]
  0x000001d195f7c0e0 ConcurrentGCThread "G1 Main Marker" [stack: 0x00000078cfa00000,0x00000078cfb00000] [id=23824]
  0x000001d195f7ccd0 ConcurrentGCThread "G1 Conc#0" [stack: 0x00000078cfb00000,0x00000078cfc00000] [id=25684]
  0x000001d195ff3840 ConcurrentGCThread "G1 Refine#0" [stack: 0x00000078cfc00000,0x00000078cfd00000] [id=21732]
  0x000001d195ff4440 ConcurrentGCThread "G1 Young RemSet Sampling" [stack: 0x00000078cfd00000,0x00000078cfe00000] [id=19808]

Threads with active compile tasks:
C2 CompilerThread0     2260 1580       4       java.util.HashMap::putVal (300 bytes)

VM state: not at safepoint (normal execution)

VM Mutex/Monitor currently owned by a thread: None

Heap address: 0x0000000742600000, size: 3034 MB, Compressed Oops mode: Zero based, Oop shift amount: 3
CDS disabled.
Compressed class space mapped at: 0x0000000800000000-0x0000000840000000, size: 1073741824
Narrow klass base: 0x0000000800000000, Narrow klass shift: 0, Narrow klass range: 0x40000000

GC Precious Log:
 CPUs: 8 total, 8 available
 Memory: 12135M
 Large Page Support: Disabled
 NUMA Support: Disabled
 Compressed Oops: Enabled (Zero based)
 Heap Region Size: 2M
 Heap Min Capacity: 8M
 Heap Initial Capacity: 190M
 Heap Max Capacity: 3034M
 Pre-touch: Disabled
 Parallel Workers: 8
 Concurrent Workers: 2
 Concurrent Refinement Workers: 8
 Periodic GC: Disabled

Heap:
 garbage-first heap   total 194560K, used 13264K [0x0000000742600000, 0x0000000800000000)
  region size 2048K, 7 young (14336K), 2 survivors (4096K)
 Metaspace       used 20081K, capacity 20369K, committed 20608K, reserved 1069056K
  class space    used 2009K, capacity 2112K, committed 2176K, reserved 1048576K

Heap Regions: E=young(eden), S=young(survivor), O=old, HS=humongous(starts), HC=humongous(continues), CS=collection set, F=free, OA=open archive, CA=closed archive, TAMS=top-at-mark-start (previous, next)
|   0|0x0000000742600000, 0x00000007426f4200, 0x0000000742800000| 47%| O|  |TAMS 0x0000000742600000, 0x0000000742600000| Untracked 
|   1|0x0000000742800000, 0x0000000742800000, 0x0000000742a00000|  0%| F|  |TAMS 0x0000000742800000, 0x0000000742800000| Untracked 
|   2|0x0000000742a00000, 0x0000000742a00000, 0x0000000742c00000|  0%| F|  |TAMS 0x0000000742a00000, 0x0000000742a00000| Untracked 
|   3|0x0000000742c00000, 0x0000000742c00000, 0x0000000742e00000|  0%| F|  |TAMS 0x0000000742c00000, 0x0000000742c00000| Untracked 
|   4|0x0000000742e00000, 0x0000000742e00000, 0x0000000743000000|  0%| F|  |TAMS 0x0000000742e00000, 0x0000000742e00000| Untracked 
|   5|0x0000000743000000, 0x0000000743000000, 0x0000000743200000|  0%| F|  |TAMS 0x0000000743000000, 0x0000000743000000| Untracked 
|   6|0x0000000743200000, 0x0000000743200000, 0x0000000743400000|  0%| F|  |TAMS 0x0000000743200000, 0x0000000743200000| Untracked 
|   7|0x0000000743400000, 0x0000000743400000, 0x0000000743600000|  0%| F|  |TAMS 0x0000000743400000, 0x0000000743400000| Untracked 
|   8|0x0000000743600000, 0x0000000743600000, 0x0000000743800000|  0%| F|  |TAMS 0x0000000743600000, 0x0000000743600000| Untracked 
|   9|0x0000000743800000, 0x0000000743800000, 0x0000000743a00000|  0%| F|  |TAMS 0x0000000743800000, 0x0000000743800000| Untracked 
|  10|0x0000000743a00000, 0x0000000743a00000, 0x0000000743c00000|  0%| F|  |TAMS 0x0000000743a00000, 0x0000000743a00000| Untracked 
|  11|0x0000000743c00000, 0x0000000743c00000, 0x0000000743e00000|  0%| F|  |TAMS 0x0000000743c00000, 0x0000000743c00000| Untracked 
|  12|0x0000000743e00000, 0x0000000743e00000, 0x0000000744000000|  0%| F|  |TAMS 0x0000000743e00000, 0x0000000743e00000| Untracked 
|  13|0x0000000744000000, 0x0000000744000000, 0x0000000744200000|  0%| F|  |TAMS 0x0000000744000000, 0x0000000744000000| Untracked 
|  14|0x0000000744200000, 0x0000000744200000, 0x0000000744400000|  0%| F|  |TAMS 0x0000000744200000, 0x0000000744200000| Untracked 
|  15|0x0000000744400000, 0x0000000744400000, 0x0000000744600000|  0%| F|  |TAMS 0x0000000744400000, 0x0000000744400000| Untracked 
|  16|0x0000000744600000, 0x0000000744600000, 0x0000000744800000|  0%| F|  |TAMS 0x0000000744600000, 0x0000000744600000| Untracked 
|  17|0x0000000744800000, 0x0000000744800000, 0x0000000744a00000|  0%| F|  |TAMS 0x0000000744800000, 0x0000000744800000| Untracked 
|  18|0x0000000744a00000, 0x0000000744a00000, 0x0000000744c00000|  0%| F|  |TAMS 0x0000000744a00000, 0x0000000744a00000| Untracked 
|  19|0x0000000744c00000, 0x0000000744c00000, 0x0000000744e00000|  0%| F|  |TAMS 0x0000000744c00000, 0x0000000744c00000| Untracked 
|  20|0x0000000744e00000, 0x0000000744e00000, 0x0000000745000000|  0%| F|  |TAMS 0x0000000744e00000, 0x0000000744e00000| Untracked 
|  21|0x0000000745000000, 0x0000000745000000, 0x0000000745200000|  0%| F|  |TAMS 0x0000000745000000, 0x0000000745000000| Untracked 
|  22|0x0000000745200000, 0x0000000745200000, 0x0000000745400000|  0%| F|  |TAMS 0x0000000745200000, 0x0000000745200000| Untracked 
|  23|0x0000000745400000, 0x0000000745400000, 0x0000000745600000|  0%| F|  |TAMS 0x0000000745400000, 0x0000000745400000| Untracked 
|  24|0x0000000745600000, 0x0000000745600000, 0x0000000745800000|  0%| F|  |TAMS 0x0000000745600000, 0x0000000745600000| Untracked 
|  25|0x0000000745800000, 0x0000000745800000, 0x0000000745a00000|  0%| F|  |TAMS 0x0000000745800000, 0x0000000745800000| Untracked 
|  26|0x0000000745a00000, 0x0000000745a00000, 0x0000000745c00000|  0%| F|  |TAMS 0x0000000745a00000, 0x0000000745a00000| Untracked 
|  27|0x0000000745c00000, 0x0000000745c00000, 0x0000000745e00000|  0%| F|  |TAMS 0x0000000745c00000, 0x0000000745c00000| Untracked 
|  28|0x0000000745e00000, 0x0000000745e00000, 0x0000000746000000|  0%| F|  |TAMS 0x0000000745e00000, 0x0000000745e00000| Untracked 
|  29|0x0000000746000000, 0x0000000746000000, 0x0000000746200000|  0%| F|  |TAMS 0x0000000746000000, 0x0000000746000000| Untracked 
|  30|0x0000000746200000, 0x0000000746200000, 0x0000000746400000|  0%| F|  |TAMS 0x0000000746200000, 0x0000000746200000| Untracked 
|  31|0x0000000746400000, 0x0000000746400000, 0x0000000746600000|  0%| F|  |TAMS 0x0000000746400000, 0x0000000746400000| Untracked 
|  32|0x0000000746600000, 0x0000000746600000, 0x0000000746800000|  0%| F|  |TAMS 0x0000000746600000, 0x0000000746600000| Untracked 
|  33|0x0000000746800000, 0x0000000746800000, 0x0000000746a00000|  0%| F|  |TAMS 0x0000000746800000, 0x0000000746800000| Untracked 
|  34|0x0000000746a00000, 0x0000000746a00000, 0x0000000746c00000|  0%| F|  |TAMS 0x0000000746a00000, 0x0000000746a00000| Untracked 
|  35|0x0000000746c00000, 0x0000000746c00000, 0x0000000746e00000|  0%| F|  |TAMS 0x0000000746c00000, 0x0000000746c00000| Untracked 
|  36|0x0000000746e00000, 0x0000000746e00000, 0x0000000747000000|  0%| F|  |TAMS 0x0000000746e00000, 0x0000000746e00000| Untracked 
|  37|0x0000000747000000, 0x0000000747000000, 0x0000000747200000|  0%| F|  |TAMS 0x0000000747000000, 0x0000000747000000| Untracked 
|  38|0x0000000747200000, 0x0000000747200000, 0x0000000747400000|  0%| F|  |TAMS 0x0000000747200000, 0x0000000747200000| Untracked 
|  39|0x0000000747400000, 0x0000000747400000, 0x0000000747600000|  0%| F|  |TAMS 0x0000000747400000, 0x0000000747400000| Untracked 
|  40|0x0000000747600000, 0x0000000747600000, 0x0000000747800000|  0%| F|  |TAMS 0x0000000747600000, 0x0000000747600000| Untracked 
|  41|0x0000000747800000, 0x0000000747800000, 0x0000000747a00000|  0%| F|  |TAMS 0x0000000747800000, 0x0000000747800000| Untracked 
|  42|0x0000000747a00000, 0x0000000747a00000, 0x0000000747c00000|  0%| F|  |TAMS 0x0000000747a00000, 0x0000000747a00000| Untracked 
|  43|0x0000000747c00000, 0x0000000747c00000, 0x0000000747e00000|  0%| F|  |TAMS 0x0000000747c00000, 0x0000000747c00000| Untracked 
|  44|0x0000000747e00000, 0x0000000747e00000, 0x0000000748000000|  0%| F|  |TAMS 0x0000000747e00000, 0x0000000747e00000| Untracked 
|  45|0x0000000748000000, 0x0000000748000000, 0x0000000748200000|  0%| F|  |TAMS 0x0000000748000000, 0x0000000748000000| Untracked 
|  46|0x0000000748200000, 0x0000000748200000, 0x0000000748400000|  0%| F|  |TAMS 0x0000000748200000, 0x0000000748200000| Untracked 
|  47|0x0000000748400000, 0x0000000748400000, 0x0000000748600000|  0%| F|  |TAMS 0x0000000748400000, 0x0000000748400000| Untracked 
|  48|0x0000000748600000, 0x0000000748600000, 0x0000000748800000|  0%| F|  |TAMS 0x0000000748600000, 0x0000000748600000| Untracked 
|  49|0x0000000748800000, 0x0000000748800000, 0x0000000748a00000|  0%| F|  |TAMS 0x0000000748800000, 0x0000000748800000| Untracked 
|  50|0x0000000748a00000, 0x0000000748a00000, 0x0000000748c00000|  0%| F|  |TAMS 0x0000000748a00000, 0x0000000748a00000| Untracked 
|  51|0x0000000748c00000, 0x0000000748c00000, 0x0000000748e00000|  0%| F|  |TAMS 0x0000000748c00000, 0x0000000748c00000| Untracked 
|  52|0x0000000748e00000, 0x0000000748e00000, 0x0000000749000000|  0%| F|  |TAMS 0x0000000748e00000, 0x0000000748e00000| Untracked 
|  53|0x0000000749000000, 0x0000000749000000, 0x0000000749200000|  0%| F|  |TAMS 0x0000000749000000, 0x0000000749000000| Untracked 
|  54|0x0000000749200000, 0x0000000749200000, 0x0000000749400000|  0%| F|  |TAMS 0x0000000749200000, 0x0000000749200000| Untracked 
|  55|0x0000000749400000, 0x0000000749400000, 0x0000000749600000|  0%| F|  |TAMS 0x0000000749400000, 0x0000000749400000| Untracked 
|  56|0x0000000749600000, 0x0000000749600000, 0x0000000749800000|  0%| F|  |TAMS 0x0000000749600000, 0x0000000749600000| Untracked 
|  57|0x0000000749800000, 0x0000000749800000, 0x0000000749a00000|  0%| F|  |TAMS 0x0000000749800000, 0x0000000749800000| Untracked 
|  58|0x0000000749a00000, 0x0000000749a00000, 0x0000000749c00000|  0%| F|  |TAMS 0x0000000749a00000, 0x0000000749a00000| Untracked 
|  59|0x0000000749c00000, 0x0000000749c00000, 0x0000000749e00000|  0%| F|  |TAMS 0x0000000749c00000, 0x0000000749c00000| Untracked 
|  60|0x0000000749e00000, 0x0000000749e00000, 0x000000074a000000|  0%| F|  |TAMS 0x0000000749e00000, 0x0000000749e00000| Untracked 
|  61|0x000000074a000000, 0x000000074a000000, 0x000000074a200000|  0%| F|  |TAMS 0x000000074a000000, 0x000000074a000000| Untracked 
|  62|0x000000074a200000, 0x000000074a200000, 0x000000074a400000|  0%| F|  |TAMS 0x000000074a200000, 0x000000074a200000| Untracked 
|  63|0x000000074a400000, 0x000000074a400000, 0x000000074a600000|  0%| F|  |TAMS 0x000000074a400000, 0x000000074a400000| Untracked 
|  64|0x000000074a600000, 0x000000074a600000, 0x000000074a800000|  0%| F|  |TAMS 0x000000074a600000, 0x000000074a600000| Untracked 
|  65|0x000000074a800000, 0x000000074a800000, 0x000000074aa00000|  0%| F|  |TAMS 0x000000074a800000, 0x000000074a800000| Untracked 
|  66|0x000000074aa00000, 0x000000074aa00000, 0x000000074ac00000|  0%| F|  |TAMS 0x000000074aa00000, 0x000000074aa00000| Untracked 
|  67|0x000000074ac00000, 0x000000074ac00000, 0x000000074ae00000|  0%| F|  |TAMS 0x000000074ac00000, 0x000000074ac00000| Untracked 
|  68|0x000000074ae00000, 0x000000074ae00000, 0x000000074b000000|  0%| F|  |TAMS 0x000000074ae00000, 0x000000074ae00000| Untracked 
|  69|0x000000074b000000, 0x000000074b000000, 0x000000074b200000|  0%| F|  |TAMS 0x000000074b000000, 0x000000074b000000| Untracked 
|  70|0x000000074b200000, 0x000000074b200000, 0x000000074b400000|  0%| F|  |TAMS 0x000000074b200000, 0x000000074b200000| Untracked 
|  71|0x000000074b400000, 0x000000074b400000, 0x000000074b600000|  0%| F|  |TAMS 0x000000074b400000, 0x000000074b400000| Untracked 
|  72|0x000000074b600000, 0x000000074b600000, 0x000000074b800000|  0%| F|  |TAMS 0x000000074b600000, 0x000000074b600000| Untracked 
|  73|0x000000074b800000, 0x000000074b800000, 0x000000074ba00000|  0%| F|  |TAMS 0x000000074b800000, 0x000000074b800000| Untracked 
|  74|0x000000074ba00000, 0x000000074ba00000, 0x000000074bc00000|  0%| F|  |TAMS 0x000000074ba00000, 0x000000074ba00000| Untracked 
|  75|0x000000074bc00000, 0x000000074bc00000, 0x000000074be00000|  0%| F|  |TAMS 0x000000074bc00000, 0x000000074bc00000| Untracked 
|  76|0x000000074be00000, 0x000000074be00000, 0x000000074c000000|  0%| F|  |TAMS 0x000000074be00000, 0x000000074be00000| Untracked 
|  77|0x000000074c000000, 0x000000074c000000, 0x000000074c200000|  0%| F|  |TAMS 0x000000074c000000, 0x000000074c000000| Untracked 
|  78|0x000000074c200000, 0x000000074c200000, 0x000000074c400000|  0%| F|  |TAMS 0x000000074c200000, 0x000000074c200000| Untracked 
|  79|0x000000074c400000, 0x000000074c400000, 0x000000074c600000|  0%| F|  |TAMS 0x000000074c400000, 0x000000074c400000| Untracked 
|  80|0x000000074c600000, 0x000000074c600000, 0x000000074c800000|  0%| F|  |TAMS 0x000000074c600000, 0x000000074c600000| Untracked 
|  81|0x000000074c800000, 0x000000074c800000, 0x000000074ca00000|  0%| F|  |TAMS 0x000000074c800000, 0x000000074c800000| Untracked 
|  82|0x000000074ca00000, 0x000000074cc00000, 0x000000074cc00000|100%| S|CS|TAMS 0x000000074ca00000, 0x000000074ca00000| Complete 
|  83|0x000000074cc00000, 0x000000074ce00000, 0x000000074ce00000|100%| S|CS|TAMS 0x000000074cc00000, 0x000000074cc00000| Complete 
|  84|0x000000074ce00000, 0x000000074ce00000, 0x000000074d000000|  0%| F|  |TAMS 0x000000074ce00000, 0x000000074ce00000| Untracked 
|  85|0x000000074d000000, 0x000000074d000000, 0x000000074d200000|  0%| F|  |TAMS 0x000000074d000000, 0x000000074d000000| Untracked 
|  86|0x000000074d200000, 0x000000074d200000, 0x000000074d400000|  0%| F|  |TAMS 0x000000074d200000, 0x000000074d200000| Untracked 
|  87|0x000000074d400000, 0x000000074d400000, 0x000000074d600000|  0%| F|  |TAMS 0x000000074d400000, 0x000000074d400000| Untracked 
|  88|0x000000074d600000, 0x000000074d600000, 0x000000074d800000|  0%| F|  |TAMS 0x000000074d600000, 0x000000074d600000| Untracked 
|  89|0x000000074d800000, 0x000000074d800000, 0x000000074da00000|  0%| F|  |TAMS 0x000000074d800000, 0x000000074d800000| Untracked 
|  90|0x000000074da00000, 0x000000074daf1c68, 0x000000074dc00000| 47%| E|  |TAMS 0x000000074da00000, 0x000000074da00000| Complete 
|  91|0x000000074dc00000, 0x000000074de00000, 0x000000074de00000|100%| E|CS|TAMS 0x000000074dc00000, 0x000000074dc00000| Complete 
|  92|0x000000074de00000, 0x000000074e000000, 0x000000074e000000|100%| E|CS|TAMS 0x000000074de00000, 0x000000074de00000| Complete 
|  93|0x000000074e000000, 0x000000074e200000, 0x000000074e200000|100%| E|CS|TAMS 0x000000074e000000, 0x000000074e000000| Complete 
|  94|0x000000074e200000, 0x000000074e400000, 0x000000074e400000|100%| E|CS|TAMS 0x000000074e200000, 0x000000074e200000| Complete 

Card table byte_map: [0x000001d1a9260000,0x000001d1a9850000] _byte_map_base: 0x000001d1a584d000

Marking Bits (Prev, Next): (CMBitMap*) 0x000001d195f6e240, (CMBitMap*) 0x000001d195f6e280
 Prev Bits: [0x000001d1a9e40000, 0x000001d1acda8000)
 Next Bits: [0x000001d1acdb0000, 0x000001d1afd18000)

Polling page: 0x000001d195700000

Metaspace:

Usage:
  Non-class:     17.83 MB capacity,    17.68 MB (>99%) used,   137.57 KB ( <1%) free+waste,    19.44 KB ( <1%) overhead. 
      Class:      2.06 MB capacity,     1.97 MB ( 95%) used,    89.74 KB (  4%) free+waste,     6.56 KB ( <1%) overhead. 
       Both:     19.89 MB capacity,    19.64 MB ( 99%) used,   227.31 KB (  1%) free+waste,    26.00 KB ( <1%) overhead. 

Virtual space:
  Non-class space:       20.00 MB reserved,      18.00 MB ( 90%) committed 
      Class space:        1.00 GB reserved,       2.12 MB ( <1%) committed 
             Both:        1.02 GB reserved,      20.12 MB (  2%) committed 

Chunk freelists:
   Non-Class:  47.00 KB
       Class:  0 bytes
        Both:  47.00 KB

MaxMetaspaceSize: 17179869184.00 GB
CompressedClassSpaceSize: 1.00 GB

CodeHeap 'non-profiled nmethods': size=120000Kb used=601Kb max_used=601Kb free=119398Kb
 bounds [0x000001d1a1410000, 0x000001d1a1680000, 0x000001d1a8940000]
CodeHeap 'profiled nmethods': size=120000Kb used=2823Kb max_used=2823Kb free=117176Kb
 bounds [0x000001d199ee0000, 0x000001d19a1b0000, 0x000001d1a1410000]
CodeHeap 'non-nmethods': size=5760Kb used=1200Kb max_used=1231Kb free=4559Kb
 bounds [0x000001d199940000, 0x000001d199bb0000, 0x000001d199ee0000]
 total_blobs=2078 nmethods=1615 adapters=376
 compilation: enabled
              stopped_count=0, restarted_count=0
 full_count=0

Compilation events (20 events):
Event: 2.181 Thread 0x000001d1b304c060 1579       3       java.security.SecureClassLoader::defineClass (16 bytes)
Event: 2.181 Thread 0x000001d1b304c060 nmethod 1579 0x000001d19a18e890 code [0x000001d19a18ea40, 0x000001d19a18ebd8]
Event: 2.181 Thread 0x000001d1b304c060 1585       3       org.testng.collections.Sets::newHashSet (8 bytes)
Event: 2.181 Thread 0x000001d1b304c060 nmethod 1585 0x000001d19a18ec90 code [0x000001d19a18ee60, 0x000001d19a18f2f8]
Event: 2.182 Thread 0x000001d1b304c060 1586       3       org.testng.internal.ClassHelper::appendMethod (43 bytes)
Event: 2.182 Thread 0x000001d1b304c060 nmethod 1586 0x000001d19a18f490 code [0x000001d19a18f6c0, 0x000001d19a18ffe8]
Event: 2.182 Thread 0x000001d1b304c060 1587       3       org.testng.internal.ClassHelper::canInclude (75 bytes)
Event: 2.183 Thread 0x000001d1b304c060 nmethod 1587 0x000001d19a190290 code [0x000001d19a190480, 0x000001d19a190ae8]
Event: 2.183 Thread 0x000001d1b304c060 1588       3       org.testng.internal.ClassHelper::isOverridden (143 bytes)
Event: 2.184 Thread 0x000001d1b304c060 nmethod 1588 0x000001d19a190c90 code [0x000001d19a190f20, 0x000001d19a191ea8]
Event: 2.184 Thread 0x000001d1b304c060 1589       3       org.testng.internal.ConstructorOrMethod::<init> (15 bytes)
Event: 2.185 Thread 0x000001d1b304c060 nmethod 1589 0x000001d19a192390 code [0x000001d19a192520, 0x000001d19a1926d8]
Event: 2.185 Thread 0x000001d1b304c060 1591       3       org.testng.internal.annotations.AnnotationHelper::findConfiguration (13 bytes)
Event: 2.185 Thread 0x000001d1b304c060 nmethod 1591 0x000001d19a192790 code [0x000001d19a192940, 0x000001d19a192bc8]
Event: 2.188 Thread 0x000001d1b304c060 1592       3       java.lang.Boolean::hashCode (8 bytes)
Event: 2.188 Thread 0x000001d1b304c060 nmethod 1592 0x000001d19a192d10 code [0x000001d19a192ec0, 0x000001d19a193078]
Event: 2.188 Thread 0x000001d1b304c060 1594       3       org.testng.internal.annotations.AnnotationHelper::findConfiguration (215 bytes)
Event: 2.189 Thread 0x000001d1b304c060 nmethod 1594 0x000001d19a193110 code [0x000001d19a193400, 0x000001d19a194a08]
Event: 2.189 Thread 0x000001d1b304c060 1593       3       java.lang.Boolean::hashCode (14 bytes)
Event: 2.190 Thread 0x000001d1b304c060 nmethod 1593 0x000001d19a194f10 code [0x000001d19a1950a0, 0x000001d19a1951d8]

GC Heap History (2 events):
Event: 1.768 GC heap before
{Heap before GC invocations=0 (full 0):
 garbage-first heap   total 194560K, used 20480K [0x0000000742600000, 0x0000000800000000)
  region size 2048K, 11 young (22528K), 0 survivors (0K)
 Metaspace       used 17361K, capacity 17599K, committed 17664K, reserved 1064960K
  class space    used 1728K, capacity 1789K, committed 1792K, reserved 1048576K
}
Event: 1.777 GC heap after
{Heap after GC invocations=1 (full 0):
 garbage-first heap   total 194560K, used 5072K [0x0000000742600000, 0x0000000800000000)
  region size 2048K, 2 young (4096K), 2 survivors (4096K)
 Metaspace       used 17361K, capacity 17599K, committed 17664K, reserved 1064960K
  class space    used 1728K, capacity 1789K, committed 1792K, reserved 1048576K
}

Deoptimization events (20 events):
Event: 1.858 Thread 0x000001d195f2a000 DEOPT PACKING pc=0x000001d1a147d9fc sp=0x00000078cf8fd4d0
Event: 1.858 Thread 0x000001d195f2a000 DEOPT UNPACKING pc=0x000001d19998e42f sp=0x00000078cf8fd4f0 mode 2
Event: 1.859 Thread 0x000001d195f2a000 Uncommon trap: trap_request=0xffffffc6 fr.pc=0x000001d1a147d9fc relative=0x0000000000000dbc
Event: 1.859 Thread 0x000001d195f2a000 Uncommon trap: reason=bimorphic_or_optimized_type_check action=maybe_recompile pc=0x000001d1a147d9fc method=java.util.regex.Pattern$Branch.match(Ljava/util/regex/Matcher;ILjava/lang/CharSequence;)Z @ 50 c2
Event: 1.859 Thread 0x000001d195f2a000 DEOPT PACKING pc=0x000001d1a147d9fc sp=0x00000078cf8fd1c0
Event: 1.859 Thread 0x000001d195f2a000 DEOPT UNPACKING pc=0x000001d19998e42f sp=0x00000078cf8fd1e0 mode 2
Event: 1.859 Thread 0x000001d195f2a000 Uncommon trap: trap_request=0xffffffc6 fr.pc=0x000001d1a147d9fc relative=0x0000000000000dbc
Event: 1.859 Thread 0x000001d195f2a000 Uncommon trap: reason=bimorphic_or_optimized_type_check action=maybe_recompile pc=0x000001d1a147d9fc method=java.util.regex.Pattern$Branch.match(Ljava/util/regex/Matcher;ILjava/lang/CharSequence;)Z @ 50 c2
Event: 1.859 Thread 0x000001d195f2a000 DEOPT PACKING pc=0x000001d1a147d9fc sp=0x00000078cf8fd1c0
Event: 1.859 Thread 0x000001d195f2a000 DEOPT UNPACKING pc=0x000001d19998e42f sp=0x00000078cf8fd1e0 mode 2
Event: 1.935 Thread 0x000001d195f2a000 DEOPT PACKING pc=0x000001d19a0ed8ee sp=0x00000078cf8fd1b0
Event: 1.935 Thread 0x000001d195f2a000 DEOPT UNPACKING pc=0x000001d19998e23f sp=0x00000078cf8fc5e0 mode 0
Event: 1.950 Thread 0x000001d195f2a000 DEOPT PACKING pc=0x000001d19a113194 sp=0x00000078cf8fdc20
Event: 1.950 Thread 0x000001d195f2a000 DEOPT UNPACKING pc=0x000001d19998e23f sp=0x00000078cf8fd0d8 mode 0
Event: 2.042 Thread 0x000001d195f2a000 DEOPT PACKING pc=0x000001d199f0a5d0 sp=0x00000078cf8fbfc0
Event: 2.042 Thread 0x000001d195f2a000 DEOPT UNPACKING pc=0x000001d19998e23f sp=0x00000078cf8fb460 mode 0
Event: 2.089 Thread 0x000001d195f2a000 Uncommon trap: trap_request=0xffffffde fr.pc=0x000001d1a1455abc relative=0x00000000000003fc
Event: 2.089 Thread 0x000001d195f2a000 Uncommon trap: reason=class_check action=maybe_recompile pc=0x000001d1a1455abc method=java.util.HashSet.iterator()Ljava/util/Iterator; @ 4 c2
Event: 2.089 Thread 0x000001d195f2a000 DEOPT PACKING pc=0x000001d1a1455abc sp=0x00000078cf8fee70
Event: 2.089 Thread 0x000001d195f2a000 DEOPT UNPACKING pc=0x000001d19998e42f sp=0x00000078cf8fee40 mode 2

Classes unloaded (0 events):
No events

Classes redefined (0 events):
No events

Internal exceptions (13 events):
Event: 0.402 Thread 0x000001d195f2a000 Exception <a 'java/lang/NoSuchMethodError'{0x000000074e19a2e8}: 'void java.lang.invoke.DirectMethodHandle$Holder.invokeSpecial(java.lang.Object, java.lang.Object, java.lang.Object)'> (0x000000074e19a2e8) 
thrown [./open/src/hotspot/share/interpreter/linkResolver.cpp, line 782]
Event: 0.588 Thread 0x000001d195f2a000 Exception <a 'java/lang/NoSuchMethodError'{0x000000074dfe3650}: 'java.lang.Object java.lang.invoke.DirectMethodHandle$Holder.invokeStatic(java.lang.Object)'> (0x000000074dfe3650) 
thrown [./open/src/hotspot/share/interpreter/linkResolver.cpp, line 782]
Event: 0.589 Thread 0x000001d195f2a000 Exception <a 'java/lang/NoSuchMethodError'{0x000000074dfe6da0}: 'java.lang.Object java.lang.invoke.DirectMethodHandle$Holder.invokeStaticInit(java.lang.Object)'> (0x000000074dfe6da0) 
thrown [./open/src/hotspot/share/interpreter/linkResolver.cpp, line 782]
Event: 0.629 Thread 0x000001d195f2a000 Exception <a 'java/lang/NoSuchMethodError'{0x000000074dc08c68}: 'void java.lang.invoke.DirectMethodHandle$Holder.invokeStatic(java.lang.Object, java.lang.Object)'> (0x000000074dc08c68) 
thrown [./open/src/hotspot/share/interpreter/linkResolver.cpp, line 782]
Event: 0.710 Thread 0x000001d195f2a000 Exception <a 'java/lang/NoSuchMethodError'{0x000000074dd814a0}: 'void java.lang.invoke.DirectMethodHandle$Holder.invokeStaticInit(java.lang.Object, java.lang.Object)'> (0x000000074dd814a0) 
thrown [./open/src/hotspot/share/interpreter/linkResolver.cpp, line 782]
Event: 0.754 Thread 0x000001d195f2a000 Exception <a 'java/lang/NoSuchMethodError'{0x000000074da99290}: 'java.lang.Object java.lang.invoke.DirectMethodHandle$Holder.invokeStaticInit(java.lang.Object, int, int, int, int)'> (0x000000074da99290) 
thrown [./open/src/hotspot/share/interpreter/linkResolver.cpp, line 782]
Event: 0.761 Thread 0x000001d195f2a000 Exception <a 'sun/nio/fs/WindowsException'{0x000000074daa04d0}> (0x000000074daa04d0) 
thrown [./open/src/hotspot/share/prims/jni.cpp, line 578]
Event: 0.779 Thread 0x000001d195f2a000 Exception <a 'java/lang/NoSuchMethodError'{0x000000074dac9038}: 'int java.lang.invoke.DirectMethodHandle$Holder.invokeStaticInit(java.lang.Object, java.lang.Object, java.lang.Object, java.lang.Object)'> (0x000000074dac9038) 
thrown [./open/src/hotspot/share/interpreter/linkResolver.cpp, line 782]
Event: 0.780 Thread 0x000001d195f2a000 Exception <a 'java/lang/NoSuchMethodError'{0x000000074dad3700}: 'java.lang.Object java.lang.invoke.DirectMethodHandle$Holder.invokeInterface(java.lang.Object, java.lang.Object)'> (0x000000074dad3700) 
thrown [./open/src/hotspot/share/interpreter/linkResolver.cpp, line 782]
Event: 0.781 Thread 0x000001d195f2a000 Exception <a 'java/lang/IncompatibleClassChangeError'{0x000000074dad73a0}: Found class java.lang.Object, but interface was expected> (0x000000074dad73a0) 
thrown [./open/src/hotspot/share/interpreter/linkResolver.cpp, line 848]
Event: 0.782 Thread 0x000001d195f2a000 Exception <a 'java/lang/NoSuchMethodError'{0x000000074dadeb08}: 'int java.lang.invoke.DirectMethodHandle$Holder.invokeStaticInit(java.lang.Object, java.lang.Object)'> (0x000000074dadeb08) 
thrown [./open/src/hotspot/share/interpreter/linkResolver.cpp, line 782]
Event: 1.255 Thread 0x000001d195f2a000 Exception <a 'java/lang/NoSuchMethodError'{0x000000074d251190}: 'java.lang.Object java.lang.invoke.DirectMethodHandle$Holder.invokeStaticInit(java.lang.Object, java.lang.Object, int, int, int, int)'> (0x000000074d251190) 
thrown [./open/src/hotspot/share/interpreter/linkResolver.cpp, line 782]
Event: 1.682 Thread 0x000001d195f2a000 Exception <a 'java/lang/NoSuchMethodError'{0x000000074cea6de0}: 'void java.lang.invoke.DirectMethodHandle$Holder.invokeStatic(java.lang.Object, java.lang.Object, java.lang.Object)'> (0x000000074cea6de0) 
thrown [./open/src/hotspot/share/interpreter/linkResolver.cpp, line 782]

Events (20 events):
Event: 2.086 loading class jdk/internal/reflect/UnsafeQualifiedFieldAccessorImpl
Event: 2.087 loading class jdk/internal/reflect/UnsafeQualifiedFieldAccessorImpl done
Event: 2.087 loading class jdk/internal/reflect/UnsafeQualifiedObjectFieldAccessorImpl done
Event: 2.087 loading class jdk/internal/reflect/UnsafeIntegerFieldAccessorImpl
Event: 2.087 loading class jdk/internal/reflect/UnsafeIntegerFieldAccessorImpl done
Event: 2.093 loading class java/lang/NoSuchFieldError
Event: 2.093 loading class java/lang/NoSuchFieldError done
Event: 2.118 loading class java/lang/Class$2
Event: 2.118 loading class java/lang/Class$2 done
Event: 2.124 Loaded shared library C:\Users\Agile\.p2\pool\plugins\org.eclipse.justj.openjdk.hotspot.jre.full.win32.x86_64_15.0.2.v20210201-0955\jre\bin\verify.dll
Event: 2.143 loading class jdk/internal/HotSpotIntrinsicCandidate
Event: 2.143 loading class jdk/internal/HotSpotIntrinsicCandidate done
Event: 2.148 loading class java/util/LinkedHashMap$LinkedEntrySet
Event: 2.148 loading class java/util/LinkedHashMap$LinkedEntrySet done
Event: 2.148 loading class java/util/LinkedHashMap$LinkedEntryIterator
Event: 2.148 loading class java/util/LinkedHashMap$LinkedEntryIterator done
Event: 2.153 loading class java/lang/Package$1PackageInfoProxy
Event: 2.153 loading class java/lang/Package$1PackageInfoProxy done
Event: 2.172 loading class java/lang/Deprecated
Event: 2.172 loading class java/lang/Deprecated done


Dynamic libraries:
0x00007ff7b12a0000 - 0x00007ff7b12ad000 	C:\Users\Agile\.p2\pool\plugins\org.eclipse.justj.openjdk.hotspot.jre.full.win32.x86_64_15.0.2.v20210201-0955\jre\bin\javaw.exe
0x00007ffd9ee30000 - 0x00007ffd9f025000 	C:\WINDOWS\SYSTEM32\ntdll.dll
0x00007ffd9dfd0000 - 0x00007ffd9e08d000 	C:\WINDOWS\System32\KERNEL32.DLL
0x00007ffd9c960000 - 0x00007ffd9cc28000 	C:\WINDOWS\System32\KERNELBASE.dll
0x00007ffd9c830000 - 0x00007ffd9c930000 	C:\WINDOWS\System32\ucrtbase.dll
0x00007ffd86d60000 - 0x00007ffd86d78000 	C:\Users\Agile\.p2\pool\plugins\org.eclipse.justj.openjdk.hotspot.jre.full.win32.x86_64_15.0.2.v20210201-0955\jre\bin\jli.dll
0x00007ffd8ff50000 - 0x00007ffd8ff69000 	C:\Users\Agile\.p2\pool\plugins\org.eclipse.justj.openjdk.hotspot.jre.full.win32.x86_64_15.0.2.v20210201-0955\jre\bin\VCRUNTIME140.dll
0x00007ffd9d7e0000 - 0x00007ffd9d980000 	C:\WINDOWS\System32\USER32.dll
0x00007ffd9cdd0000 - 0x00007ffd9cdf2000 	C:\WINDOWS\System32\win32u.dll
0x00007ffd9d650000 - 0x00007ffd9d67a000 	C:\WINDOWS\System32\GDI32.dll
0x00007ffd90890000 - 0x00007ffd90b2a000 	C:\WINDOWS\WinSxS\amd64_microsoft.windows.common-controls_6595b64144ccf1df_6.0.19041.1052_none_60b8f8fd71f5e8cb\COMCTL32.dll
0x00007ffd9ccc0000 - 0x00007ffd9cdcb000 	C:\WINDOWS\System32\gdi32full.dll
0x00007ffd9e990000 - 0x00007ffd9ea2e000 	C:\WINDOWS\System32\msvcrt.dll
0x00007ffd9ce00000 - 0x00007ffd9ce9d000 	C:\WINDOWS\System32\msvcp_win.dll
0x00007ffd9d580000 - 0x00007ffd9d5b0000 	C:\WINDOWS\System32\IMM32.DLL
0x00007ffd976d0000 - 0x00007ffd976dc000 	C:\Users\Agile\.p2\pool\plugins\org.eclipse.justj.openjdk.hotspot.jre.full.win32.x86_64_15.0.2.v20210201-0955\jre\bin\vcruntime140_1.dll
0x00007ffd83930000 - 0x00007ffd839c1000 	C:\Users\Agile\.p2\pool\plugins\org.eclipse.justj.openjdk.hotspot.jre.full.win32.x86_64_15.0.2.v20210201-0955\jre\bin\msvcp140.dll
0x00007ffd216d0000 - 0x00007ffd2222e000 	C:\Users\Agile\.p2\pool\plugins\org.eclipse.justj.openjdk.hotspot.jre.full.win32.x86_64_15.0.2.v20210201-0955\jre\bin\server\jvm.dll
0x00007ffd9da30000 - 0x00007ffd9dadc000 	C:\WINDOWS\System32\ADVAPI32.dll
0x00007ffd9d5b0000 - 0x00007ffd9d64b000 	C:\WINDOWS\System32\sechost.dll
0x00007ffd9cf20000 - 0x00007ffd9d04b000 	C:\WINDOWS\System32\RPCRT4.dll
0x00007ffd9d380000 - 0x00007ffd9d388000 	C:\WINDOWS\System32\PSAPI.DLL
0x00007ffd868b0000 - 0x00007ffd868b9000 	C:\WINDOWS\SYSTEM32\WSOCK32.dll
0x00007ffd94690000 - 0x00007ffd9469a000 	C:\WINDOWS\SYSTEM32\VERSION.dll
0x00007ffd82530000 - 0x00007ffd82557000 	C:\WINDOWS\SYSTEM32\WINMM.dll
0x00007ffd9d680000 - 0x00007ffd9d6eb000 	C:\WINDOWS\System32\WS2_32.dll
0x00007ffd9a4c0000 - 0x00007ffd9a4d2000 	C:\WINDOWS\SYSTEM32\kernel.appcore.dll
0x00007ffd83e70000 - 0x00007ffd83e7a000 	C:\Users\Agile\.p2\pool\plugins\org.eclipse.justj.openjdk.hotspot.jre.full.win32.x86_64_15.0.2.v20210201-0955\jre\bin\jimage.dll
0x00007ffd94420000 - 0x00007ffd94604000 	C:\WINDOWS\SYSTEM32\DBGHELP.DLL
0x00007ffd946c0000 - 0x00007ffd946ec000 	C:\WINDOWS\SYSTEM32\dbgcore.DLL
0x00007ffd9cc30000 - 0x00007ffd9ccb3000 	C:\WINDOWS\System32\bcryptPrimitives.dll
0x00007ffd7a540000 - 0x00007ffd7a565000 	C:\Users\Agile\.p2\pool\plugins\org.eclipse.justj.openjdk.hotspot.jre.full.win32.x86_64_15.0.2.v20210201-0955\jre\bin\java.dll
0x00007ffd81c90000 - 0x00007ffd81ca8000 	C:\Users\Agile\.p2\pool\plugins\org.eclipse.justj.openjdk.hotspot.jre.full.win32.x86_64_15.0.2.v20210201-0955\jre\bin\zip.dll
0x00007ffd9e090000 - 0x00007ffd9e7cf000 	C:\WINDOWS\System32\SHELL32.dll
0x00007ffd9a6c0000 - 0x00007ffd9ae50000 	C:\WINDOWS\SYSTEM32\windows.storage.dll
0x00007ffd9ea30000 - 0x00007ffd9ed85000 	C:\WINDOWS\System32\combase.dll
0x00007ffd9bf10000 - 0x00007ffd9bf3c000 	C:\WINDOWS\SYSTEM32\Wldp.dll
0x00007ffd9d980000 - 0x00007ffd9da2e000 	C:\WINDOWS\System32\SHCORE.dll
0x00007ffd9d2c0000 - 0x00007ffd9d315000 	C:\WINDOWS\System32\shlwapi.dll
0x00007ffd9c4b0000 - 0x00007ffd9c4cf000 	C:\WINDOWS\SYSTEM32\profapi.dll
0x00007ffd7af00000 - 0x00007ffd7af19000 	C:\Users\Agile\.p2\pool\plugins\org.eclipse.justj.openjdk.hotspot.jre.full.win32.x86_64_15.0.2.v20210201-0955\jre\bin\net.dll
0x00007ffd927e0000 - 0x00007ffd928eb000 	C:\WINDOWS\SYSTEM32\WINHTTP.dll
0x00007ffd9bc80000 - 0x00007ffd9bcea000 	C:\WINDOWS\system32\mswsock.dll
0x00007ffd7a950000 - 0x00007ffd7a962000 	C:\Users\Agile\.p2\pool\plugins\org.eclipse.justj.openjdk.hotspot.jre.full.win32.x86_64_15.0.2.v20210201-0955\jre\bin\nio.dll
0x00007ffd9b9b0000 - 0x00007ffd9ba7c000 	C:\WINDOWS\SYSTEM32\DNSAPI.dll
0x00007ffd9b970000 - 0x00007ffd9b9ab000 	C:\WINDOWS\SYSTEM32\IPHLPAPI.DLL
0x00007ffd9d6f0000 - 0x00007ffd9d6f8000 	C:\WINDOWS\System32\NSI.dll
0x00007ffd92740000 - 0x00007ffd9274a000 	C:\Windows\System32\rasadhlp.dll
0x00007ffd92760000 - 0x00007ffd927df000 	C:\WINDOWS\System32\fwpuclnt.dll
0x00007ffd9c930000 - 0x00007ffd9c957000 	C:\WINDOWS\System32\bcrypt.dll
0x00007ffd9be50000 - 0x00007ffd9be68000 	C:\WINDOWS\SYSTEM32\CRYPTSP.dll
0x00007ffd9b620000 - 0x00007ffd9b654000 	C:\WINDOWS\system32\rsaenh.dll
0x00007ffd9c430000 - 0x00007ffd9c45e000 	C:\WINDOWS\SYSTEM32\USERENV.dll
0x00007ffd9be70000 - 0x00007ffd9be7c000 	C:\WINDOWS\SYSTEM32\CRYPTBASE.dll
0x00007ffd95800000 - 0x00007ffd95817000 	C:\WINDOWS\SYSTEM32\dhcpcsvc6.DLL
0x00007ffd96410000 - 0x00007ffd9642d000 	C:\WINDOWS\SYSTEM32\dhcpcsvc.DLL
0x00007ffd95660000 - 0x00007ffd9566d000 	C:\Users\Agile\.p2\pool\plugins\org.eclipse.justj.openjdk.hotspot.jre.full.win32.x86_64_15.0.2.v20210201-0955\jre\bin\sunmscapi.dll
0x00007ffd9c5c0000 - 0x00007ffd9c71f000 	C:\WINDOWS\System32\CRYPT32.dll
0x00007ffd9bf80000 - 0x00007ffd9bfa7000 	C:\WINDOWS\SYSTEM32\ncrypt.dll
0x00007ffd9bf40000 - 0x00007ffd9bf7b000 	C:\WINDOWS\SYSTEM32\NTASN1.dll
0x00007ffd95670000 - 0x00007ffd95680000 	C:\Users\Agile\.p2\pool\plugins\org.eclipse.justj.openjdk.hotspot.jre.full.win32.x86_64_15.0.2.v20210201-0955\jre\bin\verify.dll

dbghelp: loaded successfully - version: 4.0.5 - missing functions: none
symbol engine: initialized successfully - sym options: 0x614 - pdb path: .;C:\Users\Agile\.p2\pool\plugins\org.eclipse.justj.openjdk.hotspot.jre.full.win32.x86_64_15.0.2.v20210201-0955\jre\bin;C:\WINDOWS\SYSTEM32;C:\WINDOWS\WinSxS\amd64_microsoft.windows.common-controls_6595b64144ccf1df_6.0.19041.1052_none_60b8f8fd71f5e8cb;C:\Users\Agile\.p2\pool\plugins\org.eclipse.justj.openjdk.hotspot.jre.full.win32.x86_64_15.0.2.v20210201-0955\jre\bin\server

VM Arguments:
jvm_args: -ea -Dfile.encoding=Cp1252 -XX:+ShowCodeDetailsInExceptionMessages 
java_command: org.testng.remote.RemoteTestNG -serport 56061 -protocol json -d C:\Agile\automatizaciones\Proyecto Agile\TIMP_R1\test-output C:\Users\Agile\AppData\Local\Temp\testng-eclipse-113278286\testng-customsuite.xml
java_class_path (initial): C:\Users\Agile\eclipse\jee-2020-12\eclipse\configuration\org.eclipse.osgi\929\0\.cp\lib\testng-remote.jar;C:\Agile\automatizaciones\Proyecto Agile\TIMP_R1\target\test-classes;C:\Agile\automatizaciones\Proyecto Agile\TIMP_R1\target\classes;C:\Users\Agile\.m2\repository\org\seleniumhq\selenium\selenium-java\3.141.59\selenium-java-3.141.59.jar;C:\Users\Agile\.m2\repository\org\seleniumhq\selenium\selenium-api\3.141.59\selenium-api-3.141.59.jar;C:\Users\Agile\.m2\repository\org\seleniumhq\selenium\selenium-chrome-driver\3.141.59\selenium-chrome-driver-3.141.59.jar;C:\Users\Agile\.m2\repository\org\seleniumhq\selenium\selenium-edge-driver\3.141.59\selenium-edge-driver-3.141.59.jar;C:\Users\Agile\.m2\repository\org\seleniumhq\selenium\selenium-firefox-driver\3.141.59\selenium-firefox-driver-3.141.59.jar;C:\Users\Agile\.m2\repository\org\seleniumhq\selenium\selenium-ie-driver\3.141.59\selenium-ie-driver-3.141.59.jar;C:\Users\Agile\.m2\repository\org\seleniumhq\selenium\selenium-opera-driver\3.141.59\selenium-opera-driver-3.141.59.jar;C:\Users\Agile\.m2\repository\org\seleniumhq\selenium\selenium-remote-driver\3.141.59\selenium-remote-driver-3.141.59.jar;C:\Users\Agile\.m2\repository\org\seleniumhq\selenium\selenium-safari-driver\3.141.59\selenium-safari-driver-3.141.59.jar;C:\Users\Agile\.m2\repository\org\seleniumhq\selenium\selenium-support\3.141.59\selenium-support-3.141.59.jar;C:\Users\Agile\.m2\repository\net\bytebuddy\byte-buddy\1.8.15\byte-buddy-1.8.15.jar;C:\Users\Agile\.m2\repository\org\apache\commons\commons-exec\1.3\commons-exec-1.3.jar;C:\Users\Agile\.m2\repository\com\google\guava\guava\25.0-jre\guava-25.0-jre.jar;C:\Users\Agile\.m2\repository\com\google\code\findbugs\jsr305\1.3.9\jsr305-1.3.9.jar;C:\Users\Agile\.m2\repository\org\checkerframework\checker-compat-qual\2.0.0\checker-compat-qual-2.0.0.jar;C:\Users\Agile\.m2\repository\com\google\errorprone\error_prone_annotations\2.1.3\error_prone_annotations-2.1.3.jar;C:\Users\Agile
Launcher Type: SUN_STANDARD

[Global flags]
     intx CICompilerCount                          = 4                                         {product} {ergonomic}
     uint ConcGCThreads                            = 2                                         {product} {ergonomic}
     uint G1ConcRefinementThreads                  = 8                                         {product} {ergonomic}
   size_t G1HeapRegionSize                         = 2097152                                   {product} {ergonomic}
    uintx GCDrainStackTargetSize                   = 64                                        {product} {ergonomic}
   size_t InitialHeapSize                          = 199229440                                 {product} {ergonomic}
   size_t MarkStackSize                            = 4194304                                   {product} {ergonomic}
   size_t MaxHeapSize                              = 3181379584                                {product} {ergonomic}
   size_t MaxNewSize                               = 1908408320                                {product} {ergonomic}
   size_t MinHeapDeltaBytes                        = 2097152                                   {product} {ergonomic}
   size_t MinHeapSize                              = 8388608                                   {product} {ergonomic}
    uintx NonNMethodCodeHeapSize                   = 5839372                                {pd product} {ergonomic}
    uintx NonProfiledCodeHeapSize                  = 122909434                              {pd product} {ergonomic}
    uintx ProfiledCodeHeapSize                     = 122909434                              {pd product} {ergonomic}
    uintx ReservedCodeCacheSize                    = 251658240                              {pd product} {ergonomic}
     bool SegmentedCodeCache                       = true                                      {product} {ergonomic}
     bool ShowCodeDetailsInExceptionMessages       = true                                   {manageable} {command line}
   size_t SoftMaxHeapSize                          = 3181379584                             {manageable} {ergonomic}
     bool UseCompressedClassPointers               = true                                 {lp64_product} {ergonomic}
     bool UseCompressedOops                        = true                                 {lp64_product} {ergonomic}
     bool UseG1GC                                  = true                                      {product} {ergonomic}
     bool UseLargePagesIndividualAllocation        = false                                  {pd product} {ergonomic}

Logging:
Log output configuration:
 #0: stdout all=warning uptime,level,tags
 #1: stderr all=off uptime,level,tags

Environment Variables:
PATH=C:/Users/Agile/.p2/pool/plugins/org.eclipse.justj.openjdk.hotspot.jre.full.win32.x86_64_15.0.2.v20210201-0955/jre/bin/server;C:/Users/Agile/.p2/pool/plugins/org.eclipse.justj.openjdk.hotspot.jre.full.win32.x86_64_15.0.2.v20210201-0955/jre/bin;C:\WINDOWS\system32;C:\WINDOWS;C:\WINDOWS\System32\Wbem;C:\WINDOWS\System32\WindowsPowerShell\v1.0\;C:\WINDOWS\System32\OpenSSH\;C:\Program Files\Git\cmd;C:\Users\Agile\AppData\Local\Microsoft\WindowsApps;;C:\Users\Agile\AppData\Local\Programs\Microsoft VS Code\bin;C:\Users\Agile\Desktop;
USERNAME=Kenssy
OS=Windows_NT
PROCESSOR_IDENTIFIER=Intel64 Family 6 Model 142 Stepping 11, GenuineIntel



---------------  S Y S T E M  ---------------

OS:
 Windows 10 , 64 bit Build 19041 (10.0.19041.1023)
OS uptime: 1 days 18:49 hours

CPU: total 8 (initial active 8) (4 cores per cpu, 2 threads per core) family 6 model 142 stepping 11 microcode 0xde, cmov, cx8, fxsr, mmx, sse, sse2, sse3, ssse3, sse4.1, sse4.2, popcnt, vzeroupper, avx, avx2, aes, clmul, erms, 3dnowpref, lzcnt, ht, tsc, tscinvbit, bmi1, bmi2, adx, fma, clflush, clflushopt

Memory: 4k page, system-wide physical 12135M (721M free)
TotalPageFile size 48999M (AvailPageFile size 0M)
current process WorkingSet (physical memory assigned to process): 98M, peak: 98M
current process commit charge ("private bytes"): 300M, peak: 300M

vm_info: OpenJDK 64-Bit Server VM (15.0.2+7-27) for windows-amd64 JRE (15.0.2+7-27), built on Dec  7 2020 20:02:38 by "mach5one" with unknown MS VC++:1925

END.
