#
# There is insufficient memory for the Java Runtime Environment to continue.
# Native memory allocation (mmap) failed to map 199229440 bytes for G1 virtual space
# Possible reasons:
#   The system is out of physical RAM or swap space
#   The process is running with CompressedOops enabled, and the Java Heap may be blocking the growth of the native heap
# Possible solutions:
#   Reduce memory load on the system
#   Increase physical memory or swap space
#   Check if swap backing store is full
#   Decrease Java heap size (-Xmx/-Xms)
#   Decrease number of Java threads
#   Decrease Java thread stack sizes (-Xss)
#   Set larger code cache with -XX:ReservedCodeCacheSize=
#   JVM is running with Zero Based Compressed Oops mode in which the Java heap is
#     placed in the first 32GB address space. The Java Heap base address is the
#     maximum limit for the native heap growth. Please use -XX:HeapBaseMinAddress
#     to set the Java Heap base and to place the Java Heap above 32GB virtual address.
# This output file may be truncated or incomplete.
#
#  Out of Memory Error (./open/src/hotspot/os/windows/os_windows.cpp:3321), pid=11820, tid=16564
#
# JRE version:  (15.0.2+7) (build )
# Java VM: OpenJDK 64-Bit Server VM (15.0.2+7-27, mixed mode, sharing, tiered, compressed oops, g1 gc, windows-amd64)
# No core dump will be written. Minidumps are not enabled by default on client versions of Windows
#

---------------  S U M M A R Y ------------

Command Line: -ea -Dfile.encoding=Cp1252 -XX:+ShowCodeDetailsInExceptionMessages org.testng.remote.RemoteTestNG -serport 51785 -protocol json -d C:\Agile\automatizaciones\Proyecto Agile\TIMP_R1\test-output C:\Users\Agile\AppData\Local\Temp\testng-eclipse-220141593\testng-customsuite.xml

Host: Intel(R) Core(TM) i7-8565U CPU @ 1.80GHz, 8 cores, 11G,  Windows 10 , 64 bit Build 19041 (10.0.19041.1023)
Time: Sun Jun 13 16:33:39 2021 Hora estándar, América Central elapsed time: 0.031090 seconds (0d 0h 0m 0s)

---------------  T H R E A D  ---------------

Current thread (0x0000023faa51f5a0):  JavaThread "Unknown thread" [_thread_in_vm, id=16564, stack(0x000000f0f7800000,0x000000f0f7900000)]

Stack: [0x000000f0f7800000,0x000000f0f7900000]
Native frames: (J=compiled Java code, j=interpreted, Vv=VM code, C=native code)
V  [jvm.dll+0x62ae9a]
V  [jvm.dll+0x7817a9]
V  [jvm.dll+0x782f03]
V  [jvm.dll+0x783563]
V  [jvm.dll+0x216325]
V  [jvm.dll+0x6281d9]
V  [jvm.dll+0x61cf55]
V  [jvm.dll+0x2cffdd]
V  [jvm.dll+0x2cfe42]
V  [jvm.dll+0x2d5e1c]
V  [jvm.dll+0x32590a]
V  [jvm.dll+0x324fd4]
V  [jvm.dll+0x2a6f5a]
V  [jvm.dll+0x2a80f8]
V  [jvm.dll+0x75e241]
V  [jvm.dll+0x3341c4]
V  [jvm.dll+0x73e926]
V  [jvm.dll+0x3b7557]
V  [jvm.dll+0x3b8fe1]
C  [jli.dll+0x52fb]
C  [ucrtbase.dll+0x21bb2]
C  [KERNEL32.DLL+0x17034]
C  [ntdll.dll+0x52651]


---------------  P R O C E S S  ---------------

Threads class SMR info:
_java_thread_list=0x00007ffd22194ff0, length=0, elements={
}

Java Threads: ( => current thread )

Other Threads:
  0x0000023faa55df70 GCTaskThread "GC Thread#0" [stack: 0x000000f0f7900000,0x000000f0f7a00000] [id=24908]
  0x0000023faa56c700 ConcurrentGCThread "G1 Main Marker" [stack: 0x000000f0f7a00000,0x000000f0f7b00000] [id=17204]
  0x0000023faa56d2f0 ConcurrentGCThread "G1 Conc#0" [stack: 0x000000f0f7b00000,0x000000f0f7c00000] [id=7996]

[error occurred during error reporting (printing all threads), id 0xc0000005, EXCEPTION_ACCESS_VIOLATION (0xc0000005) at pc=0x00007ffd21987e27]

VM state: not at safepoint (not fully initialized)

VM Mutex/Monitor currently owned by a thread:  ([mutex/lock_event])
[0x0000023faa51b6f0] Heap_lock - owner thread: 0x0000023faa51f5a0

Heap address: 0x0000000742600000, size: 3034 MB, Compressed Oops mode: Zero based, Oop shift amount: 3
CDS archive(s) mapped at: [0x0000000000000000-0x0000000000000000-0x0000000000000000), size 0, SharedBaseAddress: 0x0000000800000000, ArchiveRelocationMode: 0.
Narrow klass base: 0x0000000000000000, Narrow klass shift: 0, Narrow klass range: 0x0

Heap:
 garbage-first heap   total 194560K, used 0K [0x0000000742600000, 0x0000000800000000)
  region size 2048K, 0 young (0K), 0 survivors (0K)
 Metaspace       used 0K, capacity 0K, committed 0K, reserved 0K
  class space    used 0K, capacity 0K, committed 0K, reserved 0K

Heap Regions: E=young(eden), S=young(survivor), O=old, HS=humongous(starts), HC=humongous(continues), CS=collection set, F=free, OA=open archive, CA=closed archive, TAMS=top-at-mark-start (previous, next)

Card table byte_map: [0x0000023fbd850000,0x0000023fbde40000] _byte_map_base: 0x0000023fb9e3d000

Marking Bits (Prev, Next): (CMBitMap*) 0x0000023faa55e7e0, (CMBitMap*) 0x0000023faa55e820
 Prev Bits: [0x0000023fbe430000, 0x0000023fc1398000)
 Next Bits: [0x0000023fc13a0000, 0x0000023fc4308000)

GC Heap History (0 events):
No events

Deoptimization events (0 events):
No events

Classes unloaded (0 events):
No events

Classes redefined (0 events):
No events

Internal exceptions (0 events):
No events

Events (1 events):
Event: 0.017 Loaded shared library C:\Users\Agile\.p2\pool\plugins\org.eclipse.justj.openjdk.hotspot.jre.full.win32.x86_64_15.0.2.v20210201-0955\jre\bin\java.dll


Dynamic libraries:
0x00007ff782eb0000 - 0x00007ff782ebd000 	C:\Users\Agile\.p2\pool\plugins\org.eclipse.justj.openjdk.hotspot.jre.full.win32.x86_64_15.0.2.v20210201-0955\jre\bin\javaw.exe
0x00007ffd9ee30000 - 0x00007ffd9f025000 	C:\WINDOWS\SYSTEM32\ntdll.dll
0x00007ffd9dfd0000 - 0x00007ffd9e08d000 	C:\WINDOWS\System32\KERNEL32.DLL
0x00007ffd9c960000 - 0x00007ffd9cc28000 	C:\WINDOWS\System32\KERNELBASE.dll
0x00007ffd9c830000 - 0x00007ffd9c930000 	C:\WINDOWS\System32\ucrtbase.dll
0x00007ffd8fc70000 - 0x00007ffd8fc88000 	C:\Users\Agile\.p2\pool\plugins\org.eclipse.justj.openjdk.hotspot.jre.full.win32.x86_64_15.0.2.v20210201-0955\jre\bin\jli.dll
0x00007ffd8fc90000 - 0x00007ffd8fca9000 	C:\Users\Agile\.p2\pool\plugins\org.eclipse.justj.openjdk.hotspot.jre.full.win32.x86_64_15.0.2.v20210201-0955\jre\bin\VCRUNTIME140.dll
0x00007ffd90890000 - 0x00007ffd90b2a000 	C:\WINDOWS\WinSxS\amd64_microsoft.windows.common-controls_6595b64144ccf1df_6.0.19041.1052_none_60b8f8fd71f5e8cb\COMCTL32.dll
0x00007ffd9e990000 - 0x00007ffd9ea2e000 	C:\WINDOWS\System32\msvcrt.dll
0x00007ffd9d650000 - 0x00007ffd9d67a000 	C:\WINDOWS\System32\GDI32.dll
0x00007ffd9d7e0000 - 0x00007ffd9d980000 	C:\WINDOWS\System32\USER32.dll
0x00007ffd9cdd0000 - 0x00007ffd9cdf2000 	C:\WINDOWS\System32\win32u.dll
0x00007ffd9ccc0000 - 0x00007ffd9cdcb000 	C:\WINDOWS\System32\gdi32full.dll
0x00007ffd9ce00000 - 0x00007ffd9ce9d000 	C:\WINDOWS\System32\msvcp_win.dll
0x00007ffd9d580000 - 0x00007ffd9d5b0000 	C:\WINDOWS\System32\IMM32.DLL
0x00007ffd8ff50000 - 0x00007ffd8ff5c000 	C:\Users\Agile\.p2\pool\plugins\org.eclipse.justj.openjdk.hotspot.jre.full.win32.x86_64_15.0.2.v20210201-0955\jre\bin\vcruntime140_1.dll
0x00007ffd631b0000 - 0x00007ffd63241000 	C:\Users\Agile\.p2\pool\plugins\org.eclipse.justj.openjdk.hotspot.jre.full.win32.x86_64_15.0.2.v20210201-0955\jre\bin\msvcp140.dll
0x00007ffd216d0000 - 0x00007ffd2222e000 	C:\Users\Agile\.p2\pool\plugins\org.eclipse.justj.openjdk.hotspot.jre.full.win32.x86_64_15.0.2.v20210201-0955\jre\bin\server\jvm.dll
0x00007ffd9da30000 - 0x00007ffd9dadc000 	C:\WINDOWS\System32\ADVAPI32.dll
0x00007ffd9d5b0000 - 0x00007ffd9d64b000 	C:\WINDOWS\System32\sechost.dll
0x00007ffd9cf20000 - 0x00007ffd9d04b000 	C:\WINDOWS\System32\RPCRT4.dll
0x00007ffd9d380000 - 0x00007ffd9d388000 	C:\WINDOWS\System32\PSAPI.DLL
0x00007ffd94690000 - 0x00007ffd9469a000 	C:\WINDOWS\SYSTEM32\VERSION.dll
0x00007ffd82530000 - 0x00007ffd82557000 	C:\WINDOWS\SYSTEM32\WINMM.dll
0x00007ffd868b0000 - 0x00007ffd868b9000 	C:\WINDOWS\SYSTEM32\WSOCK32.dll
0x00007ffd9d680000 - 0x00007ffd9d6eb000 	C:\WINDOWS\System32\WS2_32.dll
0x00007ffd9a4c0000 - 0x00007ffd9a4d2000 	C:\WINDOWS\SYSTEM32\kernel.appcore.dll
0x00007ffd83e70000 - 0x00007ffd83e7a000 	C:\Users\Agile\.p2\pool\plugins\org.eclipse.justj.openjdk.hotspot.jre.full.win32.x86_64_15.0.2.v20210201-0955\jre\bin\jimage.dll
0x00007ffd94420000 - 0x00007ffd94604000 	C:\WINDOWS\SYSTEM32\DBGHELP.DLL
0x00007ffd946c0000 - 0x00007ffd946ec000 	C:\WINDOWS\SYSTEM32\dbgcore.DLL
0x00007ffd9cc30000 - 0x00007ffd9ccb3000 	C:\WINDOWS\System32\bcryptPrimitives.dll
0x00007ffd7a540000 - 0x00007ffd7a565000 	C:\Users\Agile\.p2\pool\plugins\org.eclipse.justj.openjdk.hotspot.jre.full.win32.x86_64_15.0.2.v20210201-0955\jre\bin\java.dll

dbghelp: loaded successfully - version: 4.0.5 - missing functions: none
symbol engine: initialized successfully - sym options: 0x614 - pdb path: .;C:\Users\Agile\.p2\pool\plugins\org.eclipse.justj.openjdk.hotspot.jre.full.win32.x86_64_15.0.2.v20210201-0955\jre\bin;C:\WINDOWS\SYSTEM32;C:\WINDOWS\WinSxS\amd64_microsoft.windows.common-controls_6595b64144ccf1df_6.0.19041.1052_none_60b8f8fd71f5e8cb;C:\Users\Agile\.p2\pool\plugins\org.eclipse.justj.openjdk.hotspot.jre.full.win32.x86_64_15.0.2.v20210201-0955\jre\bin\server

VM Arguments:
jvm_args: -ea -Dfile.encoding=Cp1252 -XX:+ShowCodeDetailsInExceptionMessages 
java_command: org.testng.remote.RemoteTestNG -serport 51785 -protocol json -d C:\Agile\automatizaciones\Proyecto Agile\TIMP_R1\test-output C:\Users\Agile\AppData\Local\Temp\testng-eclipse-220141593\testng-customsuite.xml
java_class_path (initial): C:\Users\Agile\eclipse\jee-2020-12\eclipse\configuration\org.eclipse.osgi\929\0\.cp\lib\testng-remote.jar;C:\Agile\automatizaciones\Proyecto Agile\TIMP_R1\target\test-classes;C:\Agile\automatizaciones\Proyecto Agile\TIMP_R1\target\classes;C:\Users\Agile\.m2\repository\org\seleniumhq\selenium\selenium-java\3.141.59\selenium-java-3.141.59.jar;C:\Users\Agile\.m2\repository\org\seleniumhq\selenium\selenium-api\3.141.59\selenium-api-3.141.59.jar;C:\Users\Agile\.m2\repository\org\seleniumhq\selenium\selenium-chrome-driver\3.141.59\selenium-chrome-driver-3.141.59.jar;C:\Users\Agile\.m2\repository\org\seleniumhq\selenium\selenium-edge-driver\3.141.59\selenium-edge-driver-3.141.59.jar;C:\Users\Agile\.m2\repository\org\seleniumhq\selenium\selenium-firefox-driver\3.141.59\selenium-firefox-driver-3.141.59.jar;C:\Users\Agile\.m2\repository\org\seleniumhq\selenium\selenium-ie-driver\3.141.59\selenium-ie-driver-3.141.59.jar;C:\Users\Agile\.m2\repository\org\seleniumhq\selenium\selenium-opera-driver\3.141.59\selenium-opera-driver-3.141.59.jar;C:\Users\Agile\.m2\repository\org\seleniumhq\selenium\selenium-remote-driver\3.141.59\selenium-remote-driver-3.141.59.jar;C:\Users\Agile\.m2\repository\org\seleniumhq\selenium\selenium-safari-driver\3.141.59\selenium-safari-driver-3.141.59.jar;C:\Users\Agile\.m2\repository\org\seleniumhq\selenium\selenium-support\3.141.59\selenium-support-3.141.59.jar;C:\Users\Agile\.m2\repository\net\bytebuddy\byte-buddy\1.8.15\byte-buddy-1.8.15.jar;C:\Users\Agile\.m2\repository\org\apache\commons\commons-exec\1.3\commons-exec-1.3.jar;C:\Users\Agile\.m2\repository\com\google\guava\guava\25.0-jre\guava-25.0-jre.jar;C:\Users\Agile\.m2\repository\com\google\code\findbugs\jsr305\1.3.9\jsr305-1.3.9.jar;C:\Users\Agile\.m2\repository\org\checkerframework\checker-compat-qual\2.0.0\checker-compat-qual-2.0.0.jar;C:\Users\Agile\.m2\repository\com\google\errorprone\error_prone_annotations\2.1.3\error_prone_annotations-2.1.3.jar;C:\Users\Agile
Launcher Type: SUN_STANDARD

[Global flags]
     intx CICompilerCount                          = 4                                         {product} {ergonomic}
     uint ConcGCThreads                            = 2                                         {product} {ergonomic}
     uint G1ConcRefinementThreads                  = 8                                         {product} {ergonomic}
   size_t G1HeapRegionSize                         = 2097152                                   {product} {ergonomic}
    uintx GCDrainStackTargetSize                   = 64                                        {product} {ergonomic}
   size_t InitialHeapSize                          = 199229440                                 {product} {ergonomic}
   size_t MarkStackSize                            = 4194304                                   {product} {ergonomic}
   size_t MaxHeapSize                              = 3181379584                                {product} {ergonomic}
   size_t MinHeapDeltaBytes                        = 2097152                                   {product} {ergonomic}
   size_t MinHeapSize                              = 8388608                                   {product} {ergonomic}
    uintx NonNMethodCodeHeapSize                   = 5839372                                {pd product} {ergonomic}
    uintx NonProfiledCodeHeapSize                  = 122909434                              {pd product} {ergonomic}
    uintx ProfiledCodeHeapSize                     = 122909434                              {pd product} {ergonomic}
    uintx ReservedCodeCacheSize                    = 251658240                              {pd product} {ergonomic}
     bool SegmentedCodeCache                       = true                                      {product} {ergonomic}
     bool ShowCodeDetailsInExceptionMessages       = true                                   {manageable} {command line}
   size_t SoftMaxHeapSize                          = 3181379584                             {manageable} {ergonomic}
     bool UseCompressedClassPointers               = true                                 {lp64_product} {ergonomic}
     bool UseCompressedOops                        = true                                 {lp64_product} {ergonomic}
     bool UseG1GC                                  = true                                      {product} {ergonomic}
     bool UseLargePagesIndividualAllocation        = false                                  {pd product} {ergonomic}

Logging:
Log output configuration:
 #0: stdout all=warning uptime,level,tags
 #1: stderr all=off uptime,level,tags

Environment Variables:
PATH=C:/Users/Agile/.p2/pool/plugins/org.eclipse.justj.openjdk.hotspot.jre.full.win32.x86_64_15.0.2.v20210201-0955/jre/bin/server;C:/Users/Agile/.p2/pool/plugins/org.eclipse.justj.openjdk.hotspot.jre.full.win32.x86_64_15.0.2.v20210201-0955/jre/bin;C:\WINDOWS\system32;C:\WINDOWS;C:\WINDOWS\System32\Wbem;C:\WINDOWS\System32\WindowsPowerShell\v1.0\;C:\WINDOWS\System32\OpenSSH\;C:\Program Files\Git\cmd;C:\Users\Agile\AppData\Local\Microsoft\WindowsApps;;C:\Users\Agile\AppData\Local\Programs\Microsoft VS Code\bin;C:\Users\Agile\Desktop;
USERNAME=Kenssy
OS=Windows_NT
PROCESSOR_IDENTIFIER=Intel64 Family 6 Model 142 Stepping 11, GenuineIntel



---------------  S Y S T E M  ---------------

OS:
 Windows 10 , 64 bit Build 19041 (10.0.19041.1023)
OS uptime: 1 days 12:26 hours

CPU: total 8 (initial active 8) (4 cores per cpu, 2 threads per core) family 6 model 142 stepping 11 microcode 0xde, cmov, cx8, fxsr, mmx, sse, sse2, sse3, ssse3, sse4.1, sse4.2, popcnt, vzeroupper, avx, avx2, aes, clmul, erms, 3dnowpref, lzcnt, ht, tsc, tscinvbit, bmi1, bmi2, adx, fma, clflush, clflushopt

Memory: 4k page, system-wide physical 12135M (767M free)
TotalPageFile size 48999M (AvailPageFile size 134M)
current process WorkingSet (physical memory assigned to process): 10M, peak: 10M
current process commit charge ("private bytes"): 60M, peak: 250M

vm_info: OpenJDK 64-Bit Server VM (15.0.2+7-27) for windows-amd64 JRE (15.0.2+7-27), built on Dec  7 2020 20:02:38 by "mach5one" with unknown MS VC++:1925

END.
