#
# There is insufficient memory for the Java Runtime Environment to continue.
# Native memory allocation (malloc) failed to allocate 32744 bytes for ChunkPool::allocate
# Possible reasons:
#   The system is out of physical RAM or swap space
#   The process is running with CompressedOops enabled, and the Java Heap may be blocking the growth of the native heap
# Possible solutions:
#   Reduce memory load on the system
#   Increase physical memory or swap space
#   Check if swap backing store is full
#   Decrease Java heap size (-Xmx/-Xms)
#   Decrease number of Java threads
#   Decrease Java thread stack sizes (-Xss)
#   Set larger code cache with -XX:ReservedCodeCacheSize=
#   JVM is running with Zero Based Compressed Oops mode in which the Java heap is
#     placed in the first 32GB address space. The Java Heap base address is the
#     maximum limit for the native heap growth. Please use -XX:HeapBaseMinAddress
#     to set the Java Heap base and to place the Java Heap above 32GB virtual address.
# This output file may be truncated or incomplete.
#
#  Out of Memory Error (./open/src/hotspot/share/memory/arena.cpp:79), pid=19948, tid=21436
#
# JRE version: OpenJDK Runtime Environment (15.0.2+7) (build 15.0.2+7-27)
# Java VM: OpenJDK 64-Bit Server VM (15.0.2+7-27, mixed mode, tiered, compressed oops, g1 gc, windows-amd64)
# No core dump will be written. Minidumps are not enabled by default on client versions of Windows
#

---------------  S U M M A R Y ------------

Command Line: -ea -Dfile.encoding=Cp1252 -XX:+ShowCodeDetailsInExceptionMessages org.testng.remote.RemoteTestNG -serport 64672 -protocol json -d C:\Agile\automatizaciones\Proyecto Agile\TIMP_R1\test-output C:\Users\Agile\AppData\Local\Temp\testng-eclipse-1849365676\testng-customsuite.xml

Host: Intel(R) Core(TM) i7-8565U CPU @ 1.80GHz, 8 cores, 11G,  Windows 10 , 64 bit Build 19041 (10.0.19041.928)
Time: Mon May 10 15:48:18 2021 Hora estándar, América Central elapsed time: 159.855049 seconds (0d 0h 2m 39s)

---------------  T H R E A D  ---------------

Current thread (0x00000212d455d4b0):  JavaThread "C2 CompilerThread0" daemon [_thread_in_native, id=21436, stack(0x0000002d77500000,0x0000002d77600000)]


Current CompileTask:
C2: 159855 3242       4       java.util.Formatter$FixedString::print (26 bytes)

Stack: [0x0000002d77500000,0x0000002d77600000]
Native frames: (J=compiled Java code, j=interpreted, Vv=VM code, C=native code)
V  [jvm.dll+0x62ae9a]
V  [jvm.dll+0x7817a9]
V  [jvm.dll+0x782f03]
V  [jvm.dll+0x783563]
V  [jvm.dll+0x216325]
V  [jvm.dll+0x982cf]
V  [jvm.dll+0x980ad]
V  [jvm.dll+0x609d14]
V  [jvm.dll+0x6552ea]
V  [jvm.dll+0x18e47d]
V  [jvm.dll+0x1ea822]
V  [jvm.dll+0x1e996e]
V  [jvm.dll+0x178567]
V  [jvm.dll+0x1f9225]
V  [jvm.dll+0x1f72cc]
V  [jvm.dll+0x74495d]
V  [jvm.dll+0x73d75a]
V  [jvm.dll+0x629c56]
C  [ucrtbase.dll+0x21bb2]
C  [KERNEL32.DLL+0x17034]
C  [ntdll.dll+0x52651]


---------------  P R O C E S S  ---------------

Threads class SMR info:
_java_thread_list=0x00000212d462a690, length=17, elements={
0x00000212b746c550, 0x00000212d4535010, 0x00000212d45359d0, 0x00000212d4556330,
0x00000212d455ac10, 0x00000212d455b6c0, 0x00000212d455d4b0, 0x00000212d456b180,
0x00000212d457e690, 0x00000212d46f1ea0, 0x00000212d46f4690, 0x00000212d4a83fc0,
0x00000212d5b044d0, 0x00000212d5a6aaa0, 0x00000212d6203830, 0x00000212d623cea0,
0x00000212d5ab7480
}

Java Threads: ( => current thread )
  0x00000212b746c550 JavaThread "main" [_thread_blocked, id=1244, stack(0x0000002d76900000,0x0000002d76a00000)]
  0x00000212d4535010 JavaThread "Reference Handler" daemon [_thread_blocked, id=6380, stack(0x0000002d77000000,0x0000002d77100000)]
  0x00000212d45359d0 JavaThread "Finalizer" daemon [_thread_blocked, id=7340, stack(0x0000002d77100000,0x0000002d77200000)]
  0x00000212d4556330 JavaThread "Signal Dispatcher" daemon [_thread_blocked, id=7756, stack(0x0000002d77200000,0x0000002d77300000)]
  0x00000212d455ac10 JavaThread "Attach Listener" daemon [_thread_blocked, id=10788, stack(0x0000002d77300000,0x0000002d77400000)]
  0x00000212d455b6c0 JavaThread "Service Thread" daemon [_thread_blocked, id=15076, stack(0x0000002d77400000,0x0000002d77500000)]
=>0x00000212d455d4b0 JavaThread "C2 CompilerThread0" daemon [_thread_in_native, id=21436, stack(0x0000002d77500000,0x0000002d77600000)]
  0x00000212d456b180 JavaThread "C1 CompilerThread0" daemon [_thread_blocked, id=6476, stack(0x0000002d77600000,0x0000002d77700000)]
  0x00000212d457e690 JavaThread "Sweeper thread" daemon [_thread_blocked, id=20056, stack(0x0000002d77700000,0x0000002d77800000)]
  0x00000212d46f1ea0 JavaThread "Notification Thread" daemon [_thread_blocked, id=7644, stack(0x0000002d77800000,0x0000002d77900000)]
  0x00000212d46f4690 JavaThread "Common-Cleaner" daemon [_thread_blocked, id=20776, stack(0x0000002d77a00000,0x0000002d77b00000)]
  0x00000212d4a83fc0 JavaThread "ReaderThread" [_thread_in_native, id=19152, stack(0x0000002d77c00000,0x0000002d77d00000)]
  0x00000212d5b044d0 JavaThread "Exec Default Executor" daemon [_thread_in_native, id=17936, stack(0x0000002d78300000,0x0000002d78400000)]
  0x00000212d5a6aaa0 JavaThread "Exec Stream Pumper" daemon [_thread_in_native, id=15376, stack(0x0000002d78500000,0x0000002d78600000)]
  0x00000212d6203830 JavaThread "Exec Stream Pumper" daemon [_thread_in_native, id=6344, stack(0x0000002d78600000,0x0000002d78700000)]
  0x00000212d623cea0 JavaThread "OkHttp ConnectionPool" daemon [_thread_blocked, id=18996, stack(0x0000002d77d00000,0x0000002d77e00000)]
  0x00000212d5ab7480 JavaThread "Okio Watchdog" daemon [_thread_blocked, id=21928, stack(0x0000002d78700000,0x0000002d78800000)]

Other Threads:
  0x00000212d44fd6a0 VMThread "VM Thread" [stack: 0x0000002d76f00000,0x0000002d77000000] [id=1080]
  0x00000212d46f2370 WatcherThread [stack: 0x0000002d77900000,0x0000002d77a00000] [id=12372]
  0x00000212b74af320 GCTaskThread "GC Thread#0" [stack: 0x0000002d76a00000,0x0000002d76b00000] [id=10024]
  0x00000212d4b82e90 GCTaskThread "GC Thread#1" [stack: 0x0000002d77f00000,0x0000002d78000000] [id=8204]
  0x00000212d4b83b50 GCTaskThread "GC Thread#2" [stack: 0x0000002d78000000,0x0000002d78100000] [id=18940]
  0x00000212d4b834f0 GCTaskThread "GC Thread#3" [stack: 0x0000002d78100000,0x0000002d78200000] [id=20464]
  0x00000212b74bdab0 ConcurrentGCThread "G1 Main Marker" [stack: 0x0000002d76b00000,0x0000002d76c00000] [id=20080]
  0x00000212b74c06c0 ConcurrentGCThread "G1 Conc#0" [stack: 0x0000002d76c00000,0x0000002d76d00000] [id=20404]
  0x00000212d4b831c0 ConcurrentGCThread "G1 Conc#1" [stack: 0x0000002d77e00000,0x0000002d77f00000] [id=17216]
  0x00000212b7536230 ConcurrentGCThread "G1 Refine#0" [stack: 0x0000002d76d00000,0x0000002d76e00000] [id=22000]
  0x00000212d3b300a0 ConcurrentGCThread "G1 Young RemSet Sampling" [stack: 0x0000002d76e00000,0x0000002d76f00000] [id=12704]

Threads with active compile tasks:
C2 CompilerThread0   159924 3242       4       java.util.Formatter$FixedString::print (26 bytes)

VM state: not at safepoint (normal execution)

VM Mutex/Monitor currently owned by a thread: None

Heap address: 0x0000000742600000, size: 3034 MB, Compressed Oops mode: Zero based, Oop shift amount: 3
CDS disabled.
Compressed class space mapped at: 0x0000000800000000-0x0000000840000000, size: 1073741824
Narrow klass base: 0x0000000800000000, Narrow klass shift: 0, Narrow klass range: 0x40000000

GC Precious Log:
 CPUs: 8 total, 8 available
 Memory: 12135M
 Large Page Support: Disabled
 NUMA Support: Disabled
 Compressed Oops: Enabled (Zero based)
 Heap Region Size: 2M
 Heap Min Capacity: 8M
 Heap Initial Capacity: 190M
 Heap Max Capacity: 3034M
 Pre-touch: Disabled
 Parallel Workers: 8
 Concurrent Workers: 2
 Concurrent Refinement Workers: 8
 Periodic GC: Disabled

Heap:
 garbage-first heap   total 34816K, used 11301K [0x0000000742600000, 0x0000000800000000)
  region size 2048K, 4 young (8192K), 1 survivors (2048K)
 Metaspace       used 27397K, capacity 27730K, committed 27904K, reserved 1075200K
  class space    used 2871K, capacity 2980K, committed 3072K, reserved 1048576K

Heap Regions: E=young(eden), S=young(survivor), O=old, HS=humongous(starts), HC=humongous(continues), CS=collection set, F=free, OA=open archive, CA=closed archive, TAMS=top-at-mark-start (previous, next)
|   0|0x0000000742600000, 0x0000000742800000, 0x0000000742800000|100%| O|  |TAMS 0x00000007426ea600, 0x0000000742600000| Untracked 
|   1|0x0000000742800000, 0x0000000742a00000, 0x0000000742a00000|100%| O|  |TAMS 0x0000000742800000, 0x0000000742800000| Untracked 
|   2|0x0000000742a00000, 0x0000000742ac3600, 0x0000000742c00000| 38%| O|  |TAMS 0x0000000742a00000, 0x0000000742a00000| Untracked 
|   3|0x0000000742c00000, 0x0000000742e00000, 0x0000000742e00000|100%| O|  |TAMS 0x0000000742c00000, 0x0000000742c00000| Untracked 
|   4|0x0000000742e00000, 0x0000000742e10e00, 0x0000000743000000|  3%| O|  |TAMS 0x0000000742e00000, 0x0000000742e00000| Untracked 
|   5|0x0000000743000000, 0x0000000743000000, 0x0000000743200000|  0%| F|  |TAMS 0x0000000743000000, 0x0000000743000000| Untracked 
|   6|0x0000000743200000, 0x0000000743200000, 0x0000000743400000|  0%| F|  |TAMS 0x0000000743200000, 0x0000000743200000| Untracked 
|   7|0x0000000743400000, 0x0000000743400000, 0x0000000743600000|  0%| F|  |TAMS 0x0000000743400000, 0x0000000743400000| Untracked 
|   8|0x0000000743600000, 0x00000007436353b8, 0x0000000743800000| 10%| S|CS|TAMS 0x0000000743600000, 0x0000000743600000| Complete 
|   9|0x0000000743800000, 0x0000000743800000, 0x0000000743a00000|  0%| F|  |TAMS 0x0000000743800000, 0x0000000743800000| Untracked 
|  10|0x0000000743a00000, 0x0000000743a00000, 0x0000000743c00000|  0%| F|  |TAMS 0x0000000743a00000, 0x0000000743a00000| Untracked 
|  11|0x0000000743c00000, 0x0000000743c00000, 0x0000000743e00000|  0%| F|  |TAMS 0x0000000743c00000, 0x0000000743c00000| Untracked 
|  12|0x0000000743e00000, 0x0000000743e00000, 0x0000000744000000|  0%| F|  |TAMS 0x0000000743e00000, 0x0000000743e00000| Untracked 
|  13|0x0000000744000000, 0x0000000744000000, 0x0000000744200000|  0%| F|  |TAMS 0x0000000744000000, 0x0000000744000000| Untracked 
|  14|0x0000000744200000, 0x00000007443a6a08, 0x0000000744400000| 82%| E|  |TAMS 0x0000000744200000, 0x0000000744200000| Complete 
|  88|0x000000074d600000, 0x000000074d800000, 0x000000074d800000|100%| E|CS|TAMS 0x000000074d600000, 0x000000074d600000| Complete 
|  94|0x000000074e200000, 0x000000074e400000, 0x000000074e400000|100%| E|CS|TAMS 0x000000074e200000, 0x000000074e200000| Complete 

Card table byte_map: [0x00000212ca7b0000,0x00000212cada0000] _byte_map_base: 0x00000212c6d9d000

Marking Bits (Prev, Next): (CMBitMap*) 0x00000212b74afbd0, (CMBitMap*) 0x00000212b74afb90
 Prev Bits: [0x00000212ce300000, 0x00000212d1268000)
 Next Bits: [0x00000212cb390000, 0x00000212ce2f8000)

Polling page: 0x00000212b5350000

Metaspace:

Usage:
  Non-class:     24.17 MB capacity,    23.95 MB (>99%) used,   193.70 KB ( <1%) free+waste,    30.38 KB ( <1%) overhead. 
      Class:      2.91 MB capacity,     2.80 MB ( 96%) used,    98.05 KB (  3%) free+waste,    10.44 KB ( <1%) overhead. 
       Both:     27.08 MB capacity,    26.76 MB ( 99%) used,   291.74 KB (  1%) free+waste,    40.81 KB ( <1%) overhead. 

Virtual space:
  Non-class space:       26.00 MB reserved,      24.25 MB ( 93%) committed 
      Class space:        1.00 GB reserved,       3.00 MB ( <1%) committed 
             Both:        1.03 GB reserved,      27.25 MB (  3%) committed 

Chunk freelists:
   Non-Class:  18.00 KB
       Class:  28.00 KB
        Both:  46.00 KB

MaxMetaspaceSize: 17179869184.00 GB
CompressedClassSpaceSize: 1.00 GB

CodeHeap 'non-profiled nmethods': size=120000Kb used=1256Kb max_used=1256Kb free=118743Kb
 bounds [0x00000212c2950000, 0x00000212c2bc0000, 0x00000212c9e80000]
CodeHeap 'profiled nmethods': size=120000Kb used=6180Kb max_used=6180Kb free=113819Kb
 bounds [0x00000212bb420000, 0x00000212bba30000, 0x00000212c2950000]
CodeHeap 'non-nmethods': size=5760Kb used=1252Kb max_used=1306Kb free=4507Kb
 bounds [0x00000212bae80000, 0x00000212bb0f0000, 0x00000212bb420000]
 total_blobs=3766 nmethods=3240 adapters=437
 compilation: enabled
              stopped_count=0, restarted_count=0
 full_count=0

Compilation events (20 events):
Event: 156.589 Thread 0x00000212d456b180 3233   !   3       okio.Buffer::readByteArray (19 bytes)
Event: 156.589 Thread 0x00000212d456b180 nmethod 3233 0x00000212bba25810 code [0x00000212bba259c0, 0x00000212bba25bd8]
Event: 156.590 Thread 0x00000212d456b180 3234       3       okio.Buffer::readByteArray (56 bytes)
Event: 156.590 Thread 0x00000212d456b180 nmethod 3234 0x00000212bba25d10 code [0x00000212bba25f20, 0x00000212bba263a8]
Event: 156.859 Thread 0x00000212d455d4b0 nmethod 3232 0x00000212c2a80f10 code [0x00000212c2a81400, 0x00000212c2a87070]
Event: 157.661 Thread 0x00000212d456b180 3235       3       java.net.URL::toLowerCase (38 bytes)
Event: 157.661 Thread 0x00000212d456b180 nmethod 3235 0x00000212bba26590 code [0x00000212bba267a0, 0x00000212bba26c28]
Event: 159.282 Thread 0x00000212d455d4b0 3236       4       java.util.stream.ReferencePipeline::filter (22 bytes)
Event: 159.284 Thread 0x00000212d456b180 3238       3       okhttp3.internal.http1.Http1Codec$FixedLengthSink::write (99 bytes)
Event: 159.286 Thread 0x00000212d456b180 nmethod 3238 0x00000212bba26d90 code [0x00000212bba27040, 0x00000212bba27c28]
Event: 159.286 Thread 0x00000212d456b180 3239       3       okio.RealBufferedSink::write (32 bytes)
Event: 159.286 Thread 0x00000212d456b180 nmethod 3239 0x00000212bba28110 code [0x00000212bba282e0, 0x00000212bba28568]
Event: 159.290 Thread 0x00000212d455d4b0 nmethod 3236 0x00000212c2a89810 code [0x00000212c2a899a0, 0x00000212c2a89db8]
Event: 159.290 Thread 0x00000212d455d4b0 3237       4       java.util.stream.ReferencePipeline$2::opWrapSink (10 bytes)
Event: 159.294 Thread 0x00000212d455d4b0 nmethod 3237 0x00000212c2a89f10 code [0x00000212c2a8a0a0, 0x00000212c2a8a278]
Event: 159.297 Thread 0x00000212d456b180 3240       3       java.lang.Character::isLetterOrDigit (5 bytes)
Event: 159.298 Thread 0x00000212d456b180 nmethod 3240 0x00000212bba28690 code [0x00000212bba28860, 0x00000212bba28b58]
Event: 159.298 Thread 0x00000212d456b180 3241       3       java.lang.Character::isLetterOrDigit (19 bytes)
Event: 159.298 Thread 0x00000212d456b180 nmethod 3241 0x00000212bba28c90 code [0x00000212bba28e40, 0x00000212bba290d8]
Event: 159.833 Thread 0x00000212d455d4b0 3242       4       java.util.Formatter$FixedString::print (26 bytes)

GC Heap History (20 events):
Event: 133.157 GC heap before
{Heap before GC invocations=11 (full 0):
 garbage-first heap   total 34816K, used 23590K [0x0000000742600000, 0x0000000800000000)
  region size 2048K, 10 young (20480K), 1 survivors (2048K)
 Metaspace       used 27189K, capacity 27538K, committed 27648K, reserved 1073152K
  class space    used 2871K, capacity 2980K, committed 3072K, reserved 1048576K
}
Event: 133.158 GC heap after
{Heap after GC invocations=12 (full 0):
 garbage-first heap   total 34816K, used 7252K [0x0000000742600000, 0x0000000800000000)
  region size 2048K, 1 young (2048K), 1 survivors (2048K)
 Metaspace       used 27189K, capacity 27538K, committed 27648K, reserved 1073152K
  class space    used 2871K, capacity 2980K, committed 3072K, reserved 1048576K
}
Event: 136.426 GC heap before
{Heap before GC invocations=12 (full 0):
 garbage-first heap   total 34816K, used 23636K [0x0000000742600000, 0x0000000800000000)
  region size 2048K, 10 young (20480K), 1 survivors (2048K)
 Metaspace       used 27203K, capacity 27538K, committed 27648K, reserved 1073152K
  class space    used 2871K, capacity 2980K, committed 3072K, reserved 1048576K
}
Event: 136.428 GC heap after
{Heap after GC invocations=13 (full 0):
 garbage-first heap   total 34816K, used 7177K [0x0000000742600000, 0x0000000800000000)
  region size 2048K, 1 young (2048K), 1 survivors (2048K)
 Metaspace       used 27203K, capacity 27538K, committed 27648K, reserved 1073152K
  class space    used 2871K, capacity 2980K, committed 3072K, reserved 1048576K
}
Event: 139.157 GC heap before
{Heap before GC invocations=13 (full 0):
 garbage-first heap   total 34816K, used 23561K [0x0000000742600000, 0x0000000800000000)
  region size 2048K, 10 young (20480K), 1 survivors (2048K)
 Metaspace       used 27220K, capacity 27538K, committed 27648K, reserved 1073152K
  class space    used 2871K, capacity 2980K, committed 3072K, reserved 1048576K
}
Event: 139.158 GC heap after
{Heap after GC invocations=14 (full 0):
 garbage-first heap   total 34816K, used 7187K [0x0000000742600000, 0x0000000800000000)
  region size 2048K, 1 young (2048K), 1 survivors (2048K)
 Metaspace       used 27220K, capacity 27538K, committed 27648K, reserved 1073152K
  class space    used 2871K, capacity 2980K, committed 3072K, reserved 1048576K
}
Event: 141.886 GC heap before
{Heap before GC invocations=14 (full 0):
 garbage-first heap   total 34816K, used 25619K [0x0000000742600000, 0x0000000800000000)
  region size 2048K, 10 young (20480K), 1 survivors (2048K)
 Metaspace       used 27245K, capacity 27538K, committed 27648K, reserved 1073152K
  class space    used 2871K, capacity 2980K, committed 3072K, reserved 1048576K
}
Event: 141.888 GC heap after
{Heap after GC invocations=15 (full 0):
 garbage-first heap   total 34816K, used 7246K [0x0000000742600000, 0x0000000800000000)
  region size 2048K, 1 young (2048K), 1 survivors (2048K)
 Metaspace       used 27245K, capacity 27538K, committed 27648K, reserved 1073152K
  class space    used 2871K, capacity 2980K, committed 3072K, reserved 1048576K
}
Event: 145.173 GC heap before
{Heap before GC invocations=15 (full 0):
 garbage-first heap   total 34816K, used 25678K [0x0000000742600000, 0x0000000800000000)
  region size 2048K, 10 young (20480K), 1 survivors (2048K)
 Metaspace       used 27347K, capacity 27666K, committed 27904K, reserved 1075200K
  class space    used 2871K, capacity 2980K, committed 3072K, reserved 1048576K
}
Event: 145.175 GC heap after
{Heap after GC invocations=16 (full 0):
 garbage-first heap   total 34816K, used 7197K [0x0000000742600000, 0x0000000800000000)
  region size 2048K, 1 young (2048K), 1 survivors (2048K)
 Metaspace       used 27347K, capacity 27666K, committed 27904K, reserved 1075200K
  class space    used 2871K, capacity 2980K, committed 3072K, reserved 1048576K
}
Event: 147.900 GC heap before
{Heap before GC invocations=16 (full 0):
 garbage-first heap   total 34816K, used 23581K [0x0000000742600000, 0x0000000800000000)
  region size 2048K, 10 young (20480K), 1 survivors (2048K)
 Metaspace       used 27377K, capacity 27730K, committed 27904K, reserved 1075200K
  class space    used 2871K, capacity 2980K, committed 3072K, reserved 1048576K
}
Event: 147.902 GC heap after
{Heap after GC invocations=17 (full 0):
 garbage-first heap   total 34816K, used 7217K [0x0000000742600000, 0x0000000800000000)
  region size 2048K, 1 young (2048K), 1 survivors (2048K)
 Metaspace       used 27377K, capacity 27730K, committed 27904K, reserved 1075200K
  class space    used 2871K, capacity 2980K, committed 3072K, reserved 1048576K
}
Event: 150.601 GC heap before
{Heap before GC invocations=17 (full 0):
 garbage-first heap   total 34816K, used 25649K [0x0000000742600000, 0x0000000800000000)
  region size 2048K, 10 young (20480K), 1 survivors (2048K)
 Metaspace       used 27380K, capacity 27730K, committed 27904K, reserved 1075200K
  class space    used 2871K, capacity 2980K, committed 3072K, reserved 1048576K
}
Event: 150.603 GC heap after
{Heap after GC invocations=18 (full 0):
 garbage-first heap   total 34816K, used 7221K [0x0000000742600000, 0x0000000800000000)
  region size 2048K, 1 young (2048K), 1 survivors (2048K)
 Metaspace       used 27380K, capacity 27730K, committed 27904K, reserved 1075200K
  class space    used 2871K, capacity 2980K, committed 3072K, reserved 1048576K
}
Event: 153.842 GC heap before
{Heap before GC invocations=18 (full 0):
 garbage-first heap   total 34816K, used 23605K [0x0000000742600000, 0x0000000800000000)
  region size 2048K, 10 young (20480K), 1 survivors (2048K)
 Metaspace       used 27387K, capacity 27730K, committed 27904K, reserved 1075200K
  class space    used 2871K, capacity 2980K, committed 3072K, reserved 1048576K
}
Event: 153.844 GC heap after
{Heap after GC invocations=19 (full 0):
 garbage-first heap   total 34816K, used 7186K [0x0000000742600000, 0x0000000800000000)
  region size 2048K, 1 young (2048K), 1 survivors (2048K)
 Metaspace       used 27387K, capacity 27730K, committed 27904K, reserved 1075200K
  class space    used 2871K, capacity 2980K, committed 3072K, reserved 1048576K
}
Event: 156.568 GC heap before
{Heap before GC invocations=19 (full 0):
 garbage-first heap   total 34816K, used 25618K [0x0000000742600000, 0x0000000800000000)
  region size 2048K, 10 young (20480K), 1 survivors (2048K)
 Metaspace       used 27394K, capacity 27730K, committed 27904K, reserved 1075200K
  class space    used 2871K, capacity 2980K, committed 3072K, reserved 1048576K
}
Event: 156.570 GC heap after
{Heap after GC invocations=20 (full 0):
 garbage-first heap   total 34816K, used 7231K [0x0000000742600000, 0x0000000800000000)
  region size 2048K, 1 young (2048K), 1 survivors (2048K)
 Metaspace       used 27394K, capacity 27730K, committed 27904K, reserved 1075200K
  class space    used 2871K, capacity 2980K, committed 3072K, reserved 1048576K
}
Event: 159.300 GC heap before
{Heap before GC invocations=20 (full 0):
 garbage-first heap   total 34816K, used 23615K [0x0000000742600000, 0x0000000800000000)
  region size 2048K, 9 young (18432K), 1 survivors (2048K)
 Metaspace       used 27397K, capacity 27730K, committed 27904K, reserved 1075200K
  class space    used 2871K, capacity 2980K, committed 3072K, reserved 1048576K
}
Event: 159.301 GC heap after
{Heap after GC invocations=21 (full 0):
 garbage-first heap   total 34816K, used 7205K [0x0000000742600000, 0x0000000800000000)
  region size 2048K, 1 young (2048K), 1 survivors (2048K)
 Metaspace       used 27397K, capacity 27730K, committed 27904K, reserved 1075200K
  class space    used 2871K, capacity 2980K, committed 3072K, reserved 1048576K
}

Deoptimization events (20 events):
Event: 83.177 Thread 0x00000212b746c550 DEOPT PACKING pc=0x00000212c29d212c sp=0x0000002d769fdd50
Event: 83.177 Thread 0x00000212b746c550 DEOPT UNPACKING pc=0x00000212baece42f sp=0x0000002d769fdcc0 mode 2
Event: 102.179 Thread 0x00000212b746c550 Uncommon trap: trap_request=0xffffff45 fr.pc=0x00000212c29d0d10 relative=0x0000000000000190
Event: 102.179 Thread 0x00000212b746c550 Uncommon trap: reason=unstable_if action=reinterpret pc=0x00000212c29d0d10 method=java.lang.StringCoding.hasNegatives([BII)Z @ 12 c2
Event: 102.180 Thread 0x00000212b746c550 DEOPT PACKING pc=0x00000212c29d0d10 sp=0x0000002d769fcf40
Event: 102.180 Thread 0x00000212b746c550 DEOPT UNPACKING pc=0x00000212baece42f sp=0x0000002d769fcee8 mode 2
Event: 102.210 Thread 0x00000212b746c550 DEOPT PACKING pc=0x00000212bb959350 sp=0x0000002d769fc6f0
Event: 102.210 Thread 0x00000212b746c550 DEOPT UNPACKING pc=0x00000212baece23f sp=0x0000002d769fbb90 mode 0
Event: 106.443 Thread 0x00000212b746c550 DEOPT PACKING pc=0x00000212bb959350 sp=0x0000002d769fd070
Event: 106.443 Thread 0x00000212b746c550 DEOPT UNPACKING pc=0x00000212baece23f sp=0x0000002d769fc4f8 mode 0
Event: 106.447 Thread 0x00000212b746c550 DEOPT PACKING pc=0x00000212bb959350 sp=0x0000002d769fd310
Event: 106.447 Thread 0x00000212b746c550 DEOPT UNPACKING pc=0x00000212baece23f sp=0x0000002d769fc7b0 mode 0
Event: 107.003 Thread 0x00000212b746c550 DEOPT PACKING pc=0x00000212bb959350 sp=0x0000002d769fd070
Event: 107.003 Thread 0x00000212b746c550 DEOPT UNPACKING pc=0x00000212baece23f sp=0x0000002d769fc4f8 mode 0
Event: 107.008 Thread 0x00000212b746c550 DEOPT PACKING pc=0x00000212bb959350 sp=0x0000002d769fd310
Event: 107.008 Thread 0x00000212b746c550 DEOPT UNPACKING pc=0x00000212baece23f sp=0x0000002d769fc7b0 mode 0
Event: 142.982 Thread 0x00000212b746c550 DEOPT PACKING pc=0x00000212bb8e9df2 sp=0x0000002d769fd0e0
Event: 142.982 Thread 0x00000212b746c550 DEOPT UNPACKING pc=0x00000212baece23f sp=0x0000002d769fc5d0 mode 0
Event: 154.389 Thread 0x00000212b746c550 DEOPT PACKING pc=0x00000212bb77632d sp=0x0000002d769fbba0
Event: 154.389 Thread 0x00000212b746c550 DEOPT UNPACKING pc=0x00000212baece23f sp=0x0000002d769fb0b0 mode 0

Classes unloaded (0 events):
No events

Classes redefined (0 events):
No events

Internal exceptions (20 events):
Event: 3.172 Thread 0x00000212d5b044d0 Exception <a 'java/lang/NoSuchMethodError'{0x0000000744391278}: 'java.lang.Object java.lang.invoke.DirectMethodHandle$Holder.newInvokeSpecial(java.lang.Object, java.lang.Object, long)'> (0x0000000744391278) 
thrown [./open/src/hotspot/share/interpreter/linkResolver.cpp, line 782]
Event: 3.173 Thread 0x00000212d5b044d0 Exception <a 'java/lang/NoSuchMethodError'{0x0000000744394fe8}: 'java.lang.Object java.lang.invoke.Invokers$Holder.linkToTargetMethod(java.lang.Object, long, java.lang.Object)'> (0x0000000744394fe8) 
thrown [./open/src/hotspot/share/interpreter/linkResolver.cpp, line 782]
Event: 3.702 Thread 0x00000212b746c550 Exception <a 'java/lang/NoSuchMethodError'{0x0000000744065058}: 'java.lang.Object java.lang.invoke.DirectMethodHandle$Holder.invokeInterface(java.lang.Object, java.lang.Object, java.lang.Object)'> (0x0000000744065058) 
thrown [./open/src/hotspot/share/interpreter/linkResolver.cpp, line 782]
Event: 3.703 Thread 0x00000212b746c550 Exception <a 'java/lang/IncompatibleClassChangeError'{0x0000000744068db8}: Found class java.lang.Object, but interface was expected> (0x0000000744068db8) 
thrown [./open/src/hotspot/share/interpreter/linkResolver.cpp, line 848]
Event: 3.705 Thread 0x00000212b746c550 Exception <a 'java/lang/NoSuchMethodError'{0x000000074406f078}: 'int java.lang.invoke.DirectMethodHandle$Holder.invokeSpecial(java.lang.Object, java.lang.Object, java.lang.Object)'> (0x000000074406f078) 
thrown [./open/src/hotspot/share/interpreter/linkResolver.cpp, line 782]
Event: 3.706 Thread 0x00000212b746c550 Exception <a 'java/lang/NoSuchMethodError'{0x0000000744075ff0}: 'int java.lang.invoke.DirectMethodHandle$Holder.invokeSpecialIFC(java.lang.Object, java.lang.Object, java.lang.Object, java.lang.Object)'> (0x0000000744075ff0) 
thrown [./open/src/hotspot/share/interpreter/linkResolver.cpp, line 782]
Event: 3.707 Thread 0x00000212b746c550 Exception <a 'java/lang/NoSuchMethodError'{0x000000074407eb70}: 'java.lang.Object java.lang.invoke.DirectMethodHandle$Holder.invokeInterface(java.lang.Object, java.lang.Object, java.lang.Object, java.lang.Object)'> (0x000000074407eb70) 
thrown [./open/src/hotspot/share/interpreter/linkResolver.cpp, line 782]
Event: 3.722 Thread 0x00000212b746c550 Exception <a 'java/lang/NoSuchMethodError'{0x00000007440a72c0}: 'java.lang.Object java.lang.invoke.DirectMethodHandle$Holder.invokeVirtual(java.lang.Object, java.lang.Object, java.lang.Object)'> (0x00000007440a72c0) 
thrown [./open/src/hotspot/share/interpreter/linkResolver.cpp, line 782]
Event: 3.740 Thread 0x00000212b746c550 Exception <a 'java/lang/NoSuchMethodError'{0x000000074417d068}: 'void java.lang.invoke.DirectMethodHandle$Holder.invokeInterface(java.lang.Object, java.lang.Object, java.lang.Object)'> (0x000000074417d068) 
thrown [./open/src/hotspot/share/interpreter/linkResolver.cpp, line 782]
Event: 3.756 Thread 0x00000212b746c550 Exception <a 'java/lang/NoSuchMethodError'{0x00000007441db140}: 'int java.lang.invoke.DirectMethodHandle$Holder.invokeVirtual(java.lang.Object, java.lang.Object)'> (0x00000007441db140) 
thrown [./open/src/hotspot/share/interpreter/linkResolver.cpp, line 782]
Event: 3.757 Thread 0x00000212b746c550 Exception <a 'java/lang/NoSuchMethodError'{0x00000007441e1938}: 'double java.lang.invoke.DirectMethodHandle$Holder.invokeVirtual(java.lang.Object, java.lang.Object)'> (0x00000007441e1938) 
thrown [./open/src/hotspot/share/interpreter/linkResolver.cpp, line 782]
Event: 3.758 Thread 0x00000212b746c550 Exception <a 'java/lang/NoSuchMethodError'{0x00000007441e8448}: 'float java.lang.invoke.DirectMethodHandle$Holder.invokeVirtual(java.lang.Object, java.lang.Object)'> (0x00000007441e8448) 
thrown [./open/src/hotspot/share/interpreter/linkResolver.cpp, line 782]
Event: 3.759 Thread 0x00000212b746c550 Exception <a 'java/lang/NoSuchMethodError'{0x00000007441f19a8}: 'long java.lang.invoke.DirectMethodHandle$Holder.invokeVirtual(java.lang.Object, java.lang.Object)'> (0x00000007441f19a8) 
thrown [./open/src/hotspot/share/interpreter/linkResolver.cpp, line 782]
Event: 3.812 Thread 0x00000212b746c550 Exception <a 'java/lang/NoSuchMethodError'{0x0000000743f52eb8}: 'void java.lang.invoke.DirectMethodHandle$Holder.invokeSpecial(java.lang.Object, java.lang.Object, java.lang.Object, java.lang.Object, java.lang.Object)'> (0x0000000743f52eb8) 
thrown [./open/src/hotspot/share/interpreter/linkResolver.cpp, line 782]
Event: 3.847 Thread 0x00000212b746c550 Exception <a 'java/lang/NoSuchMethodError'{0x0000000743c3cb38}: 'java.lang.Object java.lang.invoke.DirectMethodHandle$Holder.newInvokeSpecial(java.lang.Object, java.lang.Object, java.lang.Object, java.lang.Object, java.lang.Object)'> (0x0000000743c3cb38) 
thrown [./open/src/hotspot/share/interpreter/linkResolver.cpp, line 782]
Event: 3.898 Thread 0x00000212b746c550 Exception <a 'java/lang/NoSuchMethodError'{0x0000000743dab948}: 'java.lang.Object java.lang.invoke.Invokers$Holder.invokeExact_MT(java.lang.Object, java.lang.Object, java.lang.Object, java.lang.Object, java.lang.Object, java.lang.Object)'> (0x0000000743dab948) 
thrown [./open/src/hotspot/share/interpreter/linkResolver.cpp, line 782]
Event: 4.049 Thread 0x00000212b746c550 Exception <a 'java/lang/NoSuchMethodError'{0x000000074392d300}: 'void java.lang.invoke.DirectMethodHandle$Holder.invokeStatic(java.lang.Object, java.lang.Object, java.lang.Object, java.lang.Object)'> (0x000000074392d300) 
thrown [./open/src/hotspot/share/interpreter/linkResolver.cpp, line 782]
Event: 7.366 Thread 0x00000212b746c550 Exception <a 'java/lang/NoSuchMethodError'{0x000000074373ff20}: 'java.lang.Object java.lang.invoke.DirectMethodHandle$Holder.invokeSpecialIFC(java.lang.Object, java.lang.Object, java.lang.Object)'> (0x000000074373ff20) 
thrown [./open/src/hotspot/share/interpreter/linkResolver.cpp, line 782]
Event: 7.431 Thread 0x00000212b746c550 Exception <a 'java/lang/ClassNotFoundException'{0x00000007437e7c68}: sun/util/logging/resources/spi/loggingProvider> (0x00000007437e7c68) 
thrown [./open/src/hotspot/share/classfile/systemDictionary.cpp, line 295]
Event: 15.097 Thread 0x00000212b746c550 Exception <a 'java/lang/ClassNotFoundException'{0x000000074e3032a0}: sun/misc/SharedSecrets> (0x000000074e3032a0) 
thrown [./open/src/hotspot/share/classfile/systemDictionary.cpp, line 295]

Events (20 events):
Event: 133.156 Executing VM operation: G1CollectForAllocation
Event: 133.158 Executing VM operation: G1CollectForAllocation done
Event: 136.426 Executing VM operation: G1CollectForAllocation
Event: 136.428 Executing VM operation: G1CollectForAllocation done
Event: 139.157 Executing VM operation: G1CollectForAllocation
Event: 139.158 Executing VM operation: G1CollectForAllocation done
Event: 141.886 Executing VM operation: G1CollectForAllocation
Event: 141.888 Executing VM operation: G1CollectForAllocation done
Event: 145.173 Executing VM operation: G1CollectForAllocation
Event: 145.175 Executing VM operation: G1CollectForAllocation done
Event: 147.900 Executing VM operation: G1CollectForAllocation
Event: 147.902 Executing VM operation: G1CollectForAllocation done
Event: 150.601 Executing VM operation: G1CollectForAllocation
Event: 150.603 Executing VM operation: G1CollectForAllocation done
Event: 153.842 Executing VM operation: G1CollectForAllocation
Event: 153.844 Executing VM operation: G1CollectForAllocation done
Event: 156.568 Executing VM operation: G1CollectForAllocation
Event: 156.570 Executing VM operation: G1CollectForAllocation done
Event: 159.299 Executing VM operation: G1CollectForAllocation
Event: 159.301 Executing VM operation: G1CollectForAllocation done


Dynamic libraries:
0x00007ff7878b0000 - 0x00007ff7878bd000 	C:\Users\Agile\.p2\pool\plugins\org.eclipse.justj.openjdk.hotspot.jre.full.win32.x86_64_15.0.2.v20210201-0955\jre\bin\javaw.exe
0x00007ffc3f470000 - 0x00007ffc3f665000 	C:\WINDOWS\SYSTEM32\ntdll.dll
0x00007ffc3efd0000 - 0x00007ffc3f08d000 	C:\WINDOWS\System32\KERNEL32.DLL
0x00007ffc3d020000 - 0x00007ffc3d2e8000 	C:\WINDOWS\System32\KERNELBASE.dll
0x00007ffc3d2f0000 - 0x00007ffc3d3f0000 	C:\WINDOWS\System32\ucrtbase.dll
0x00007ffc35450000 - 0x00007ffc35469000 	C:\Users\Agile\.p2\pool\plugins\org.eclipse.justj.openjdk.hotspot.jre.full.win32.x86_64_15.0.2.v20210201-0955\jre\bin\VCRUNTIME140.dll
0x00007ffc35410000 - 0x00007ffc35428000 	C:\Users\Agile\.p2\pool\plugins\org.eclipse.justj.openjdk.hotspot.jre.full.win32.x86_64_15.0.2.v20210201-0955\jre\bin\jli.dll
0x00007ffc3f160000 - 0x00007ffc3f300000 	C:\WINDOWS\System32\USER32.dll
0x00007ffc27140000 - 0x00007ffc273da000 	C:\WINDOWS\WinSxS\amd64_microsoft.windows.common-controls_6595b64144ccf1df_6.0.19041.844_none_ca00b6081b84eb1d\COMCTL32.dll
0x00007ffc3cc30000 - 0x00007ffc3cc52000 	C:\WINDOWS\System32\win32u.dll
0x00007ffc3df40000 - 0x00007ffc3dfde000 	C:\WINDOWS\System32\msvcrt.dll
0x00007ffc3dfe0000 - 0x00007ffc3e00a000 	C:\WINDOWS\System32\GDI32.dll
0x00007ffc3cf10000 - 0x00007ffc3d01b000 	C:\WINDOWS\System32\gdi32full.dll
0x00007ffc3ce70000 - 0x00007ffc3cf0d000 	C:\WINDOWS\System32\msvcp_win.dll
0x00007ffc3de80000 - 0x00007ffc3deb0000 	C:\WINDOWS\System32\IMM32.DLL
0x00007ffc35440000 - 0x00007ffc3544c000 	C:\Users\Agile\.p2\pool\plugins\org.eclipse.justj.openjdk.hotspot.jre.full.win32.x86_64_15.0.2.v20210201-0955\jre\bin\vcruntime140_1.dll
0x00007ffc1c100000 - 0x00007ffc1c191000 	C:\Users\Agile\.p2\pool\plugins\org.eclipse.justj.openjdk.hotspot.jre.full.win32.x86_64_15.0.2.v20210201-0955\jre\bin\msvcp140.dll
0x00007ffbd6de0000 - 0x00007ffbd793e000 	C:\Users\Agile\.p2\pool\plugins\org.eclipse.justj.openjdk.hotspot.jre.full.win32.x86_64_15.0.2.v20210201-0955\jre\bin\server\jvm.dll
0x00007ffc3e130000 - 0x00007ffc3e1dc000 	C:\WINDOWS\System32\ADVAPI32.dll
0x00007ffc3da30000 - 0x00007ffc3dacb000 	C:\WINDOWS\System32\sechost.dll
0x00007ffc3f300000 - 0x00007ffc3f42b000 	C:\WINDOWS\System32\RPCRT4.dll
0x00007ffc3f150000 - 0x00007ffc3f158000 	C:\WINDOWS\System32\PSAPI.DLL
0x00007ffc354e0000 - 0x00007ffc354e9000 	C:\WINDOWS\SYSTEM32\WSOCK32.dll
0x00007ffc34270000 - 0x00007ffc34297000 	C:\WINDOWS\SYSTEM32\WINMM.dll
0x00007ffc2fac0000 - 0x00007ffc2faca000 	C:\WINDOWS\SYSTEM32\VERSION.dll
0x00007ffc3e0c0000 - 0x00007ffc3e12b000 	C:\WINDOWS\System32\WS2_32.dll
0x00007ffc3aaf0000 - 0x00007ffc3ab02000 	C:\WINDOWS\SYSTEM32\kernel.appcore.dll
0x00007ffc354d0000 - 0x00007ffc354da000 	C:\Users\Agile\.p2\pool\plugins\org.eclipse.justj.openjdk.hotspot.jre.full.win32.x86_64_15.0.2.v20210201-0955\jre\bin\jimage.dll
0x00007ffc2d500000 - 0x00007ffc2d6e4000 	C:\WINDOWS\SYSTEM32\DBGHELP.DLL
0x00007ffc2b7f0000 - 0x00007ffc2b81c000 	C:\WINDOWS\SYSTEM32\dbgcore.DLL
0x00007ffc3cbb0000 - 0x00007ffc3cc30000 	C:\WINDOWS\System32\bcryptPrimitives.dll
0x00007ffc28650000 - 0x00007ffc28675000 	C:\Users\Agile\.p2\pool\plugins\org.eclipse.justj.openjdk.hotspot.jre.full.win32.x86_64_15.0.2.v20210201-0955\jre\bin\java.dll
0x00007ffc2c9a0000 - 0x00007ffc2c9b8000 	C:\Users\Agile\.p2\pool\plugins\org.eclipse.justj.openjdk.hotspot.jre.full.win32.x86_64_15.0.2.v20210201-0955\jre\bin\zip.dll
0x00007ffc3e750000 - 0x00007ffc3ee92000 	C:\WINDOWS\System32\SHELL32.dll
0x00007ffc3acf0000 - 0x00007ffc3b481000 	C:\WINDOWS\SYSTEM32\windows.storage.dll
0x00007ffc3e1e0000 - 0x00007ffc3e535000 	C:\WINDOWS\System32\combase.dll
0x00007ffc3c550000 - 0x00007ffc3c57c000 	C:\WINDOWS\SYSTEM32\Wldp.dll
0x00007ffc3dd70000 - 0x00007ffc3de1e000 	C:\WINDOWS\System32\SHCORE.dll
0x00007ffc3f0f0000 - 0x00007ffc3f145000 	C:\WINDOWS\System32\shlwapi.dll
0x00007ffc3caf0000 - 0x00007ffc3cb0f000 	C:\WINDOWS\SYSTEM32\profapi.dll
0x00007ffc29d60000 - 0x00007ffc29d79000 	C:\Users\Agile\.p2\pool\plugins\org.eclipse.justj.openjdk.hotspot.jre.full.win32.x86_64_15.0.2.v20210201-0955\jre\bin\net.dll
0x00007ffc2ea40000 - 0x00007ffc2eb4b000 	C:\WINDOWS\SYSTEM32\WINHTTP.dll
0x00007ffc3c2c0000 - 0x00007ffc3c32a000 	C:\WINDOWS\system32\mswsock.dll
0x00007ffc21cc0000 - 0x00007ffc21cd2000 	C:\Users\Agile\.p2\pool\plugins\org.eclipse.justj.openjdk.hotspot.jre.full.win32.x86_64_15.0.2.v20210201-0955\jre\bin\nio.dll
0x00007ffc3bff0000 - 0x00007ffc3c0bc000 	C:\WINDOWS\SYSTEM32\DNSAPI.dll
0x00007ffc3bfb0000 - 0x00007ffc3bfeb000 	C:\WINDOWS\SYSTEM32\IPHLPAPI.DLL
0x00007ffc3dbb0000 - 0x00007ffc3dbb8000 	C:\WINDOWS\System32\NSI.dll
0x00007ffc2e9a0000 - 0x00007ffc2e9aa000 	C:\Windows\System32\rasadhlp.dll
0x00007ffc2e9c0000 - 0x00007ffc2ea3f000 	C:\WINDOWS\System32\fwpuclnt.dll
0x00007ffc3d450000 - 0x00007ffc3d477000 	C:\WINDOWS\System32\bcrypt.dll
0x00007ffc353a0000 - 0x00007ffc353ad000 	C:\Users\Agile\.p2\pool\plugins\org.eclipse.justj.openjdk.hotspot.jre.full.win32.x86_64_15.0.2.v20210201-0955\jre\bin\sunmscapi.dll
0x00007ffc3cc60000 - 0x00007ffc3cdbf000 	C:\WINDOWS\System32\CRYPT32.dll
0x00007ffc3c620000 - 0x00007ffc3c647000 	C:\WINDOWS\SYSTEM32\ncrypt.dll
0x00007ffc3c5e0000 - 0x00007ffc3c61b000 	C:\WINDOWS\SYSTEM32\NTASN1.dll
0x00007ffc3c490000 - 0x00007ffc3c4a8000 	C:\WINDOWS\SYSTEM32\CRYPTSP.dll
0x00007ffc3bc60000 - 0x00007ffc3bc94000 	C:\WINDOWS\system32\rsaenh.dll
0x00007ffc3cab0000 - 0x00007ffc3cade000 	C:\WINDOWS\SYSTEM32\USERENV.dll
0x00007ffc3c4b0000 - 0x00007ffc3c4bc000 	C:\WINDOWS\SYSTEM32\CRYPTBASE.dll
0x00007ffc33960000 - 0x00007ffc33977000 	C:\WINDOWS\SYSTEM32\dhcpcsvc6.DLL
0x00007ffc34950000 - 0x00007ffc3496d000 	C:\WINDOWS\SYSTEM32\dhcpcsvc.DLL
0x00007ffc353e0000 - 0x00007ffc353f0000 	C:\Users\Agile\.p2\pool\plugins\org.eclipse.justj.openjdk.hotspot.jre.full.win32.x86_64_15.0.2.v20210201-0955\jre\bin\verify.dll
0x00007ffc2f270000 - 0x00007ffc2f287000 	C:\WINDOWS\system32\napinsp.dll
0x00007ffc2cba0000 - 0x00007ffc2cbbb000 	C:\WINDOWS\system32\pnrpnsp.dll
0x00007ffc37b90000 - 0x00007ffc37ba5000 	C:\WINDOWS\system32\wshbth.dll
0x00007ffc38660000 - 0x00007ffc3867d000 	C:\WINDOWS\system32\NLAapi.dll
0x00007ffc2c9f0000 - 0x00007ffc2ca02000 	C:\WINDOWS\System32\winrnr.dll

dbghelp: loaded successfully - version: 4.0.5 - missing functions: none
symbol engine: initialized successfully - sym options: 0x614 - pdb path: .;C:\Users\Agile\.p2\pool\plugins\org.eclipse.justj.openjdk.hotspot.jre.full.win32.x86_64_15.0.2.v20210201-0955\jre\bin;C:\WINDOWS\SYSTEM32;C:\WINDOWS\WinSxS\amd64_microsoft.windows.common-controls_6595b64144ccf1df_6.0.19041.844_none_ca00b6081b84eb1d;C:\Users\Agile\.p2\pool\plugins\org.eclipse.justj.openjdk.hotspot.jre.full.win32.x86_64_15.0.2.v20210201-0955\jre\bin\server

VM Arguments:
jvm_args: -ea -Dfile.encoding=Cp1252 -XX:+ShowCodeDetailsInExceptionMessages 
java_command: org.testng.remote.RemoteTestNG -serport 64672 -protocol json -d C:\Agile\automatizaciones\Proyecto Agile\TIMP_R1\test-output C:\Users\Agile\AppData\Local\Temp\testng-eclipse-1849365676\testng-customsuite.xml
java_class_path (initial): C:\Users\Agile\eclipse\jee-2020-12\eclipse\configuration\org.eclipse.osgi\929\0\.cp\lib\testng-remote.jar;C:\Agile\automatizaciones\Proyecto Agile\TIMP_R1\target\test-classes;C:\Agile\automatizaciones\Proyecto Agile\TIMP_R1\target\classes;C:\Users\Agile\.m2\repository\org\seleniumhq\selenium\selenium-java\3.141.59\selenium-java-3.141.59.jar;C:\Users\Agile\.m2\repository\org\seleniumhq\selenium\selenium-api\3.141.59\selenium-api-3.141.59.jar;C:\Users\Agile\.m2\repository\org\seleniumhq\selenium\selenium-chrome-driver\3.141.59\selenium-chrome-driver-3.141.59.jar;C:\Users\Agile\.m2\repository\org\seleniumhq\selenium\selenium-edge-driver\3.141.59\selenium-edge-driver-3.141.59.jar;C:\Users\Agile\.m2\repository\org\seleniumhq\selenium\selenium-firefox-driver\3.141.59\selenium-firefox-driver-3.141.59.jar;C:\Users\Agile\.m2\repository\org\seleniumhq\selenium\selenium-ie-driver\3.141.59\selenium-ie-driver-3.141.59.jar;C:\Users\Agile\.m2\repository\org\seleniumhq\selenium\selenium-opera-driver\3.141.59\selenium-opera-driver-3.141.59.jar;C:\Users\Agile\.m2\repository\org\seleniumhq\selenium\selenium-remote-driver\3.141.59\selenium-remote-driver-3.141.59.jar;C:\Users\Agile\.m2\repository\org\seleniumhq\selenium\selenium-safari-driver\3.141.59\selenium-safari-driver-3.141.59.jar;C:\Users\Agile\.m2\repository\org\seleniumhq\selenium\selenium-support\3.141.59\selenium-support-3.141.59.jar;C:\Users\Agile\.m2\repository\net\bytebuddy\byte-buddy\1.8.15\byte-buddy-1.8.15.jar;C:\Users\Agile\.m2\repository\org\apache\commons\commons-exec\1.3\commons-exec-1.3.jar;C:\Users\Agile\.m2\repository\com\google\guava\guava\25.0-jre\guava-25.0-jre.jar;C:\Users\Agile\.m2\repository\com\google\code\findbugs\jsr305\1.3.9\jsr305-1.3.9.jar;C:\Users\Agile\.m2\repository\org\checkerframework\checker-compat-qual\2.0.0\checker-compat-qual-2.0.0.jar;C:\Users\Agile\.m2\repository\com\google\errorprone\error_prone_annotations\2.1.3\error_prone_annotations-2.1.3.jar;C:\Users\Agile
Launcher Type: SUN_STANDARD

[Global flags]
     intx CICompilerCount                          = 4                                         {product} {ergonomic}
     uint ConcGCThreads                            = 2                                         {product} {ergonomic}
     uint G1ConcRefinementThreads                  = 8                                         {product} {ergonomic}
   size_t G1HeapRegionSize                         = 2097152                                   {product} {ergonomic}
    uintx GCDrainStackTargetSize                   = 64                                        {product} {ergonomic}
   size_t InitialHeapSize                          = 199229440                                 {product} {ergonomic}
   size_t MarkStackSize                            = 4194304                                   {product} {ergonomic}
   size_t MaxHeapSize                              = 3181379584                                {product} {ergonomic}
   size_t MaxNewSize                               = 1908408320                                {product} {ergonomic}
   size_t MinHeapDeltaBytes                        = 2097152                                   {product} {ergonomic}
   size_t MinHeapSize                              = 8388608                                   {product} {ergonomic}
    uintx NonNMethodCodeHeapSize                   = 5839372                                {pd product} {ergonomic}
    uintx NonProfiledCodeHeapSize                  = 122909434                              {pd product} {ergonomic}
    uintx ProfiledCodeHeapSize                     = 122909434                              {pd product} {ergonomic}
    uintx ReservedCodeCacheSize                    = 251658240                              {pd product} {ergonomic}
     bool SegmentedCodeCache                       = true                                      {product} {ergonomic}
     bool ShowCodeDetailsInExceptionMessages       = true                                   {manageable} {command line}
   size_t SoftMaxHeapSize                          = 3181379584                             {manageable} {ergonomic}
     bool UseCompressedClassPointers               = true                                 {lp64_product} {ergonomic}
     bool UseCompressedOops                        = true                                 {lp64_product} {ergonomic}
     bool UseG1GC                                  = true                                      {product} {ergonomic}
     bool UseLargePagesIndividualAllocation        = false                                  {pd product} {ergonomic}

Logging:
Log output configuration:
 #0: stdout all=warning uptime,level,tags
 #1: stderr all=off uptime,level,tags

Environment Variables:
PATH=C:/Users/Agile/.p2/pool/plugins/org.eclipse.justj.openjdk.hotspot.jre.full.win32.x86_64_15.0.2.v20210201-0955/jre/bin/server;C:/Users/Agile/.p2/pool/plugins/org.eclipse.justj.openjdk.hotspot.jre.full.win32.x86_64_15.0.2.v20210201-0955/jre/bin;C:\WINDOWS\system32;C:\WINDOWS;C:\WINDOWS\System32\Wbem;C:\WINDOWS\System32\WindowsPowerShell\v1.0\;C:\WINDOWS\System32\OpenSSH\;C:\Program Files\Git\cmd;C:\Users\Agile\AppData\Local\Microsoft\WindowsApps;;C:\Users\Agile\AppData\Local\Programs\Microsoft VS Code\bin;C:\Users\Agile\Desktop;
USERNAME=Kenssy
OS=Windows_NT
PROCESSOR_IDENTIFIER=Intel64 Family 6 Model 142 Stepping 11, GenuineIntel



---------------  S Y S T E M  ---------------

OS:
 Windows 10 , 64 bit Build 19041 (10.0.19041.928)
OS uptime: 1 days 18:31 hours

CPU: total 8 (initial active 8) (4 cores per cpu, 2 threads per core) family 6 model 142 stepping 11 microcode 0xde, cmov, cx8, fxsr, mmx, sse, sse2, sse3, ssse3, sse4.1, sse4.2, popcnt, vzeroupper, avx, avx2, aes, clmul, erms, 3dnowpref, lzcnt, ht, tsc, tscinvbit, bmi1, bmi2, adx, fma, clflush, clflushopt

Memory: 4k page, system-wide physical 12135M (2775M free)
TotalPageFile size 48999M (AvailPageFile size 0M)
current process WorkingSet (physical memory assigned to process): 54M, peak: 109M
current process commit charge ("private bytes"): 145M, peak: 303M

vm_info: OpenJDK 64-Bit Server VM (15.0.2+7-27) for windows-amd64 JRE (15.0.2+7-27), built on Dec  7 2020 20:02:38 by "mach5one" with unknown MS VC++:1925

END.
