#
# There is insufficient memory for the Java Runtime Environment to continue.
# Native memory allocation (malloc) failed to allocate 358032 bytes for Chunk::new
# Possible reasons:
#   The system is out of physical RAM or swap space
#   The process is running with CompressedOops enabled, and the Java Heap may be blocking the growth of the native heap
# Possible solutions:
#   Reduce memory load on the system
#   Increase physical memory or swap space
#   Check if swap backing store is full
#   Decrease Java heap size (-Xmx/-Xms)
#   Decrease number of Java threads
#   Decrease Java thread stack sizes (-Xss)
#   Set larger code cache with -XX:ReservedCodeCacheSize=
#   JVM is running with Zero Based Compressed Oops mode in which the Java heap is
#     placed in the first 32GB address space. The Java Heap base address is the
#     maximum limit for the native heap growth. Please use -XX:HeapBaseMinAddress
#     to set the Java Heap base and to place the Java Heap above 32GB virtual address.
# This output file may be truncated or incomplete.
#
#  Out of Memory Error (./open/src/hotspot/share/memory/arena.cpp:195), pid=20700, tid=25076
#
# JRE version: OpenJDK Runtime Environment (15.0.2+7) (build 15.0.2+7-27)
# Java VM: OpenJDK 64-Bit Server VM (15.0.2+7-27, mixed mode, tiered, compressed oops, g1 gc, windows-amd64)
# No core dump will be written. Minidumps are not enabled by default on client versions of Windows
#

---------------  S U M M A R Y ------------

Command Line: -ea -Dfile.encoding=Cp1252 -XX:+ShowCodeDetailsInExceptionMessages org.testng.remote.RemoteTestNG -serport 56071 -protocol json -d C:\Agile\automatizaciones\Proyecto Agile\TIMP_R1\test-output C:\Users\Agile\AppData\Local\Temp\testng-eclipse-1885462368\testng-customsuite.xml

Host: Intel(R) Core(TM) i7-8565U CPU @ 1.80GHz, 8 cores, 11G,  Windows 10 , 64 bit Build 19041 (10.0.19041.1023)
Time: Sun Jun 13 22:57:17 2021 Hora estándar, América Central elapsed time: 1.190762 seconds (0d 0h 0m 1s)

---------------  T H R E A D  ---------------

Current thread (0x000001ff25fa28a0):  JavaThread "C2 CompilerThread0" daemon [_thread_in_native, id=25076, stack(0x0000002207e00000,0x0000002207f00000)]


Current CompileTask:
C2:   1190 1207       4       java.util.regex.Matcher::search (154 bytes)

Stack: [0x0000002207e00000,0x0000002207f00000]
Native frames: (J=compiled Java code, j=interpreted, Vv=VM code, C=native code)
V  [jvm.dll+0x62ae9a]
V  [jvm.dll+0x7817a9]
V  [jvm.dll+0x782f03]
V  [jvm.dll+0x783563]
V  [jvm.dll+0x216325]
V  [jvm.dll+0x97f3a]
V  [jvm.dll+0x9861c]
V  [jvm.dll+0x32e305]
V  [jvm.dll+0x18e1ba]
V  [jvm.dll+0x1ea822]
V  [jvm.dll+0x1e996e]
V  [jvm.dll+0x178567]
V  [jvm.dll+0x1f9225]
V  [jvm.dll+0x1f72cc]
V  [jvm.dll+0x74495d]
V  [jvm.dll+0x73d75a]
V  [jvm.dll+0x629c56]
C  [ucrtbase.dll+0x21bb2]
C  [KERNEL32.DLL+0x17034]
C  [ntdll.dll+0x52651]


---------------  P R O C E S S  ---------------

Threads class SMR info:
_java_thread_list=0x000001ff26a946c0, length=13, elements={
0x000001ff06f1f7e0, 0x000001ff25726f30, 0x000001ff257279e0, 0x000001ff25f61440,
0x000001ff25f664c0, 0x000001ff25f97010, 0x000001ff25fa28a0, 0x000001ff25fa3af0,
0x000001ff25fb4da0, 0x000001ff26131e20, 0x000001ff261578d0, 0x000001ff262e0da0,
0x000001ff269fb030
}

Java Threads: ( => current thread )
  0x000001ff06f1f7e0 JavaThread "main" [_thread_in_native, id=22748, stack(0x0000002207200000,0x0000002207300000)]
  0x000001ff25726f30 JavaThread "Reference Handler" daemon [_thread_blocked, id=22652, stack(0x0000002207900000,0x0000002207a00000)]
  0x000001ff257279e0 JavaThread "Finalizer" daemon [_thread_blocked, id=25896, stack(0x0000002207a00000,0x0000002207b00000)]
  0x000001ff25f61440 JavaThread "Signal Dispatcher" daemon [_thread_blocked, id=20080, stack(0x0000002207b00000,0x0000002207c00000)]
  0x000001ff25f664c0 JavaThread "Attach Listener" daemon [_thread_blocked, id=21600, stack(0x0000002207c00000,0x0000002207d00000)]
  0x000001ff25f97010 JavaThread "Service Thread" daemon [_thread_blocked, id=11660, stack(0x0000002207d00000,0x0000002207e00000)]
=>0x000001ff25fa28a0 JavaThread "C2 CompilerThread0" daemon [_thread_in_native, id=25076, stack(0x0000002207e00000,0x0000002207f00000)]
  0x000001ff25fa3af0 JavaThread "C1 CompilerThread0" daemon [_thread_blocked, id=26564, stack(0x0000002207f00000,0x0000002208000000)]
  0x000001ff25fb4da0 JavaThread "Sweeper thread" daemon [_thread_blocked, id=1776, stack(0x0000002208000000,0x0000002208100000)]
  0x000001ff26131e20 JavaThread "Notification Thread" daemon [_thread_blocked, id=12588, stack(0x0000002208100000,0x0000002208200000)]
  0x000001ff261578d0 JavaThread "Common-Cleaner" daemon [_thread_blocked, id=15344, stack(0x0000002208300000,0x0000002208400000)]
  0x000001ff262e0da0 JavaThread "C2 CompilerThread1" daemon [_thread_in_native, id=26372, stack(0x0000002208400000,0x0000002208500000)]
  0x000001ff269fb030 JavaThread "ReaderThread" [_thread_in_native, id=18424, stack(0x0000002208600000,0x0000002208700000)]

Other Threads:
  0x000001ff25f40300 VMThread "VM Thread" [stack: 0x0000002207800000,0x0000002207900000] [id=18884]
  0x000001ff26132a90 WatcherThread [stack: 0x0000002208200000,0x0000002208300000] [id=26760]
  0x000001ff06f5e1e0 GCTaskThread "GC Thread#0" [stack: 0x0000002207300000,0x0000002207400000] [id=18396]
  0x000001ff06f6b9e0 ConcurrentGCThread "G1 Main Marker" [stack: 0x0000002207400000,0x0000002207500000] [id=20340]
  0x000001ff06f6c650 ConcurrentGCThread "G1 Conc#0" [stack: 0x0000002207500000,0x0000002207600000] [id=12852]
  0x000001ff06fdfb40 ConcurrentGCThread "G1 Refine#0" [stack: 0x0000002207600000,0x0000002207700000] [id=17676]
  0x000001ff25570850 ConcurrentGCThread "G1 Young RemSet Sampling" [stack: 0x0000002207700000,0x0000002207800000] [id=26988]

Threads with active compile tasks:
C2 CompilerThread0     1223 1207       4       java.util.regex.Matcher::search (154 bytes)
C2 CompilerThread1     1223 1194 %     4       sun.security.util.AbstractAlgorithmConstraints::checkAlgorithm @ 31 (140 bytes)

VM state: not at safepoint (normal execution)

VM Mutex/Monitor currently owned by a thread: None

Heap address: 0x0000000742600000, size: 3034 MB, Compressed Oops mode: Zero based, Oop shift amount: 3
CDS disabled.
Compressed class space mapped at: 0x0000000800000000-0x0000000840000000, size: 1073741824
Narrow klass base: 0x0000000800000000, Narrow klass shift: 0, Narrow klass range: 0x40000000

GC Precious Log:
 CPUs: 8 total, 8 available
 Memory: 12135M
 Large Page Support: Disabled
 NUMA Support: Disabled
 Compressed Oops: Enabled (Zero based)
 Heap Region Size: 2M
 Heap Min Capacity: 8M
 Heap Initial Capacity: 190M
 Heap Max Capacity: 3034M
 Pre-touch: Disabled
 Parallel Workers: 8
 Concurrent Workers: 2
 Concurrent Refinement Workers: 8
 Periodic GC: Disabled

Heap:
 garbage-first heap   total 194560K, used 18432K [0x0000000742600000, 0x0000000800000000)
  region size 2048K, 11 young (22528K), 0 survivors (0K)
 Metaspace       used 16533K, capacity 16726K, committed 16896K, reserved 1064960K
  class space    used 1631K, capacity 1691K, committed 1792K, reserved 1048576K

Heap Regions: E=young(eden), S=young(survivor), O=old, HS=humongous(starts), HC=humongous(continues), CS=collection set, F=free, OA=open archive, CA=closed archive, TAMS=top-at-mark-start (previous, next)
|   0|0x0000000742600000, 0x0000000742600000, 0x0000000742800000|  0%| F|  |TAMS 0x0000000742600000, 0x0000000742600000| Untracked 
|   1|0x0000000742800000, 0x0000000742800000, 0x0000000742a00000|  0%| F|  |TAMS 0x0000000742800000, 0x0000000742800000| Untracked 
|   2|0x0000000742a00000, 0x0000000742a00000, 0x0000000742c00000|  0%| F|  |TAMS 0x0000000742a00000, 0x0000000742a00000| Untracked 
|   3|0x0000000742c00000, 0x0000000742c00000, 0x0000000742e00000|  0%| F|  |TAMS 0x0000000742c00000, 0x0000000742c00000| Untracked 
|   4|0x0000000742e00000, 0x0000000742e00000, 0x0000000743000000|  0%| F|  |TAMS 0x0000000742e00000, 0x0000000742e00000| Untracked 
|   5|0x0000000743000000, 0x0000000743000000, 0x0000000743200000|  0%| F|  |TAMS 0x0000000743000000, 0x0000000743000000| Untracked 
|   6|0x0000000743200000, 0x0000000743200000, 0x0000000743400000|  0%| F|  |TAMS 0x0000000743200000, 0x0000000743200000| Untracked 
|   7|0x0000000743400000, 0x0000000743400000, 0x0000000743600000|  0%| F|  |TAMS 0x0000000743400000, 0x0000000743400000| Untracked 
|   8|0x0000000743600000, 0x0000000743600000, 0x0000000743800000|  0%| F|  |TAMS 0x0000000743600000, 0x0000000743600000| Untracked 
|   9|0x0000000743800000, 0x0000000743800000, 0x0000000743a00000|  0%| F|  |TAMS 0x0000000743800000, 0x0000000743800000| Untracked 
|  10|0x0000000743a00000, 0x0000000743a00000, 0x0000000743c00000|  0%| F|  |TAMS 0x0000000743a00000, 0x0000000743a00000| Untracked 
|  11|0x0000000743c00000, 0x0000000743c00000, 0x0000000743e00000|  0%| F|  |TAMS 0x0000000743c00000, 0x0000000743c00000| Untracked 
|  12|0x0000000743e00000, 0x0000000743e00000, 0x0000000744000000|  0%| F|  |TAMS 0x0000000743e00000, 0x0000000743e00000| Untracked 
|  13|0x0000000744000000, 0x0000000744000000, 0x0000000744200000|  0%| F|  |TAMS 0x0000000744000000, 0x0000000744000000| Untracked 
|  14|0x0000000744200000, 0x0000000744200000, 0x0000000744400000|  0%| F|  |TAMS 0x0000000744200000, 0x0000000744200000| Untracked 
|  15|0x0000000744400000, 0x0000000744400000, 0x0000000744600000|  0%| F|  |TAMS 0x0000000744400000, 0x0000000744400000| Untracked 
|  16|0x0000000744600000, 0x0000000744600000, 0x0000000744800000|  0%| F|  |TAMS 0x0000000744600000, 0x0000000744600000| Untracked 
|  17|0x0000000744800000, 0x0000000744800000, 0x0000000744a00000|  0%| F|  |TAMS 0x0000000744800000, 0x0000000744800000| Untracked 
|  18|0x0000000744a00000, 0x0000000744a00000, 0x0000000744c00000|  0%| F|  |TAMS 0x0000000744a00000, 0x0000000744a00000| Untracked 
|  19|0x0000000744c00000, 0x0000000744c00000, 0x0000000744e00000|  0%| F|  |TAMS 0x0000000744c00000, 0x0000000744c00000| Untracked 
|  20|0x0000000744e00000, 0x0000000744e00000, 0x0000000745000000|  0%| F|  |TAMS 0x0000000744e00000, 0x0000000744e00000| Untracked 
|  21|0x0000000745000000, 0x0000000745000000, 0x0000000745200000|  0%| F|  |TAMS 0x0000000745000000, 0x0000000745000000| Untracked 
|  22|0x0000000745200000, 0x0000000745200000, 0x0000000745400000|  0%| F|  |TAMS 0x0000000745200000, 0x0000000745200000| Untracked 
|  23|0x0000000745400000, 0x0000000745400000, 0x0000000745600000|  0%| F|  |TAMS 0x0000000745400000, 0x0000000745400000| Untracked 
|  24|0x0000000745600000, 0x0000000745600000, 0x0000000745800000|  0%| F|  |TAMS 0x0000000745600000, 0x0000000745600000| Untracked 
|  25|0x0000000745800000, 0x0000000745800000, 0x0000000745a00000|  0%| F|  |TAMS 0x0000000745800000, 0x0000000745800000| Untracked 
|  26|0x0000000745a00000, 0x0000000745a00000, 0x0000000745c00000|  0%| F|  |TAMS 0x0000000745a00000, 0x0000000745a00000| Untracked 
|  27|0x0000000745c00000, 0x0000000745c00000, 0x0000000745e00000|  0%| F|  |TAMS 0x0000000745c00000, 0x0000000745c00000| Untracked 
|  28|0x0000000745e00000, 0x0000000745e00000, 0x0000000746000000|  0%| F|  |TAMS 0x0000000745e00000, 0x0000000745e00000| Untracked 
|  29|0x0000000746000000, 0x0000000746000000, 0x0000000746200000|  0%| F|  |TAMS 0x0000000746000000, 0x0000000746000000| Untracked 
|  30|0x0000000746200000, 0x0000000746200000, 0x0000000746400000|  0%| F|  |TAMS 0x0000000746200000, 0x0000000746200000| Untracked 
|  31|0x0000000746400000, 0x0000000746400000, 0x0000000746600000|  0%| F|  |TAMS 0x0000000746400000, 0x0000000746400000| Untracked 
|  32|0x0000000746600000, 0x0000000746600000, 0x0000000746800000|  0%| F|  |TAMS 0x0000000746600000, 0x0000000746600000| Untracked 
|  33|0x0000000746800000, 0x0000000746800000, 0x0000000746a00000|  0%| F|  |TAMS 0x0000000746800000, 0x0000000746800000| Untracked 
|  34|0x0000000746a00000, 0x0000000746a00000, 0x0000000746c00000|  0%| F|  |TAMS 0x0000000746a00000, 0x0000000746a00000| Untracked 
|  35|0x0000000746c00000, 0x0000000746c00000, 0x0000000746e00000|  0%| F|  |TAMS 0x0000000746c00000, 0x0000000746c00000| Untracked 
|  36|0x0000000746e00000, 0x0000000746e00000, 0x0000000747000000|  0%| F|  |TAMS 0x0000000746e00000, 0x0000000746e00000| Untracked 
|  37|0x0000000747000000, 0x0000000747000000, 0x0000000747200000|  0%| F|  |TAMS 0x0000000747000000, 0x0000000747000000| Untracked 
|  38|0x0000000747200000, 0x0000000747200000, 0x0000000747400000|  0%| F|  |TAMS 0x0000000747200000, 0x0000000747200000| Untracked 
|  39|0x0000000747400000, 0x0000000747400000, 0x0000000747600000|  0%| F|  |TAMS 0x0000000747400000, 0x0000000747400000| Untracked 
|  40|0x0000000747600000, 0x0000000747600000, 0x0000000747800000|  0%| F|  |TAMS 0x0000000747600000, 0x0000000747600000| Untracked 
|  41|0x0000000747800000, 0x0000000747800000, 0x0000000747a00000|  0%| F|  |TAMS 0x0000000747800000, 0x0000000747800000| Untracked 
|  42|0x0000000747a00000, 0x0000000747a00000, 0x0000000747c00000|  0%| F|  |TAMS 0x0000000747a00000, 0x0000000747a00000| Untracked 
|  43|0x0000000747c00000, 0x0000000747c00000, 0x0000000747e00000|  0%| F|  |TAMS 0x0000000747c00000, 0x0000000747c00000| Untracked 
|  44|0x0000000747e00000, 0x0000000747e00000, 0x0000000748000000|  0%| F|  |TAMS 0x0000000747e00000, 0x0000000747e00000| Untracked 
|  45|0x0000000748000000, 0x0000000748000000, 0x0000000748200000|  0%| F|  |TAMS 0x0000000748000000, 0x0000000748000000| Untracked 
|  46|0x0000000748200000, 0x0000000748200000, 0x0000000748400000|  0%| F|  |TAMS 0x0000000748200000, 0x0000000748200000| Untracked 
|  47|0x0000000748400000, 0x0000000748400000, 0x0000000748600000|  0%| F|  |TAMS 0x0000000748400000, 0x0000000748400000| Untracked 
|  48|0x0000000748600000, 0x0000000748600000, 0x0000000748800000|  0%| F|  |TAMS 0x0000000748600000, 0x0000000748600000| Untracked 
|  49|0x0000000748800000, 0x0000000748800000, 0x0000000748a00000|  0%| F|  |TAMS 0x0000000748800000, 0x0000000748800000| Untracked 
|  50|0x0000000748a00000, 0x0000000748a00000, 0x0000000748c00000|  0%| F|  |TAMS 0x0000000748a00000, 0x0000000748a00000| Untracked 
|  51|0x0000000748c00000, 0x0000000748c00000, 0x0000000748e00000|  0%| F|  |TAMS 0x0000000748c00000, 0x0000000748c00000| Untracked 
|  52|0x0000000748e00000, 0x0000000748e00000, 0x0000000749000000|  0%| F|  |TAMS 0x0000000748e00000, 0x0000000748e00000| Untracked 
|  53|0x0000000749000000, 0x0000000749000000, 0x0000000749200000|  0%| F|  |TAMS 0x0000000749000000, 0x0000000749000000| Untracked 
|  54|0x0000000749200000, 0x0000000749200000, 0x0000000749400000|  0%| F|  |TAMS 0x0000000749200000, 0x0000000749200000| Untracked 
|  55|0x0000000749400000, 0x0000000749400000, 0x0000000749600000|  0%| F|  |TAMS 0x0000000749400000, 0x0000000749400000| Untracked 
|  56|0x0000000749600000, 0x0000000749600000, 0x0000000749800000|  0%| F|  |TAMS 0x0000000749600000, 0x0000000749600000| Untracked 
|  57|0x0000000749800000, 0x0000000749800000, 0x0000000749a00000|  0%| F|  |TAMS 0x0000000749800000, 0x0000000749800000| Untracked 
|  58|0x0000000749a00000, 0x0000000749a00000, 0x0000000749c00000|  0%| F|  |TAMS 0x0000000749a00000, 0x0000000749a00000| Untracked 
|  59|0x0000000749c00000, 0x0000000749c00000, 0x0000000749e00000|  0%| F|  |TAMS 0x0000000749c00000, 0x0000000749c00000| Untracked 
|  60|0x0000000749e00000, 0x0000000749e00000, 0x000000074a000000|  0%| F|  |TAMS 0x0000000749e00000, 0x0000000749e00000| Untracked 
|  61|0x000000074a000000, 0x000000074a000000, 0x000000074a200000|  0%| F|  |TAMS 0x000000074a000000, 0x000000074a000000| Untracked 
|  62|0x000000074a200000, 0x000000074a200000, 0x000000074a400000|  0%| F|  |TAMS 0x000000074a200000, 0x000000074a200000| Untracked 
|  63|0x000000074a400000, 0x000000074a400000, 0x000000074a600000|  0%| F|  |TAMS 0x000000074a400000, 0x000000074a400000| Untracked 
|  64|0x000000074a600000, 0x000000074a600000, 0x000000074a800000|  0%| F|  |TAMS 0x000000074a600000, 0x000000074a600000| Untracked 
|  65|0x000000074a800000, 0x000000074a800000, 0x000000074aa00000|  0%| F|  |TAMS 0x000000074a800000, 0x000000074a800000| Untracked 
|  66|0x000000074aa00000, 0x000000074aa00000, 0x000000074ac00000|  0%| F|  |TAMS 0x000000074aa00000, 0x000000074aa00000| Untracked 
|  67|0x000000074ac00000, 0x000000074ac00000, 0x000000074ae00000|  0%| F|  |TAMS 0x000000074ac00000, 0x000000074ac00000| Untracked 
|  68|0x000000074ae00000, 0x000000074ae00000, 0x000000074b000000|  0%| F|  |TAMS 0x000000074ae00000, 0x000000074ae00000| Untracked 
|  69|0x000000074b000000, 0x000000074b000000, 0x000000074b200000|  0%| F|  |TAMS 0x000000074b000000, 0x000000074b000000| Untracked 
|  70|0x000000074b200000, 0x000000074b200000, 0x000000074b400000|  0%| F|  |TAMS 0x000000074b200000, 0x000000074b200000| Untracked 
|  71|0x000000074b400000, 0x000000074b400000, 0x000000074b600000|  0%| F|  |TAMS 0x000000074b400000, 0x000000074b400000| Untracked 
|  72|0x000000074b600000, 0x000000074b600000, 0x000000074b800000|  0%| F|  |TAMS 0x000000074b600000, 0x000000074b600000| Untracked 
|  73|0x000000074b800000, 0x000000074b800000, 0x000000074ba00000|  0%| F|  |TAMS 0x000000074b800000, 0x000000074b800000| Untracked 
|  74|0x000000074ba00000, 0x000000074ba00000, 0x000000074bc00000|  0%| F|  |TAMS 0x000000074ba00000, 0x000000074ba00000| Untracked 
|  75|0x000000074bc00000, 0x000000074bc00000, 0x000000074be00000|  0%| F|  |TAMS 0x000000074bc00000, 0x000000074bc00000| Untracked 
|  76|0x000000074be00000, 0x000000074be00000, 0x000000074c000000|  0%| F|  |TAMS 0x000000074be00000, 0x000000074be00000| Untracked 
|  77|0x000000074c000000, 0x000000074c000000, 0x000000074c200000|  0%| F|  |TAMS 0x000000074c000000, 0x000000074c000000| Untracked 
|  78|0x000000074c200000, 0x000000074c200000, 0x000000074c400000|  0%| F|  |TAMS 0x000000074c200000, 0x000000074c200000| Untracked 
|  79|0x000000074c400000, 0x000000074c400000, 0x000000074c600000|  0%| F|  |TAMS 0x000000074c400000, 0x000000074c400000| Untracked 
|  80|0x000000074c600000, 0x000000074c600000, 0x000000074c800000|  0%| F|  |TAMS 0x000000074c600000, 0x000000074c600000| Untracked 
|  81|0x000000074c800000, 0x000000074c800000, 0x000000074ca00000|  0%| F|  |TAMS 0x000000074c800000, 0x000000074c800000| Untracked 
|  82|0x000000074ca00000, 0x000000074ca00000, 0x000000074cc00000|  0%| F|  |TAMS 0x000000074ca00000, 0x000000074ca00000| Untracked 
|  83|0x000000074cc00000, 0x000000074cc00000, 0x000000074ce00000|  0%| F|  |TAMS 0x000000074cc00000, 0x000000074cc00000| Untracked 
|  84|0x000000074ce00000, 0x000000074cee1d00, 0x000000074d000000| 44%| E|  |TAMS 0x000000074ce00000, 0x000000074ce00000| Complete 
|  85|0x000000074d000000, 0x000000074d200000, 0x000000074d200000|100%| E|CS|TAMS 0x000000074d000000, 0x000000074d000000| Complete 
|  86|0x000000074d200000, 0x000000074d400000, 0x000000074d400000|100%| E|  |TAMS 0x000000074d200000, 0x000000074d200000| Complete 
|  87|0x000000074d400000, 0x000000074d600000, 0x000000074d600000|100%| E|CS|TAMS 0x000000074d400000, 0x000000074d400000| Complete 
|  88|0x000000074d600000, 0x000000074d800000, 0x000000074d800000|100%| E|CS|TAMS 0x000000074d600000, 0x000000074d600000| Complete 
|  89|0x000000074d800000, 0x000000074da00000, 0x000000074da00000|100%| E|CS|TAMS 0x000000074d800000, 0x000000074d800000| Complete 
|  90|0x000000074da00000, 0x000000074dc00000, 0x000000074dc00000|100%| E|CS|TAMS 0x000000074da00000, 0x000000074da00000| Complete 
|  91|0x000000074dc00000, 0x000000074de00000, 0x000000074de00000|100%| E|CS|TAMS 0x000000074dc00000, 0x000000074dc00000| Complete 
|  92|0x000000074de00000, 0x000000074e000000, 0x000000074e000000|100%| E|CS|TAMS 0x000000074de00000, 0x000000074de00000| Complete 
|  93|0x000000074e000000, 0x000000074e200000, 0x000000074e200000|100%| E|CS|TAMS 0x000000074e000000, 0x000000074e000000| Complete 
|  94|0x000000074e200000, 0x000000074e400000, 0x000000074e400000|100%| E|CS|TAMS 0x000000074e200000, 0x000000074e200000| Complete 

Card table byte_map: [0x000001ff1c180000,0x000001ff1c770000] _byte_map_base: 0x000001ff1876d000

Marking Bits (Prev, Next): (CMBitMap*) 0x000001ff06f5ea50, (CMBitMap*) 0x000001ff06f5ea90
 Prev Bits: [0x000001ff1cd60000, 0x000001ff1fcc8000)
 Next Bits: [0x000001ff1fcd0000, 0x000001ff22c38000)

Polling page: 0x000001ff0c0e0000

Metaspace:

Usage:
  Non-class:     14.68 MB capacity,    14.55 MB (>99%) used,   117.97 KB ( <1%) free+waste,    15.69 KB ( <1%) overhead. 
      Class:      1.65 MB capacity,     1.59 MB ( 96%) used,    53.85 KB (  3%) free+waste,     5.44 KB ( <1%) overhead. 
       Both:     16.33 MB capacity,    16.15 MB ( 99%) used,   171.82 KB (  1%) free+waste,    21.12 KB ( <1%) overhead. 

Virtual space:
  Non-class space:       16.00 MB reserved,      14.75 MB ( 92%) committed 
      Class space:        1.00 GB reserved,       1.75 MB ( <1%) committed 
             Both:        1.02 GB reserved,      16.50 MB (  2%) committed 

Chunk freelists:
   Non-Class:  5.00 KB
       Class:  5.00 KB
        Both:  10.00 KB

MaxMetaspaceSize: 17179869184.00 GB
CompressedClassSpaceSize: 1.00 GB

CodeHeap 'non-profiled nmethods': size=120000Kb used=391Kb max_used=391Kb free=119608Kb
 bounds [0x000001ff13bd0000, 0x000001ff13e40000, 0x000001ff1b100000]
CodeHeap 'profiled nmethods': size=120000Kb used=2059Kb max_used=2059Kb free=117940Kb
 bounds [0x000001ff0c6a0000, 0x000001ff0c910000, 0x000001ff13bd0000]
CodeHeap 'non-nmethods': size=5760Kb used=1177Kb max_used=1200Kb free=4582Kb
 bounds [0x000001ff0c100000, 0x000001ff0c370000, 0x000001ff0c6a0000]
 total_blobs=1681 nmethods=1244 adapters=350
 compilation: enabled
              stopped_count=0, restarted_count=0
 full_count=0

Compilation events (20 events):
Event: 1.170 Thread 0x000001ff25fa3af0 1215       3       java.util.Collections$UnmodifiableCollection$1::next (10 bytes)
Event: 1.170 Thread 0x000001ff25fa3af0 nmethod 1215 0x000001ff0c896190 code [0x000001ff0c896340, 0x000001ff0c896508]
Event: 1.172 Thread 0x000001ff25fa3af0 1218       3       java.nio.HeapByteBuffer::ix (7 bytes)
Event: 1.172 Thread 0x000001ff25fa3af0 nmethod 1218 0x000001ff0c896610 code [0x000001ff0c8967a0, 0x000001ff0c896898]
Event: 1.172 Thread 0x000001ff25fa3af0 1219       1       java.security.AlgorithmParameters::getAlgorithm (5 bytes)
Event: 1.172 Thread 0x000001ff25fa3af0 nmethod 1219 0x000001ff13c30f90 code [0x000001ff13c31120, 0x000001ff13c311d8]
Event: 1.173 Thread 0x000001ff25fa3af0 1220       3       java.math.BigInteger::bitLength (140 bytes)
Event: 1.173 Thread 0x000001ff25fa3af0 nmethod 1220 0x000001ff0c896910 code [0x000001ff0c896b00, 0x000001ff0c897058]
Event: 1.173 Thread 0x000001ff25fa3af0 1222       3       java.util.Collections$UnmodifiableCollection::isEmpty (10 bytes)
Event: 1.173 Thread 0x000001ff25fa3af0 nmethod 1222 0x000001ff0c897290 code [0x000001ff0c897440, 0x000001ff0c897608]
Event: 1.175 Thread 0x000001ff25fa3af0 1223       3       java.util.LinkedList$ListItr::next (56 bytes)
Event: 1.175 Thread 0x000001ff25fa3af0 nmethod 1223 0x000001ff0c897710 code [0x000001ff0c897900, 0x000001ff0c897df8]
Event: 1.175 Thread 0x000001ff25fa3af0 1224       3       java.util.LinkedList$ListItr::checkForComodification (23 bytes)
Event: 1.176 Thread 0x000001ff25fa3af0 nmethod 1224 0x000001ff0c897f90 code [0x000001ff0c898140, 0x000001ff0c898308]
Event: 1.180 Thread 0x000001ff25fa3af0 1225       3       sun.invoke.util.BytecodeDescriptor::unparse (37 bytes)
Event: 1.180 Thread 0x000001ff25fa3af0 nmethod 1225 0x000001ff0c898410 code [0x000001ff0c898620, 0x000001ff0c898af8]
Event: 1.181 Thread 0x000001ff25fa3af0 1226       3       jdk.internal.reflect.MagicAccessorImpl::<init> (5 bytes)
Event: 1.181 Thread 0x000001ff25fa3af0 nmethod 1226 0x000001ff0c898c90 code [0x000001ff0c898e20, 0x000001ff0c898f78]
Event: 1.183 Thread 0x000001ff25fa3af0 1227       3       java.lang.invoke.LambdaForm::parameter (52 bytes)
Event: 1.183 Thread 0x000001ff25fa3af0 nmethod 1227 0x000001ff0c899010 code [0x000001ff0c8991a0, 0x000001ff0c8992f8]

GC Heap History (0 events):
No events

Deoptimization events (20 events):
Event: 1.141 Thread 0x000001ff06f1f7e0 DEOPT PACKING pc=0x000001ff0c7e83b0 sp=0x00000022072fdc30
Event: 1.141 Thread 0x000001ff06f1f7e0 DEOPT UNPACKING pc=0x000001ff0c14e23f sp=0x00000022072fd0e8 mode 0
Event: 1.142 Thread 0x000001ff06f1f7e0 DEOPT PACKING pc=0x000001ff0c7e83b0 sp=0x00000022072fdbb0
Event: 1.142 Thread 0x000001ff06f1f7e0 DEOPT UNPACKING pc=0x000001ff0c14e23f sp=0x00000022072fd068 mode 0
Event: 1.143 Thread 0x000001ff06f1f7e0 DEOPT PACKING pc=0x000001ff0c7e83b0 sp=0x00000022072fdc30
Event: 1.143 Thread 0x000001ff06f1f7e0 DEOPT UNPACKING pc=0x000001ff0c14e23f sp=0x00000022072fd0e8 mode 0
Event: 1.143 Thread 0x000001ff06f1f7e0 DEOPT PACKING pc=0x000001ff0c7e83b0 sp=0x00000022072fdc30
Event: 1.143 Thread 0x000001ff06f1f7e0 DEOPT UNPACKING pc=0x000001ff0c14e23f sp=0x00000022072fd0e8 mode 0
Event: 1.145 Thread 0x000001ff06f1f7e0 DEOPT PACKING pc=0x000001ff0c7e83b0 sp=0x00000022072fdc30
Event: 1.145 Thread 0x000001ff06f1f7e0 DEOPT UNPACKING pc=0x000001ff0c14e23f sp=0x00000022072fd0e8 mode 0
Event: 1.147 Thread 0x000001ff06f1f7e0 DEOPT PACKING pc=0x000001ff0c7e83b0 sp=0x00000022072fdbb0
Event: 1.147 Thread 0x000001ff06f1f7e0 DEOPT UNPACKING pc=0x000001ff0c14e23f sp=0x00000022072fd068 mode 0
Event: 1.179 Thread 0x000001ff06f1f7e0 Uncommon trap: trap_request=0xffffff45 fr.pc=0x000001ff13c2f884 relative=0x00000000000000e4
Event: 1.179 Thread 0x000001ff06f1f7e0 Uncommon trap: reason=unstable_if action=reinterpret pc=0x000001ff13c2f884 method=jdk.internal.misc.Unsafe.convEndian(ZI)I @ 4 c2
Event: 1.179 Thread 0x000001ff06f1f7e0 DEOPT PACKING pc=0x000001ff13c2f884 sp=0x00000022072fca60
Event: 1.179 Thread 0x000001ff06f1f7e0 DEOPT UNPACKING pc=0x000001ff0c14e42f sp=0x00000022072fc920 mode 2
Event: 1.179 Thread 0x000001ff06f1f7e0 Uncommon trap: trap_request=0xffffff45 fr.pc=0x000001ff13c2f4f0 relative=0x0000000000000070
Event: 1.179 Thread 0x000001ff06f1f7e0 Uncommon trap: reason=unstable_if action=reinterpret pc=0x000001ff13c2f4f0 method=jdk.internal.misc.Unsafe.convEndian(ZI)I @ 4 c2
Event: 1.179 Thread 0x000001ff06f1f7e0 DEOPT PACKING pc=0x000001ff13c2f4f0 sp=0x00000022072fc9f0
Event: 1.179 Thread 0x000001ff06f1f7e0 DEOPT UNPACKING pc=0x000001ff0c14e42f sp=0x00000022072fc920 mode 2

Classes unloaded (0 events):
No events

Classes redefined (0 events):
No events

Internal exceptions (12 events):
Event: 0.421 Thread 0x000001ff06f1f7e0 Exception <a 'java/lang/NoSuchMethodError'{0x000000074e19a370}: 'void java.lang.invoke.DirectMethodHandle$Holder.invokeSpecial(java.lang.Object, java.lang.Object, java.lang.Object)'> (0x000000074e19a370) 
thrown [./open/src/hotspot/share/interpreter/linkResolver.cpp, line 782]
Event: 0.611 Thread 0x000001ff06f1f7e0 Exception <a 'java/lang/NoSuchMethodError'{0x000000074dfe3558}: 'java.lang.Object java.lang.invoke.DirectMethodHandle$Holder.invokeStatic(java.lang.Object)'> (0x000000074dfe3558) 
thrown [./open/src/hotspot/share/interpreter/linkResolver.cpp, line 782]
Event: 0.611 Thread 0x000001ff06f1f7e0 Exception <a 'java/lang/NoSuchMethodError'{0x000000074dfe6ca8}: 'java.lang.Object java.lang.invoke.DirectMethodHandle$Holder.invokeStaticInit(java.lang.Object)'> (0x000000074dfe6ca8) 
thrown [./open/src/hotspot/share/interpreter/linkResolver.cpp, line 782]
Event: 0.647 Thread 0x000001ff06f1f7e0 Exception <a 'java/lang/NoSuchMethodError'{0x000000074dc08b08}: 'void java.lang.invoke.DirectMethodHandle$Holder.invokeStatic(java.lang.Object, java.lang.Object)'> (0x000000074dc08b08) 
thrown [./open/src/hotspot/share/interpreter/linkResolver.cpp, line 782]
Event: 0.746 Thread 0x000001ff06f1f7e0 Exception <a 'java/lang/NoSuchMethodError'{0x000000074dd81430}: 'void java.lang.invoke.DirectMethodHandle$Holder.invokeStaticInit(java.lang.Object, java.lang.Object)'> (0x000000074dd81430) 
thrown [./open/src/hotspot/share/interpreter/linkResolver.cpp, line 782]
Event: 0.797 Thread 0x000001ff06f1f7e0 Exception <a 'java/lang/NoSuchMethodError'{0x000000074daf1060}: 'java.lang.Object java.lang.invoke.DirectMethodHandle$Holder.invokeStaticInit(java.lang.Object, int, int, int, int)'> (0x000000074daf1060) 
thrown [./open/src/hotspot/share/interpreter/linkResolver.cpp, line 782]
Event: 0.799 Thread 0x000001ff06f1f7e0 Exception <a 'sun/nio/fs/WindowsException'{0x000000074daf82a0}> (0x000000074daf82a0) 
thrown [./open/src/hotspot/share/prims/jni.cpp, line 578]
Event: 0.813 Thread 0x000001ff06f1f7e0 Exception <a 'java/lang/NoSuchMethodError'{0x000000074db20f00}: 'int java.lang.invoke.DirectMethodHandle$Holder.invokeStaticInit(java.lang.Object, java.lang.Object, java.lang.Object, java.lang.Object)'> (0x000000074db20f00) 
thrown [./open/src/hotspot/share/interpreter/linkResolver.cpp, line 782]
Event: 0.814 Thread 0x000001ff06f1f7e0 Exception <a 'java/lang/NoSuchMethodError'{0x000000074db2b490}: 'java.lang.Object java.lang.invoke.DirectMethodHandle$Holder.invokeInterface(java.lang.Object, java.lang.Object)'> (0x000000074db2b490) 
thrown [./open/src/hotspot/share/interpreter/linkResolver.cpp, line 782]
Event: 0.815 Thread 0x000001ff06f1f7e0 Exception <a 'java/lang/IncompatibleClassChangeError'{0x000000074db2f130}: Found class java.lang.Object, but interface was expected> (0x000000074db2f130) 
thrown [./open/src/hotspot/share/interpreter/linkResolver.cpp, line 848]
Event: 0.816 Thread 0x000001ff06f1f7e0 Exception <a 'java/lang/NoSuchMethodError'{0x000000074db35578}: 'int java.lang.invoke.DirectMethodHandle$Holder.invokeStaticInit(java.lang.Object, java.lang.Object)'> (0x000000074db35578) 
thrown [./open/src/hotspot/share/interpreter/linkResolver.cpp, line 782]
Event: 1.030 Thread 0x000001ff06f1f7e0 Exception <a 'java/lang/NoSuchMethodError'{0x000000074d2ab080}: 'java.lang.Object java.lang.invoke.DirectMethodHandle$Holder.invokeStaticInit(java.lang.Object, java.lang.Object, int, int, int, int)'> (0x000000074d2ab080) 
thrown [./open/src/hotspot/share/interpreter/linkResolver.cpp, line 782]

Events (20 events):
Event: 1.178 loading class sun/security/ssl/ECDHKeyExchange$ECDHEPossessionGenerator
Event: 1.178 loading class sun/security/ssl/ECDHKeyExchange$ECDHEPossessionGenerator done
Event: 1.178 loading class sun/security/ssl/ECDHKeyExchange$ECDHKAGenerator
Event: 1.178 loading class sun/security/ssl/ECDHKeyExchange$ECDHKAGenerator done
Event: 1.178 loading class sun/security/ssl/ECDHKeyExchange$ECDHEKAGenerator
Event: 1.178 loading class sun/security/ssl/ECDHKeyExchange$ECDHEKAGenerator done
Event: 1.178 loading class sun/security/ssl/ECDHKeyExchange$ECDHEXDHKAGenerator
Event: 1.179 loading class sun/security/ssl/ECDHKeyExchange$ECDHEXDHKAGenerator done
Event: 1.179 loading class sun/security/ssl/XDHKeyExchange$XDHEPossession
Event: 1.179 loading class sun/security/ssl/XDHKeyExchange$XDHEPossession done
Event: 1.184 loading class sun/security/util/math/IntegerFieldModuloP
Event: 1.184 loading class sun/security/util/math/IntegerFieldModuloP done
Event: 1.184 loading class sun/security/util/math/IntegerModuloP
Event: 1.184 loading class sun/security/util/math/IntegerModuloP done
Event: 1.184 loading class sun/security/util/math/intpoly/IntegerPolynomial25519
Event: 1.185 loading class sun/security/util/math/intpoly/IntegerPolynomial
Event: 1.185 loading class sun/security/util/math/intpoly/IntegerPolynomial done
Event: 1.185 loading class sun/security/util/math/intpoly/IntegerPolynomial25519 done
Event: 1.185 loading class java/math/MutableBigInteger
Event: 1.186 loading class java/math/MutableBigInteger done


Dynamic libraries:
0x00007ff7b12a0000 - 0x00007ff7b12ad000 	C:\Users\Agile\.p2\pool\plugins\org.eclipse.justj.openjdk.hotspot.jre.full.win32.x86_64_15.0.2.v20210201-0955\jre\bin\javaw.exe
0x00007ffd9ee30000 - 0x00007ffd9f025000 	C:\WINDOWS\SYSTEM32\ntdll.dll
0x00007ffd9dfd0000 - 0x00007ffd9e08d000 	C:\WINDOWS\System32\KERNEL32.DLL
0x00007ffd9c960000 - 0x00007ffd9cc28000 	C:\WINDOWS\System32\KERNELBASE.dll
0x00007ffd9c830000 - 0x00007ffd9c930000 	C:\WINDOWS\System32\ucrtbase.dll
0x00007ffd86d60000 - 0x00007ffd86d78000 	C:\Users\Agile\.p2\pool\plugins\org.eclipse.justj.openjdk.hotspot.jre.full.win32.x86_64_15.0.2.v20210201-0955\jre\bin\jli.dll
0x00007ffd8ff50000 - 0x00007ffd8ff69000 	C:\Users\Agile\.p2\pool\plugins\org.eclipse.justj.openjdk.hotspot.jre.full.win32.x86_64_15.0.2.v20210201-0955\jre\bin\VCRUNTIME140.dll
0x00007ffd9d7e0000 - 0x00007ffd9d980000 	C:\WINDOWS\System32\USER32.dll
0x00007ffd90890000 - 0x00007ffd90b2a000 	C:\WINDOWS\WinSxS\amd64_microsoft.windows.common-controls_6595b64144ccf1df_6.0.19041.1052_none_60b8f8fd71f5e8cb\COMCTL32.dll
0x00007ffd9cdd0000 - 0x00007ffd9cdf2000 	C:\WINDOWS\System32\win32u.dll
0x00007ffd9e990000 - 0x00007ffd9ea2e000 	C:\WINDOWS\System32\msvcrt.dll
0x00007ffd9d650000 - 0x00007ffd9d67a000 	C:\WINDOWS\System32\GDI32.dll
0x00007ffd9ccc0000 - 0x00007ffd9cdcb000 	C:\WINDOWS\System32\gdi32full.dll
0x00007ffd9ce00000 - 0x00007ffd9ce9d000 	C:\WINDOWS\System32\msvcp_win.dll
0x00007ffd9d580000 - 0x00007ffd9d5b0000 	C:\WINDOWS\System32\IMM32.DLL
0x00007ffd976d0000 - 0x00007ffd976dc000 	C:\Users\Agile\.p2\pool\plugins\org.eclipse.justj.openjdk.hotspot.jre.full.win32.x86_64_15.0.2.v20210201-0955\jre\bin\vcruntime140_1.dll
0x00007ffd83930000 - 0x00007ffd839c1000 	C:\Users\Agile\.p2\pool\plugins\org.eclipse.justj.openjdk.hotspot.jre.full.win32.x86_64_15.0.2.v20210201-0955\jre\bin\msvcp140.dll
0x00007ffd216d0000 - 0x00007ffd2222e000 	C:\Users\Agile\.p2\pool\plugins\org.eclipse.justj.openjdk.hotspot.jre.full.win32.x86_64_15.0.2.v20210201-0955\jre\bin\server\jvm.dll
0x00007ffd9da30000 - 0x00007ffd9dadc000 	C:\WINDOWS\System32\ADVAPI32.dll
0x00007ffd9d5b0000 - 0x00007ffd9d64b000 	C:\WINDOWS\System32\sechost.dll
0x00007ffd9cf20000 - 0x00007ffd9d04b000 	C:\WINDOWS\System32\RPCRT4.dll
0x00007ffd9d380000 - 0x00007ffd9d388000 	C:\WINDOWS\System32\PSAPI.DLL
0x00007ffd868b0000 - 0x00007ffd868b9000 	C:\WINDOWS\SYSTEM32\WSOCK32.dll
0x00007ffd82530000 - 0x00007ffd82557000 	C:\WINDOWS\SYSTEM32\WINMM.dll
0x00007ffd94690000 - 0x00007ffd9469a000 	C:\WINDOWS\SYSTEM32\VERSION.dll
0x00007ffd9d680000 - 0x00007ffd9d6eb000 	C:\WINDOWS\System32\WS2_32.dll
0x00007ffd9a4c0000 - 0x00007ffd9a4d2000 	C:\WINDOWS\SYSTEM32\kernel.appcore.dll
0x00007ffd83e70000 - 0x00007ffd83e7a000 	C:\Users\Agile\.p2\pool\plugins\org.eclipse.justj.openjdk.hotspot.jre.full.win32.x86_64_15.0.2.v20210201-0955\jre\bin\jimage.dll
0x00007ffd94420000 - 0x00007ffd94604000 	C:\WINDOWS\SYSTEM32\DBGHELP.DLL
0x00007ffd946c0000 - 0x00007ffd946ec000 	C:\WINDOWS\SYSTEM32\dbgcore.DLL
0x00007ffd9cc30000 - 0x00007ffd9ccb3000 	C:\WINDOWS\System32\bcryptPrimitives.dll
0x00007ffd7a540000 - 0x00007ffd7a565000 	C:\Users\Agile\.p2\pool\plugins\org.eclipse.justj.openjdk.hotspot.jre.full.win32.x86_64_15.0.2.v20210201-0955\jre\bin\java.dll
0x00007ffd81c90000 - 0x00007ffd81ca8000 	C:\Users\Agile\.p2\pool\plugins\org.eclipse.justj.openjdk.hotspot.jre.full.win32.x86_64_15.0.2.v20210201-0955\jre\bin\zip.dll
0x00007ffd9e090000 - 0x00007ffd9e7cf000 	C:\WINDOWS\System32\SHELL32.dll
0x00007ffd9a6c0000 - 0x00007ffd9ae50000 	C:\WINDOWS\SYSTEM32\windows.storage.dll
0x00007ffd9ea30000 - 0x00007ffd9ed85000 	C:\WINDOWS\System32\combase.dll
0x00007ffd9bf10000 - 0x00007ffd9bf3c000 	C:\WINDOWS\SYSTEM32\Wldp.dll
0x00007ffd9d980000 - 0x00007ffd9da2e000 	C:\WINDOWS\System32\SHCORE.dll
0x00007ffd9d2c0000 - 0x00007ffd9d315000 	C:\WINDOWS\System32\shlwapi.dll
0x00007ffd9c4b0000 - 0x00007ffd9c4cf000 	C:\WINDOWS\SYSTEM32\profapi.dll
0x00007ffd7af00000 - 0x00007ffd7af19000 	C:\Users\Agile\.p2\pool\plugins\org.eclipse.justj.openjdk.hotspot.jre.full.win32.x86_64_15.0.2.v20210201-0955\jre\bin\net.dll
0x00007ffd927e0000 - 0x00007ffd928eb000 	C:\WINDOWS\SYSTEM32\WINHTTP.dll
0x00007ffd9bc80000 - 0x00007ffd9bcea000 	C:\WINDOWS\system32\mswsock.dll
0x00007ffd7a950000 - 0x00007ffd7a962000 	C:\Users\Agile\.p2\pool\plugins\org.eclipse.justj.openjdk.hotspot.jre.full.win32.x86_64_15.0.2.v20210201-0955\jre\bin\nio.dll
0x00007ffd9b9b0000 - 0x00007ffd9ba7c000 	C:\WINDOWS\SYSTEM32\DNSAPI.dll
0x00007ffd9b970000 - 0x00007ffd9b9ab000 	C:\WINDOWS\SYSTEM32\IPHLPAPI.DLL
0x00007ffd9d6f0000 - 0x00007ffd9d6f8000 	C:\WINDOWS\System32\NSI.dll
0x00007ffd92740000 - 0x00007ffd9274a000 	C:\Windows\System32\rasadhlp.dll
0x00007ffd92760000 - 0x00007ffd927df000 	C:\WINDOWS\System32\fwpuclnt.dll
0x00007ffd9c930000 - 0x00007ffd9c957000 	C:\WINDOWS\System32\bcrypt.dll
0x00007ffd9be50000 - 0x00007ffd9be68000 	C:\WINDOWS\SYSTEM32\CRYPTSP.dll
0x00007ffd9b620000 - 0x00007ffd9b654000 	C:\WINDOWS\system32\rsaenh.dll
0x00007ffd9c430000 - 0x00007ffd9c45e000 	C:\WINDOWS\SYSTEM32\USERENV.dll
0x00007ffd9be70000 - 0x00007ffd9be7c000 	C:\WINDOWS\SYSTEM32\CRYPTBASE.dll
0x00007ffd95800000 - 0x00007ffd95817000 	C:\WINDOWS\SYSTEM32\dhcpcsvc6.DLL
0x00007ffd96410000 - 0x00007ffd9642d000 	C:\WINDOWS\SYSTEM32\dhcpcsvc.DLL
0x00007ffd95660000 - 0x00007ffd9566d000 	C:\Users\Agile\.p2\pool\plugins\org.eclipse.justj.openjdk.hotspot.jre.full.win32.x86_64_15.0.2.v20210201-0955\jre\bin\sunmscapi.dll
0x00007ffd9c5c0000 - 0x00007ffd9c71f000 	C:\WINDOWS\System32\CRYPT32.dll
0x00007ffd9bf80000 - 0x00007ffd9bfa7000 	C:\WINDOWS\SYSTEM32\ncrypt.dll
0x00007ffd9bf40000 - 0x00007ffd9bf7b000 	C:\WINDOWS\SYSTEM32\NTASN1.dll

dbghelp: loaded successfully - version: 4.0.5 - missing functions: none
symbol engine: initialized successfully - sym options: 0x614 - pdb path: .;C:\Users\Agile\.p2\pool\plugins\org.eclipse.justj.openjdk.hotspot.jre.full.win32.x86_64_15.0.2.v20210201-0955\jre\bin;C:\WINDOWS\SYSTEM32;C:\WINDOWS\WinSxS\amd64_microsoft.windows.common-controls_6595b64144ccf1df_6.0.19041.1052_none_60b8f8fd71f5e8cb;C:\Users\Agile\.p2\pool\plugins\org.eclipse.justj.openjdk.hotspot.jre.full.win32.x86_64_15.0.2.v20210201-0955\jre\bin\server

VM Arguments:
jvm_args: -ea -Dfile.encoding=Cp1252 -XX:+ShowCodeDetailsInExceptionMessages 
java_command: org.testng.remote.RemoteTestNG -serport 56071 -protocol json -d C:\Agile\automatizaciones\Proyecto Agile\TIMP_R1\test-output C:\Users\Agile\AppData\Local\Temp\testng-eclipse-1885462368\testng-customsuite.xml
java_class_path (initial): C:\Users\Agile\eclipse\jee-2020-12\eclipse\configuration\org.eclipse.osgi\929\0\.cp\lib\testng-remote.jar;C:\Agile\automatizaciones\Proyecto Agile\TIMP_R1\target\test-classes;C:\Agile\automatizaciones\Proyecto Agile\TIMP_R1\target\classes;C:\Users\Agile\.m2\repository\org\seleniumhq\selenium\selenium-java\3.141.59\selenium-java-3.141.59.jar;C:\Users\Agile\.m2\repository\org\seleniumhq\selenium\selenium-api\3.141.59\selenium-api-3.141.59.jar;C:\Users\Agile\.m2\repository\org\seleniumhq\selenium\selenium-chrome-driver\3.141.59\selenium-chrome-driver-3.141.59.jar;C:\Users\Agile\.m2\repository\org\seleniumhq\selenium\selenium-edge-driver\3.141.59\selenium-edge-driver-3.141.59.jar;C:\Users\Agile\.m2\repository\org\seleniumhq\selenium\selenium-firefox-driver\3.141.59\selenium-firefox-driver-3.141.59.jar;C:\Users\Agile\.m2\repository\org\seleniumhq\selenium\selenium-ie-driver\3.141.59\selenium-ie-driver-3.141.59.jar;C:\Users\Agile\.m2\repository\org\seleniumhq\selenium\selenium-opera-driver\3.141.59\selenium-opera-driver-3.141.59.jar;C:\Users\Agile\.m2\repository\org\seleniumhq\selenium\selenium-remote-driver\3.141.59\selenium-remote-driver-3.141.59.jar;C:\Users\Agile\.m2\repository\org\seleniumhq\selenium\selenium-safari-driver\3.141.59\selenium-safari-driver-3.141.59.jar;C:\Users\Agile\.m2\repository\org\seleniumhq\selenium\selenium-support\3.141.59\selenium-support-3.141.59.jar;C:\Users\Agile\.m2\repository\net\bytebuddy\byte-buddy\1.8.15\byte-buddy-1.8.15.jar;C:\Users\Agile\.m2\repository\org\apache\commons\commons-exec\1.3\commons-exec-1.3.jar;C:\Users\Agile\.m2\repository\com\google\guava\guava\25.0-jre\guava-25.0-jre.jar;C:\Users\Agile\.m2\repository\com\google\code\findbugs\jsr305\1.3.9\jsr305-1.3.9.jar;C:\Users\Agile\.m2\repository\org\checkerframework\checker-compat-qual\2.0.0\checker-compat-qual-2.0.0.jar;C:\Users\Agile\.m2\repository\com\google\errorprone\error_prone_annotations\2.1.3\error_prone_annotations-2.1.3.jar;C:\Users\Agile
Launcher Type: SUN_STANDARD

[Global flags]
     intx CICompilerCount                          = 4                                         {product} {ergonomic}
     uint ConcGCThreads                            = 2                                         {product} {ergonomic}
     uint G1ConcRefinementThreads                  = 8                                         {product} {ergonomic}
   size_t G1HeapRegionSize                         = 2097152                                   {product} {ergonomic}
    uintx GCDrainStackTargetSize                   = 64                                        {product} {ergonomic}
   size_t InitialHeapSize                          = 199229440                                 {product} {ergonomic}
   size_t MarkStackSize                            = 4194304                                   {product} {ergonomic}
   size_t MaxHeapSize                              = 3181379584                                {product} {ergonomic}
   size_t MaxNewSize                               = 1908408320                                {product} {ergonomic}
   size_t MinHeapDeltaBytes                        = 2097152                                   {product} {ergonomic}
   size_t MinHeapSize                              = 8388608                                   {product} {ergonomic}
    uintx NonNMethodCodeHeapSize                   = 5839372                                {pd product} {ergonomic}
    uintx NonProfiledCodeHeapSize                  = 122909434                              {pd product} {ergonomic}
    uintx ProfiledCodeHeapSize                     = 122909434                              {pd product} {ergonomic}
    uintx ReservedCodeCacheSize                    = 251658240                              {pd product} {ergonomic}
     bool SegmentedCodeCache                       = true                                      {product} {ergonomic}
     bool ShowCodeDetailsInExceptionMessages       = true                                   {manageable} {command line}
   size_t SoftMaxHeapSize                          = 3181379584                             {manageable} {ergonomic}
     bool UseCompressedClassPointers               = true                                 {lp64_product} {ergonomic}
     bool UseCompressedOops                        = true                                 {lp64_product} {ergonomic}
     bool UseG1GC                                  = true                                      {product} {ergonomic}
     bool UseLargePagesIndividualAllocation        = false                                  {pd product} {ergonomic}

Logging:
Log output configuration:
 #0: stdout all=warning uptime,level,tags
 #1: stderr all=off uptime,level,tags

Environment Variables:
PATH=C:/Users/Agile/.p2/pool/plugins/org.eclipse.justj.openjdk.hotspot.jre.full.win32.x86_64_15.0.2.v20210201-0955/jre/bin/server;C:/Users/Agile/.p2/pool/plugins/org.eclipse.justj.openjdk.hotspot.jre.full.win32.x86_64_15.0.2.v20210201-0955/jre/bin;C:\WINDOWS\system32;C:\WINDOWS;C:\WINDOWS\System32\Wbem;C:\WINDOWS\System32\WindowsPowerShell\v1.0\;C:\WINDOWS\System32\OpenSSH\;C:\Program Files\Git\cmd;C:\Users\Agile\AppData\Local\Microsoft\WindowsApps;;C:\Users\Agile\AppData\Local\Programs\Microsoft VS Code\bin;C:\Users\Agile\Desktop;
USERNAME=Kenssy
OS=Windows_NT
PROCESSOR_IDENTIFIER=Intel64 Family 6 Model 142 Stepping 11, GenuineIntel



---------------  S Y S T E M  ---------------

OS:
 Windows 10 , 64 bit Build 19041 (10.0.19041.1023)
OS uptime: 1 days 18:49 hours

CPU: total 8 (initial active 8) (4 cores per cpu, 2 threads per core) family 6 model 142 stepping 11 microcode 0xde, cmov, cx8, fxsr, mmx, sse, sse2, sse3, ssse3, sse4.1, sse4.2, popcnt, vzeroupper, avx, avx2, aes, clmul, erms, 3dnowpref, lzcnt, ht, tsc, tscinvbit, bmi1, bmi2, adx, fma, clflush, clflushopt

Memory: 4k page, system-wide physical 12135M (449M free)
TotalPageFile size 48999M (AvailPageFile size 3M)
current process WorkingSet (physical memory assigned to process): 83M, peak: 83M
current process commit charge ("private bytes"): 294M, peak: 295M

vm_info: OpenJDK 64-Bit Server VM (15.0.2+7-27) for windows-amd64 JRE (15.0.2+7-27), built on Dec  7 2020 20:02:38 by "mach5one" with unknown MS VC++:1925

END.
